mode: atomic
github.com/Permify/permify/internal/authn/preshared/authn.go:22.78,23.23 1 7
github.com/Permify/permify/internal/authn/preshared/authn.go:23.23,25.3 1 2
github.com/Permify/permify/internal/authn/preshared/authn.go:26.2,27.29 2 5
github.com/Permify/permify/internal/authn/preshared/authn.go:27.29,29.3 1 10
github.com/Permify/permify/internal/authn/preshared/authn.go:30.2,32.8 1 5
github.com/Permify/permify/internal/authn/preshared/authn.go:36.60,38.16 2 3
github.com/Permify/permify/internal/authn/preshared/authn.go:38.16,40.3 1 1
github.com/Permify/permify/internal/authn/preshared/authn.go:41.2,41.36 1 2
github.com/Permify/permify/internal/authn/preshared/authn.go:41.36,43.3 1 1
github.com/Permify/permify/internal/authn/preshared/authn.go:44.2,44.92 1 1
github.com/Permify/permify/internal/config/config.go:209.35,223.16 6 4
github.com/Permify/permify/internal/config/config.go:223.16,225.66 1 2
github.com/Permify/permify/internal/config/config.go:225.66,228.4 1 1
github.com/Permify/permify/internal/config/config.go:233.2,233.44 1 3
github.com/Permify/permify/internal/config/config.go:233.44,236.3 1 0
github.com/Permify/permify/internal/config/config.go:239.2,239.17 1 3
github.com/Permify/permify/internal/config/config.go:245.53,252.16 4 2
github.com/Permify/permify/internal/config/config.go:252.16,254.3 1 0
github.com/Permify/permify/internal/config/config.go:257.2,259.16 2 2
github.com/Permify/permify/internal/config/config.go:259.16,261.66 1 1
github.com/Permify/permify/internal/config/config.go:261.66,264.4 1 1
github.com/Permify/permify/internal/config/config.go:265.3,265.61 1 0
github.com/Permify/permify/internal/config/config.go:265.61,268.4 1 0
github.com/Permify/permify/internal/config/config.go:273.2,273.44 1 1
github.com/Permify/permify/internal/config/config.go:273.44,276.3 1 0
github.com/Permify/permify/internal/config/config.go:279.2,279.17 1 1
github.com/Permify/permify/internal/config/config.go:283.30,386.2 1 6
github.com/Permify/permify/internal/config/config.go:388.32,390.20 2 4
github.com/Permify/permify/internal/config/config.go:390.20,392.3 1 1
github.com/Permify/permify/internal/config/config.go:393.2,393.12 1 3
github.com/Permify/permify/internal/storage/postgres/snapshot/token.go:31.69,38.2 3 25
github.com/Permify/permify/internal/storage/postgres/snapshot/token.go:41.48,42.22 1 13
github.com/Permify/permify/internal/storage/postgres/snapshot/token.go:42.22,49.3 3 6
github.com/Permify/permify/internal/storage/postgres/snapshot/token.go:52.2,58.3 4 7
github.com/Permify/permify/internal/storage/postgres/snapshot/token.go:62.47,65.2 2 1
github.com/Permify/permify/internal/storage/postgres/snapshot/token.go:68.47,71.2 2 1
github.com/Permify/permify/internal/storage/postgres/snapshot/token.go:74.47,77.2 2 1
github.com/Permify/permify/internal/storage/postgres/snapshot/token.go:80.57,83.16 2 10
github.com/Permify/permify/internal/storage/postgres/snapshot/token.go:83.16,85.3 1 1
github.com/Permify/permify/internal/storage/postgres/snapshot/token.go:88.2,88.17 1 9
github.com/Permify/permify/internal/storage/postgres/snapshot/token.go:88.17,97.3 1 6
github.com/Permify/permify/internal/storage/postgres/snapshot/token.go:100.2,102.21 3 3
github.com/Permify/permify/internal/storage/postgres/snapshot/token.go:102.21,108.17 4 3
github.com/Permify/permify/internal/storage/postgres/snapshot/token.go:108.17,110.4 1 0
github.com/Permify/permify/internal/storage/postgres/snapshot/token.go:112.3,118.9 1 3
github.com/Permify/permify/internal/storage/postgres/snapshot/token.go:122.2,122.48 1 0
github.com/Permify/permify/internal/storage/postgres/snapshot/token.go:126.39,128.2 1 10
github.com/Permify/permify/internal/storage/postgres/snapshot/token.go:132.45,133.22 1 25
github.com/Permify/permify/internal/storage/postgres/snapshot/token.go:133.22,135.3 1 19
github.com/Permify/permify/internal/storage/postgres/snapshot/token.go:137.2,138.20 2 6
github.com/Permify/permify/internal/storage/postgres/snapshot/token.go:138.20,140.3 1 0
github.com/Permify/permify/internal/storage/postgres/snapshot/token.go:142.2,143.16 2 6
github.com/Permify/permify/internal/storage/postgres/snapshot/token.go:143.16,145.3 1 0
github.com/Permify/permify/internal/storage/postgres/snapshot/token.go:146.2,147.16 2 6
github.com/Permify/permify/internal/storage/postgres/snapshot/token.go:147.16,149.3 1 0
github.com/Permify/permify/internal/storage/postgres/snapshot/token.go:151.2,155.39 3 6
github.com/Permify/permify/internal/storage/postgres/snapshot/token.go:155.39,156.55 1 4
github.com/Permify/permify/internal/storage/postgres/snapshot/token.go:156.55,158.20 2 6
github.com/Permify/permify/internal/storage/postgres/snapshot/token.go:158.20,159.13 1 0
github.com/Permify/permify/internal/storage/postgres/snapshot/token.go:161.4,162.18 2 6
github.com/Permify/permify/internal/storage/postgres/snapshot/token.go:162.18,164.5 1 0
github.com/Permify/permify/internal/storage/postgres/snapshot/token.go:165.4,165.34 1 6
github.com/Permify/permify/internal/storage/postgres/snapshot/token.go:171.2,176.30 3 6
github.com/Permify/permify/internal/storage/postgres/snapshot/token.go:176.30,177.18 1 6
github.com/Permify/permify/internal/storage/postgres/snapshot/token.go:177.18,180.9 2 0
github.com/Permify/permify/internal/storage/postgres/snapshot/token.go:182.3,182.17 1 6
github.com/Permify/permify/internal/storage/postgres/snapshot/token.go:182.17,186.9 3 2
github.com/Permify/permify/internal/storage/postgres/snapshot/token.go:189.2,189.15 1 6
github.com/Permify/permify/internal/storage/postgres/snapshot/token.go:189.15,192.3 1 4
github.com/Permify/permify/internal/storage/postgres/snapshot/token.go:195.2,196.21 2 6
github.com/Permify/permify/internal/storage/postgres/snapshot/token.go:196.21,198.3 1 2
github.com/Permify/permify/internal/storage/postgres/snapshot/token.go:201.2,202.20 2 6
github.com/Permify/permify/internal/storage/postgres/snapshot/token.go:202.20,204.3 1 4
github.com/Permify/permify/internal/storage/postgres/snapshot/token.go:207.2,208.30 2 6
github.com/Permify/permify/internal/storage/postgres/snapshot/token.go:208.30,210.3 1 12
github.com/Permify/permify/internal/storage/postgres/snapshot/token.go:212.2,212.78 1 6
github.com/Permify/permify/internal/storage/memory/bundle_reader.go:18.57,22.2 1 14
github.com/Permify/permify/internal/storage/memory/bundle_reader.go:24.110,29.16 5 8
github.com/Permify/permify/internal/storage/memory/bundle_reader.go:29.16,31.3 1 0
github.com/Permify/permify/internal/storage/memory/bundle_reader.go:34.2,35.8 2 8
github.com/Permify/permify/internal/storage/memory/bundle_reader.go:35.8,37.3 1 6
github.com/Permify/permify/internal/storage/memory/bundle_reader.go:40.2,40.77 1 2
github.com/Permify/permify/internal/storage/memory/bundle_writer.go:18.57,22.2 1 14
github.com/Permify/permify/internal/storage/memory/bundle_writer.go:25.105,29.33 3 5
github.com/Permify/permify/internal/storage/memory/bundle_writer.go:29.33,30.67 1 6
github.com/Permify/permify/internal/storage/memory/bundle_writer.go:30.67,32.4 1 0
github.com/Permify/permify/internal/storage/memory/bundle_writer.go:33.3,33.37 1 6
github.com/Permify/permify/internal/storage/memory/bundle_writer.go:36.2,37.19 2 5
github.com/Permify/permify/internal/storage/memory/bundle_writer.go:41.87,46.16 3 1
github.com/Permify/permify/internal/storage/memory/bundle_writer.go:46.16,48.3 1 0
github.com/Permify/permify/internal/storage/memory/bundle_writer.go:50.2,51.16 2 1
github.com/Permify/permify/internal/storage/memory/bundle_writer.go:51.16,53.3 1 0
github.com/Permify/permify/internal/storage/memory/bundle_writer.go:55.2,57.12 2 1
github.com/Permify/permify/internal/storage/memory/data_reader.go:30.53,34.2 1 28
github.com/Permify/permify/internal/storage/memory/data_reader.go:37.191,43.31 4 9
github.com/Permify/permify/internal/storage/memory/data_reader.go:43.31,46.17 3 1
github.com/Permify/permify/internal/storage/memory/data_reader.go:46.17,48.4 1 1
github.com/Permify/permify/internal/storage/memory/data_reader.go:49.3,49.47 1 0
github.com/Permify/permify/internal/storage/memory/data_reader.go:53.2,58.16 4 8
github.com/Permify/permify/internal/storage/memory/data_reader.go:58.16,60.3 1 0
github.com/Permify/permify/internal/storage/memory/data_reader.go:63.2,65.54 3 8
github.com/Permify/permify/internal/storage/memory/data_reader.go:65.54,67.10 2 15
github.com/Permify/permify/internal/storage/memory/data_reader.go:67.10,69.4 1 0
github.com/Permify/permify/internal/storage/memory/data_reader.go:70.3,70.23 1 15
github.com/Permify/permify/internal/storage/memory/data_reader.go:74.2,74.38 1 8
github.com/Permify/permify/internal/storage/memory/data_reader.go:74.38,75.28 1 8
github.com/Permify/permify/internal/storage/memory/data_reader.go:76.20,77.44 1 1
github.com/Permify/permify/internal/storage/memory/data_reader.go:78.21,79.46 1 1
github.com/Permify/permify/internal/storage/memory/data_reader.go:80.11,81.16 1 6
github.com/Permify/permify/internal/storage/memory/data_reader.go:85.2,89.24 4 8
github.com/Permify/permify/internal/storage/memory/data_reader.go:89.24,91.28 1 13
github.com/Permify/permify/internal/storage/memory/data_reader.go:92.20,93.31 1 2
github.com/Permify/permify/internal/storage/memory/data_reader.go:93.31,94.13 1 0
github.com/Permify/permify/internal/storage/memory/data_reader.go:96.21,97.32 1 2
github.com/Permify/permify/internal/storage/memory/data_reader.go:97.32,98.13 1 0
github.com/Permify/permify/internal/storage/memory/data_reader.go:103.3,107.34 3 13
github.com/Permify/permify/internal/storage/memory/data_reader.go:107.34,108.9 1 1
github.com/Permify/permify/internal/storage/memory/data_reader.go:112.2,112.74 1 8
github.com/Permify/permify/internal/storage/memory/data_reader.go:116.230,121.30 4 6
github.com/Permify/permify/internal/storage/memory/data_reader.go:121.30,124.17 3 2
github.com/Permify/permify/internal/storage/memory/data_reader.go:124.17,126.4 1 1
github.com/Permify/permify/internal/storage/memory/data_reader.go:127.3,128.17 2 1
github.com/Permify/permify/internal/storage/memory/data_reader.go:128.17,130.4 1 0
github.com/Permify/permify/internal/storage/memory/data_reader.go:133.2,138.16 4 5
github.com/Permify/permify/internal/storage/memory/data_reader.go:138.16,140.3 1 0
github.com/Permify/permify/internal/storage/memory/data_reader.go:143.2,145.54 3 5
github.com/Permify/permify/internal/storage/memory/data_reader.go:145.54,147.10 2 26
github.com/Permify/permify/internal/storage/memory/data_reader.go:147.10,149.4 1 0
github.com/Permify/permify/internal/storage/memory/data_reader.go:150.3,150.23 1 26
github.com/Permify/permify/internal/storage/memory/data_reader.go:154.2,154.38 1 5
github.com/Permify/permify/internal/storage/memory/data_reader.go:154.38,156.3 1 29
github.com/Permify/permify/internal/storage/memory/data_reader.go:158.2,159.24 2 5
github.com/Permify/permify/internal/storage/memory/data_reader.go:159.24,160.25 1 18
github.com/Permify/permify/internal/storage/memory/data_reader.go:160.25,162.78 2 16
github.com/Permify/permify/internal/storage/memory/data_reader.go:162.78,164.5 1 2
github.com/Permify/permify/internal/storage/memory/data_reader.go:168.2,168.96 1 3
github.com/Permify/permify/internal/storage/memory/data_reader.go:172.158,182.16 6 4
github.com/Permify/permify/internal/storage/memory/data_reader.go:182.16,184.3 1 0
github.com/Permify/permify/internal/storage/memory/data_reader.go:187.2,189.16 3 4
github.com/Permify/permify/internal/storage/memory/data_reader.go:189.16,191.10 2 2
github.com/Permify/permify/internal/storage/memory/data_reader.go:191.10,193.4 1 0
github.com/Permify/permify/internal/storage/memory/data_reader.go:194.3,194.30 1 2
github.com/Permify/permify/internal/storage/memory/data_reader.go:197.2,197.17 1 2
github.com/Permify/permify/internal/storage/memory/data_reader.go:201.202,207.31 4 4
github.com/Permify/permify/internal/storage/memory/data_reader.go:207.31,210.17 3 0
github.com/Permify/permify/internal/storage/memory/data_reader.go:210.17,212.4 1 0
github.com/Permify/permify/internal/storage/memory/data_reader.go:213.3,213.47 1 0
github.com/Permify/permify/internal/storage/memory/data_reader.go:217.2,222.16 4 4
github.com/Permify/permify/internal/storage/memory/data_reader.go:222.16,224.3 1 0
github.com/Permify/permify/internal/storage/memory/data_reader.go:227.2,229.54 3 4
github.com/Permify/permify/internal/storage/memory/data_reader.go:229.54,231.10 2 11
github.com/Permify/permify/internal/storage/memory/data_reader.go:231.10,233.4 1 0
github.com/Permify/permify/internal/storage/memory/data_reader.go:234.3,234.25 1 11
github.com/Permify/permify/internal/storage/memory/data_reader.go:238.2,238.39 1 4
github.com/Permify/permify/internal/storage/memory/data_reader.go:238.39,239.28 1 7
github.com/Permify/permify/internal/storage/memory/data_reader.go:240.20,241.46 1 1
github.com/Permify/permify/internal/storage/memory/data_reader.go:242.11,243.16 1 6
github.com/Permify/permify/internal/storage/memory/data_reader.go:247.2,251.25 4 4
github.com/Permify/permify/internal/storage/memory/data_reader.go:251.25,253.28 1 9
github.com/Permify/permify/internal/storage/memory/data_reader.go:254.20,255.31 1 2
github.com/Permify/permify/internal/storage/memory/data_reader.go:255.31,256.13 1 0
github.com/Permify/permify/internal/storage/memory/data_reader.go:261.3,265.34 3 9
github.com/Permify/permify/internal/storage/memory/data_reader.go:265.34,266.9 1 1
github.com/Permify/permify/internal/storage/memory/data_reader.go:270.2,270.81 1 4
github.com/Permify/permify/internal/storage/memory/data_reader.go:274.235,279.30 4 6
github.com/Permify/permify/internal/storage/memory/data_reader.go:279.30,282.17 3 2
github.com/Permify/permify/internal/storage/memory/data_reader.go:282.17,284.4 1 1
github.com/Permify/permify/internal/storage/memory/data_reader.go:285.3,286.17 2 1
github.com/Permify/permify/internal/storage/memory/data_reader.go:286.17,288.4 1 0
github.com/Permify/permify/internal/storage/memory/data_reader.go:292.2,297.16 4 5
github.com/Permify/permify/internal/storage/memory/data_reader.go:297.16,299.3 1 0
github.com/Permify/permify/internal/storage/memory/data_reader.go:302.2,304.54 3 5
github.com/Permify/permify/internal/storage/memory/data_reader.go:304.54,306.10 2 25
github.com/Permify/permify/internal/storage/memory/data_reader.go:306.10,308.4 1 0
github.com/Permify/permify/internal/storage/memory/data_reader.go:309.3,309.25 1 25
github.com/Permify/permify/internal/storage/memory/data_reader.go:313.2,313.39 1 5
github.com/Permify/permify/internal/storage/memory/data_reader.go:313.39,315.3 1 38
github.com/Permify/permify/internal/storage/memory/data_reader.go:317.2,318.25 2 5
github.com/Permify/permify/internal/storage/memory/data_reader.go:318.25,319.25 1 17
github.com/Permify/permify/internal/storage/memory/data_reader.go:319.25,321.82 2 15
github.com/Permify/permify/internal/storage/memory/data_reader.go:321.82,323.5 1 2
github.com/Permify/permify/internal/storage/memory/data_reader.go:327.2,327.104 1 3
github.com/Permify/permify/internal/storage/memory/data_reader.go:331.251,336.30 4 4
github.com/Permify/permify/internal/storage/memory/data_reader.go:336.30,339.17 3 0
github.com/Permify/permify/internal/storage/memory/data_reader.go:339.17,341.4 1 0
github.com/Permify/permify/internal/storage/memory/data_reader.go:342.3,342.47 1 0
github.com/Permify/permify/internal/storage/memory/data_reader.go:346.2,347.16 2 4
github.com/Permify/permify/internal/storage/memory/data_reader.go:347.16,349.3 1 0
github.com/Permify/permify/internal/storage/memory/data_reader.go:351.2,360.54 3 4
github.com/Permify/permify/internal/storage/memory/data_reader.go:360.54,362.10 2 19
github.com/Permify/permify/internal/storage/memory/data_reader.go:362.10,364.4 1 0
github.com/Permify/permify/internal/storage/memory/data_reader.go:365.3,365.47 1 19
github.com/Permify/permify/internal/storage/memory/data_reader.go:369.2,369.45 1 4
github.com/Permify/permify/internal/storage/memory/data_reader.go:369.45,371.3 1 18
github.com/Permify/permify/internal/storage/memory/data_reader.go:373.2,376.31 3 4
github.com/Permify/permify/internal/storage/memory/data_reader.go:376.31,377.35 1 13
github.com/Permify/permify/internal/storage/memory/data_reader.go:377.35,378.12 1 1
github.com/Permify/permify/internal/storage/memory/data_reader.go:380.3,380.53 1 12
github.com/Permify/permify/internal/storage/memory/data_reader.go:380.53,385.48 3 11
github.com/Permify/permify/internal/storage/memory/data_reader.go:385.48,387.5 1 4
github.com/Permify/permify/internal/storage/memory/data_reader.go:390.4,390.75 1 11
github.com/Permify/permify/internal/storage/memory/data_reader.go:390.75,392.5 1 1
github.com/Permify/permify/internal/storage/memory/data_reader.go:396.2,396.61 1 3
github.com/Permify/permify/internal/storage/memory/data_reader.go:400.89,402.2 1 1
github.com/Permify/permify/internal/storage/memory/data_writer.go:28.53,32.2 1 28
github.com/Permify/permify/internal/storage/memory/data_writer.go:35.191,40.62 4 22
github.com/Permify/permify/internal/storage/memory/data_writer.go:40.62,42.3 1 1
github.com/Permify/permify/internal/storage/memory/data_writer.go:44.2,47.30 3 21
github.com/Permify/permify/internal/storage/memory/data_writer.go:47.30,50.34 3 48
github.com/Permify/permify/internal/storage/memory/data_writer.go:50.34,52.4 1 1
github.com/Permify/permify/internal/storage/memory/data_writer.go:53.3,62.18 1 48
github.com/Permify/permify/internal/storage/memory/data_writer.go:62.18,64.4 1 0
github.com/Permify/permify/internal/storage/memory/data_writer.go:67.2,67.34 1 21
github.com/Permify/permify/internal/storage/memory/data_writer.go:67.34,76.18 2 32
github.com/Permify/permify/internal/storage/memory/data_writer.go:76.18,78.4 1 0
github.com/Permify/permify/internal/storage/memory/data_writer.go:81.2,82.52 2 21
github.com/Permify/permify/internal/storage/memory/data_writer.go:86.167,91.49 4 5
github.com/Permify/permify/internal/storage/memory/data_writer.go:91.49,95.17 4 2
github.com/Permify/permify/internal/storage/memory/data_writer.go:95.17,97.4 1 0
github.com/Permify/permify/internal/storage/memory/data_writer.go:99.3,100.57 2 2
github.com/Permify/permify/internal/storage/memory/data_writer.go:100.57,102.11 2 2
github.com/Permify/permify/internal/storage/memory/data_writer.go:102.11,104.5 1 0
github.com/Permify/permify/internal/storage/memory/data_writer.go:105.4,106.18 2 2
github.com/Permify/permify/internal/storage/memory/data_writer.go:106.18,108.5 1 0
github.com/Permify/permify/internal/storage/memory/data_writer.go:112.2,112.57 1 5
github.com/Permify/permify/internal/storage/memory/data_writer.go:112.57,116.17 4 3
github.com/Permify/permify/internal/storage/memory/data_writer.go:116.17,118.4 1 0
github.com/Permify/permify/internal/storage/memory/data_writer.go:120.3,121.55 2 3
github.com/Permify/permify/internal/storage/memory/data_writer.go:121.55,123.11 2 3
github.com/Permify/permify/internal/storage/memory/data_writer.go:123.11,125.5 1 0
github.com/Permify/permify/internal/storage/memory/data_writer.go:126.4,127.18 2 3
github.com/Permify/permify/internal/storage/memory/data_writer.go:127.18,129.5 1 0
github.com/Permify/permify/internal/storage/memory/data_writer.go:133.2,134.52 2 5
github.com/Permify/permify/internal/storage/memory/data_writer.go:144.35,148.39 3 6
github.com/Permify/permify/internal/storage/memory/data_writer.go:148.39,150.17 2 6
github.com/Permify/permify/internal/storage/memory/data_writer.go:150.17,152.4 1 1
github.com/Permify/permify/internal/storage/memory/data_writer.go:154.3,155.17 2 5
github.com/Permify/permify/internal/storage/memory/data_writer.go:155.17,157.4 1 0
github.com/Permify/permify/internal/storage/memory/data_writer.go:160.2,162.52 2 5
github.com/Permify/permify/internal/storage/memory/data_writer.go:172.15,173.35 1 5
github.com/Permify/permify/internal/storage/memory/data_writer.go:173.35,174.65 1 3
github.com/Permify/permify/internal/storage/memory/data_writer.go:174.65,177.35 3 5
github.com/Permify/permify/internal/storage/memory/data_writer.go:177.35,179.5 1 1
github.com/Permify/permify/internal/storage/memory/data_writer.go:182.4,191.19 1 5
github.com/Permify/permify/internal/storage/memory/data_writer.go:191.19,193.5 1 0
github.com/Permify/permify/internal/storage/memory/data_writer.go:197.2,197.39 1 5
github.com/Permify/permify/internal/storage/memory/data_writer.go:197.39,198.69 1 2
github.com/Permify/permify/internal/storage/memory/data_writer.go:198.69,207.19 2 3
github.com/Permify/permify/internal/storage/memory/data_writer.go:207.19,209.5 1 0
github.com/Permify/permify/internal/storage/memory/data_writer.go:213.2,213.36 1 5
github.com/Permify/permify/internal/storage/memory/data_writer.go:213.36,214.66 1 2
github.com/Permify/permify/internal/storage/memory/data_writer.go:214.66,232.18 6 2
github.com/Permify/permify/internal/storage/memory/data_writer.go:232.18,234.5 1 0
github.com/Permify/permify/internal/storage/memory/data_writer.go:236.4,237.58 2 2
github.com/Permify/permify/internal/storage/memory/data_writer.go:237.58,239.12 2 2
github.com/Permify/permify/internal/storage/memory/data_writer.go:239.12,241.6 1 0
github.com/Permify/permify/internal/storage/memory/data_writer.go:242.5,243.19 2 2
github.com/Permify/permify/internal/storage/memory/data_writer.go:243.19,245.6 1 0
github.com/Permify/permify/internal/storage/memory/data_writer.go:250.2,250.40 1 5
github.com/Permify/permify/internal/storage/memory/data_writer.go:250.40,251.70 1 2
github.com/Permify/permify/internal/storage/memory/data_writer.go:251.70,264.18 6 2
github.com/Permify/permify/internal/storage/memory/data_writer.go:264.18,266.5 1 0
github.com/Permify/permify/internal/storage/memory/data_writer.go:268.4,269.56 2 2
github.com/Permify/permify/internal/storage/memory/data_writer.go:269.56,271.12 2 1
github.com/Permify/permify/internal/storage/memory/data_writer.go:271.12,273.6 1 0
github.com/Permify/permify/internal/storage/memory/data_writer.go:274.5,275.19 2 1
github.com/Permify/permify/internal/storage/memory/data_writer.go:275.19,277.6 1 0
github.com/Permify/permify/internal/storage/memory/data_writer.go:282.2,282.12 1 5
github.com/Permify/permify/internal/storage/memory/schema_reader.go:25.57,29.2 1 20
github.com/Permify/permify/internal/storage/memory/schema_reader.go:32.120,37.16 5 4
github.com/Permify/permify/internal/storage/memory/schema_reader.go:37.16,39.3 1 0
github.com/Permify/permify/internal/storage/memory/schema_reader.go:41.2,42.52 2 4
github.com/Permify/permify/internal/storage/memory/schema_reader.go:42.52,44.3 1 5
github.com/Permify/permify/internal/storage/memory/schema_reader.go:46.2,47.16 2 4
github.com/Permify/permify/internal/storage/memory/schema_reader.go:47.16,49.3 1 0
github.com/Permify/permify/internal/storage/memory/schema_reader.go:51.2,51.17 1 4
github.com/Permify/permify/internal/storage/memory/schema_reader.go:55.120,60.16 5 3
github.com/Permify/permify/internal/storage/memory/schema_reader.go:60.16,62.3 1 0
github.com/Permify/permify/internal/storage/memory/schema_reader.go:64.2,64.52 1 3
github.com/Permify/permify/internal/storage/memory/schema_reader.go:64.52,66.3 1 3
github.com/Permify/permify/internal/storage/memory/schema_reader.go:68.2,68.25 1 3
github.com/Permify/permify/internal/storage/memory/schema_reader.go:72.159,77.16 5 3
github.com/Permify/permify/internal/storage/memory/schema_reader.go:77.16,79.3 1 0
github.com/Permify/permify/internal/storage/memory/schema_reader.go:81.2,82.8 2 3
github.com/Permify/permify/internal/storage/memory/schema_reader.go:82.8,85.17 3 2
github.com/Permify/permify/internal/storage/memory/schema_reader.go:85.17,87.4 1 0
github.com/Permify/permify/internal/storage/memory/schema_reader.go:88.3,89.17 2 2
github.com/Permify/permify/internal/storage/memory/schema_reader.go:89.17,91.4 1 1
github.com/Permify/permify/internal/storage/memory/schema_reader.go:92.3,92.38 1 1
github.com/Permify/permify/internal/storage/memory/schema_reader.go:95.2,95.81 1 1
github.com/Permify/permify/internal/storage/memory/schema_reader.go:99.153,104.16 5 3
github.com/Permify/permify/internal/storage/memory/schema_reader.go:104.16,106.3 1 0
github.com/Permify/permify/internal/storage/memory/schema_reader.go:108.2,109.8 2 3
github.com/Permify/permify/internal/storage/memory/schema_reader.go:109.8,112.17 3 2
github.com/Permify/permify/internal/storage/memory/schema_reader.go:112.17,114.4 1 1
github.com/Permify/permify/internal/storage/memory/schema_reader.go:115.3,116.17 2 1
github.com/Permify/permify/internal/storage/memory/schema_reader.go:116.17,118.4 1 0
github.com/Permify/permify/internal/storage/memory/schema_reader.go:119.3,119.38 1 1
github.com/Permify/permify/internal/storage/memory/schema_reader.go:122.2,122.81 1 1
github.com/Permify/permify/internal/storage/memory/schema_reader.go:126.88,131.9 4 2
github.com/Permify/permify/internal/storage/memory/schema_reader.go:131.9,133.3 1 1
github.com/Permify/permify/internal/storage/memory/schema_reader.go:135.2,135.21 1 1
github.com/Permify/permify/internal/storage/memory/schema_reader.go:139.180,145.16 5 8
github.com/Permify/permify/internal/storage/memory/schema_reader.go:145.16,147.3 1 0
github.com/Permify/permify/internal/storage/memory/schema_reader.go:148.2,149.49 2 8
github.com/Permify/permify/internal/storage/memory/schema_reader.go:149.49,152.10 3 24
github.com/Permify/permify/internal/storage/memory/schema_reader.go:152.10,155.4 2 24
github.com/Permify/permify/internal/storage/memory/schema_reader.go:156.3,156.14 1 0
github.com/Permify/permify/internal/storage/memory/schema_reader.go:158.2,164.30 5 8
github.com/Permify/permify/internal/storage/memory/schema_reader.go:164.30,167.17 3 4
github.com/Permify/permify/internal/storage/memory/schema_reader.go:167.17,169.4 1 1
github.com/Permify/permify/internal/storage/memory/schema_reader.go:170.3,170.47 1 3
github.com/Permify/permify/internal/storage/memory/schema_reader.go:173.2,173.64 1 7
github.com/Permify/permify/internal/storage/memory/schema_reader.go:173.64,175.10 2 24
github.com/Permify/permify/internal/storage/memory/schema_reader.go:175.10,177.4 1 0
github.com/Permify/permify/internal/storage/memory/schema_reader.go:178.3,178.30 1 24
github.com/Permify/permify/internal/storage/memory/schema_reader.go:178.30,180.4 1 3
github.com/Permify/permify/internal/storage/memory/schema_reader.go:181.3,181.44 1 24
github.com/Permify/permify/internal/storage/memory/schema_reader.go:181.44,183.18 2 15
github.com/Permify/permify/internal/storage/memory/schema_reader.go:183.18,185.5 1 1
github.com/Permify/permify/internal/storage/memory/schema_reader.go:186.4,187.89 2 14
github.com/Permify/permify/internal/storage/memory/schema_reader.go:189.3,189.48 1 23
github.com/Permify/permify/internal/storage/memory/schema_reader.go:189.48,191.4 1 3
github.com/Permify/permify/internal/storage/memory/schema_reader.go:194.2,194.65 1 3
github.com/Permify/permify/internal/storage/memory/schema_writer.go:19.13,21.2 1 1
github.com/Permify/permify/internal/storage/memory/schema_writer.go:29.57,33.2 1 20
github.com/Permify/permify/internal/storage/memory/schema_writer.go:36.101,44.41 6 25
github.com/Permify/permify/internal/storage/memory/schema_writer.go:44.41,45.81 1 34
github.com/Permify/permify/internal/storage/memory/schema_writer.go:45.81,47.4 1 0
github.com/Permify/permify/internal/storage/memory/schema_writer.go:48.3,49.31 2 34
github.com/Permify/permify/internal/storage/memory/schema_writer.go:51.2,57.12 5 25
github.com/Permify/permify/internal/storage/memory/tenant_reader.go:23.57,27.2 1 1
github.com/Permify/permify/internal/storage/memory/tenant_reader.go:30.159,35.30 4 2
github.com/Permify/permify/internal/storage/memory/tenant_reader.go:35.30,38.17 3 1
github.com/Permify/permify/internal/storage/memory/tenant_reader.go:38.17,40.4 1 0
github.com/Permify/permify/internal/storage/memory/tenant_reader.go:41.3,41.47 1 1
github.com/Permify/permify/internal/storage/memory/tenant_reader.go:44.2,46.16 3 2
github.com/Permify/permify/internal/storage/memory/tenant_reader.go:46.16,48.3 1 0
github.com/Permify/permify/internal/storage/memory/tenant_reader.go:50.2,51.60 2 2
github.com/Permify/permify/internal/storage/memory/tenant_reader.go:51.60,53.10 2 7
github.com/Permify/permify/internal/storage/memory/tenant_reader.go:53.10,55.4 1 0
github.com/Permify/permify/internal/storage/memory/tenant_reader.go:56.3,57.48 2 7
github.com/Permify/permify/internal/storage/memory/tenant_reader.go:57.48,59.4 1 1
github.com/Permify/permify/internal/storage/memory/tenant_reader.go:62.2,62.65 1 1
github.com/Permify/permify/internal/storage/memory/tenant_writer.go:20.57,24.2 1 11
github.com/Permify/permify/internal/storage/memory/tenant_writer.go:27.106,35.66 4 17
github.com/Permify/permify/internal/storage/memory/tenant_writer.go:35.66,37.3 1 1
github.com/Permify/permify/internal/storage/memory/tenant_writer.go:38.2,39.31 2 16
github.com/Permify/permify/internal/storage/memory/tenant_writer.go:43.85,49.30 4 6
github.com/Permify/permify/internal/storage/memory/tenant_writer.go:49.30,51.3 1 1
github.com/Permify/permify/internal/storage/memory/tenant_writer.go:54.2,62.31 2 5
github.com/Permify/permify/internal/storage/memory/tenant_writer.go:62.31,63.68 1 20
github.com/Permify/permify/internal/storage/memory/tenant_writer.go:63.68,65.24 2 0
github.com/Permify/permify/internal/storage/memory/tenant_writer.go:65.24,67.5 1 0
github.com/Permify/permify/internal/storage/memory/tenant_writer.go:72.2,72.80 1 5
github.com/Permify/permify/internal/storage/memory/tenant_writer.go:72.80,74.3 1 0
github.com/Permify/permify/internal/storage/memory/tenant_writer.go:76.2,77.12 2 5
github.com/Permify/permify/internal/storage/memory/watch.go:17.45,21.2 1 1
github.com/Permify/permify/internal/storage/memory/watch.go:24.96,35.2 6 1
github.com/Permify/permify/internal/storage/proxies/singleflight/data_reader.go:21.61,23.2 1 25
github.com/Permify/permify/internal/storage/proxies/singleflight/data_reader.go:26.190,28.2 1 1
github.com/Permify/permify/internal/storage/proxies/singleflight/data_reader.go:31.236,33.2 1 1
github.com/Permify/permify/internal/storage/proxies/singleflight/data_reader.go:36.150,38.2 1 1
github.com/Permify/permify/internal/storage/proxies/singleflight/data_reader.go:41.195,43.2 1 1
github.com/Permify/permify/internal/storage/proxies/singleflight/data_reader.go:46.241,48.2 1 1
github.com/Permify/permify/internal/storage/proxies/singleflight/data_reader.go:51.258,53.2 1 1
github.com/Permify/permify/internal/storage/proxies/singleflight/data_reader.go:56.98,57.94 1 31
github.com/Permify/permify/internal/storage/proxies/singleflight/data_reader.go:57.94,59.3 1 10
github.com/Permify/permify/internal/storage/proxies/singleflight/data_reader.go:60.2,60.17 1 31
github.com/Permify/permify/internal/storage/proxies/singleflight/schema_reader.go:20.67,22.2 1 23
github.com/Permify/permify/internal/storage/proxies/singleflight/schema_reader.go:25.114,27.2 1 1
github.com/Permify/permify/internal/storage/proxies/singleflight/schema_reader.go:30.122,32.2 1 1
github.com/Permify/permify/internal/storage/proxies/singleflight/schema_reader.go:35.144,37.2 1 1
github.com/Permify/permify/internal/storage/proxies/singleflight/schema_reader.go:40.138,42.2 1 1
github.com/Permify/permify/internal/storage/proxies/singleflight/schema_reader.go:45.102,46.85 1 31
github.com/Permify/permify/internal/storage/proxies/singleflight/schema_reader.go:46.85,48.3 1 12
github.com/Permify/permify/internal/storage/proxies/singleflight/schema_reader.go:49.2,49.17 1 31
github.com/Permify/permify/internal/storage/proxies/singleflight/schema_reader.go:53.182,55.2 1 1
github.com/Permify/permify/internal/engines/cache/check.go:37.16,44.2 1 17
github.com/Permify/permify/internal/engines/cache/check.go:47.149,51.16 3 95
github.com/Permify/permify/internal/engines/cache/check.go:51.16,58.3 1 0
github.com/Permify/permify/internal/engines/cache/check.go:60.2,66.11 3 95
github.com/Permify/permify/internal/engines/cache/check.go:66.11,75.3 2 23
github.com/Permify/permify/internal/engines/cache/check.go:78.2,80.16 2 72
github.com/Permify/permify/internal/engines/cache/check.go:80.16,87.3 1 9
github.com/Permify/permify/internal/engines/cache/check.go:91.2,96.18 2 63
github.com/Permify/permify/internal/engines/cache/check.go:102.135,103.16 1 102
github.com/Permify/permify/internal/engines/cache/check.go:103.16,106.3 1 0
github.com/Permify/permify/internal/engines/cache/check.go:109.2,113.16 3 102
github.com/Permify/permify/internal/engines/cache/check.go:113.16,116.3 1 0
github.com/Permify/permify/internal/engines/cache/check.go:119.2,125.11 3 102
github.com/Permify/permify/internal/engines/cache/check.go:125.11,133.3 1 28
github.com/Permify/permify/internal/engines/cache/check.go:136.2,136.19 1 74
github.com/Permify/permify/internal/engines/cache/check.go:142.139,144.32 1 69
github.com/Permify/permify/internal/engines/cache/check.go:144.32,146.3 1 1
github.com/Permify/permify/internal/engines/cache/check.go:149.2,154.16 3 68
github.com/Permify/permify/internal/engines/cache/check.go:154.16,156.3 1 0
github.com/Permify/permify/internal/engines/cache/check.go:159.2,163.52 2 68
github.com/Permify/permify/internal/storage/context/attributes.go:18.83,22.2 1 4
github.com/Permify/permify/internal/storage/context/attributes.go:27.108,29.23 2 1
github.com/Permify/permify/internal/storage/context/attributes.go:29.23,31.3 1 1
github.com/Permify/permify/internal/storage/context/attributes.go:32.2,32.17 1 0
github.com/Permify/permify/internal/storage/context/attributes.go:37.153,39.47 1 3
github.com/Permify/permify/internal/storage/context/attributes.go:39.47,40.28 1 16
github.com/Permify/permify/internal/storage/context/attributes.go:41.20,42.84 1 12
github.com/Permify/permify/internal/storage/context/attributes.go:43.11,44.16 1 4
github.com/Permify/permify/internal/storage/context/attributes.go:48.2,49.31 2 3
github.com/Permify/permify/internal/storage/context/attributes.go:49.31,51.17 2 1
github.com/Permify/permify/internal/storage/context/attributes.go:51.17,53.4 1 0
github.com/Permify/permify/internal/storage/context/attributes.go:54.3,54.43 1 1
github.com/Permify/permify/internal/storage/context/attributes.go:57.2,58.56 2 3
github.com/Permify/permify/internal/storage/context/attributes.go:62.119,66.41 2 4
github.com/Permify/permify/internal/storage/context/attributes.go:66.41,68.72 1 15
github.com/Permify/permify/internal/storage/context/attributes.go:68.72,69.12 1 2
github.com/Permify/permify/internal/storage/context/attributes.go:73.3,74.62 1 13
github.com/Permify/permify/internal/storage/context/attributes.go:74.62,76.4 1 6
github.com/Permify/permify/internal/storage/context/attributes.go:79.2,79.17 1 4
github.com/Permify/permify/internal/storage/context/attributes.go:83.78,84.15 1 6
github.com/Permify/permify/internal/storage/context/attributes.go:85.19,86.44 1 6
github.com/Permify/permify/internal/storage/context/attributes.go:87.10,89.14 1 0
github.com/Permify/permify/internal/storage/context/attributes.go:94.98,98.2 3 13
github.com/Permify/permify/internal/storage/context/attributes.go:101.78,103.2 1 6
github.com/Permify/permify/internal/storage/context/tuples.go:18.67,22.2 1 7
github.com/Permify/permify/internal/storage/context/tuples.go:27.144,29.43 1 7
github.com/Permify/permify/internal/storage/context/tuples.go:29.43,30.28 1 39
github.com/Permify/permify/internal/storage/context/tuples.go:31.20,32.76 1 8
github.com/Permify/permify/internal/storage/context/tuples.go:33.21,34.78 1 9
github.com/Permify/permify/internal/storage/context/tuples.go:35.11,36.16 1 22
github.com/Permify/permify/internal/storage/context/tuples.go:40.2,41.31 2 7
github.com/Permify/permify/internal/storage/context/tuples.go:41.31,43.17 2 2
github.com/Permify/permify/internal/storage/context/tuples.go:43.17,45.4 1 0
github.com/Permify/permify/internal/storage/context/tuples.go:46.3,46.43 1 2
github.com/Permify/permify/internal/storage/context/tuples.go:50.2,53.52 2 7
github.com/Permify/permify/internal/storage/context/tuples.go:57.103,61.31 2 7
github.com/Permify/permify/internal/storage/context/tuples.go:61.31,63.62 1 41
github.com/Permify/permify/internal/storage/context/tuples.go:63.62,64.12 1 3
github.com/Permify/permify/internal/storage/context/tuples.go:68.3,70.51 1 38
github.com/Permify/permify/internal/storage/context/tuples.go:70.51,72.4 1 18
github.com/Permify/permify/internal/storage/context/tuples.go:75.2,75.17 1 7
github.com/Permify/permify/internal/storage/context/tuples.go:79.69,80.15 1 14
github.com/Permify/permify/internal/storage/context/tuples.go:81.19,82.43 1 7
github.com/Permify/permify/internal/storage/context/tuples.go:83.20,84.44 1 7
github.com/Permify/permify/internal/storage/context/tuples.go:85.10,87.14 1 0
github.com/Permify/permify/internal/storage/context/tuples.go:92.84,96.2 1 38
github.com/Permify/permify/internal/storage/context/tuples.go:99.65,102.2 1 20
github.com/Permify/permify/internal/storage/context/tuples.go:105.77,110.2 1 20
github.com/Permify/permify/internal/validation/validation.go:15.84,17.41 1 13
github.com/Permify/permify/internal/validation/validation.go:17.41,19.3 1 1
github.com/Permify/permify/internal/validation/validation.go:22.2,27.16 4 12
github.com/Permify/permify/internal/validation/validation.go:27.16,29.3 1 2
github.com/Permify/permify/internal/validation/validation.go:32.2,32.48 1 10
github.com/Permify/permify/internal/validation/validation.go:32.48,33.28 1 16
github.com/Permify/permify/internal/validation/validation.go:33.28,35.4 1 10
github.com/Permify/permify/internal/validation/validation.go:35.9,37.4 1 6
github.com/Permify/permify/internal/validation/validation.go:41.2,42.16 2 10
github.com/Permify/permify/internal/validation/validation.go:42.16,44.3 1 4
github.com/Permify/permify/internal/validation/validation.go:47.2,47.12 1 6
github.com/Permify/permify/internal/validation/validation.go:51.69,52.37 1 2
github.com/Permify/permify/internal/validation/validation.go:52.37,54.3 1 1
github.com/Permify/permify/internal/validation/validation.go:55.2,55.12 1 1
github.com/Permify/permify/internal/validation/validation.go:60.104,63.80 1 3
github.com/Permify/permify/internal/validation/validation.go:63.80,66.3 1 2
github.com/Permify/permify/internal/validation/validation.go:69.2,69.12 1 1
github.com/Permify/permify/internal/validation/validation.go:81.101,88.16 3 5
github.com/Permify/permify/internal/validation/validation.go:88.16,90.3 1 1
github.com/Permify/permify/internal/validation/validation.go:94.2,94.111 1 4
github.com/Permify/permify/internal/validation/validation.go:94.111,96.3 1 1
github.com/Permify/permify/internal/validation/validation.go:100.2,101.16 2 3
github.com/Permify/permify/internal/validation/validation.go:101.16,103.3 1 0
github.com/Permify/permify/internal/validation/validation.go:106.2,106.12 1 3
github.com/Permify/permify/internal/validation/validation.go:111.56,113.40 1 10
github.com/Permify/permify/internal/validation/validation.go:113.40,115.3 1 1
github.com/Permify/permify/internal/validation/validation.go:118.2,118.42 1 9
github.com/Permify/permify/internal/validation/validation.go:118.42,120.3 1 1
github.com/Permify/permify/internal/validation/validation.go:123.2,123.32 1 8
github.com/Permify/permify/internal/validation/validation.go:123.32,125.3 1 1
github.com/Permify/permify/internal/validation/validation.go:128.2,128.41 1 7
github.com/Permify/permify/internal/validation/validation.go:128.41,130.3 1 1
github.com/Permify/permify/internal/validation/validation.go:133.2,133.43 1 6
github.com/Permify/permify/internal/validation/validation.go:133.43,135.3 1 1
github.com/Permify/permify/internal/validation/validation.go:138.2,138.45 1 5
github.com/Permify/permify/internal/validation/validation.go:138.45,140.3 1 1
github.com/Permify/permify/internal/validation/validation.go:144.2,144.13 1 4
github.com/Permify/permify/internal/validation/validation.go:149.64,151.40 1 10
github.com/Permify/permify/internal/validation/validation.go:151.40,153.3 1 5
github.com/Permify/permify/internal/validation/validation.go:156.2,156.42 1 5
github.com/Permify/permify/internal/validation/validation.go:156.42,158.3 1 1
github.com/Permify/permify/internal/validation/validation.go:161.2,161.37 1 4
github.com/Permify/permify/internal/validation/validation.go:161.37,163.3 1 1
github.com/Permify/permify/internal/validation/validation.go:166.2,166.13 1 3
github.com/Permify/permify/internal/validation/validation.go:170.56,175.48 2 5
github.com/Permify/permify/internal/validation/validation.go:175.48,177.50 1 3
github.com/Permify/permify/internal/validation/validation.go:177.50,180.4 1 1
github.com/Permify/permify/internal/validation/validation.go:183.3,183.38 1 2
github.com/Permify/permify/internal/validation/validation.go:187.2,190.49 2 4
github.com/Permify/permify/internal/validation/validation.go:190.49,192.51 1 3
github.com/Permify/permify/internal/validation/validation.go:192.51,195.4 1 1
github.com/Permify/permify/internal/validation/validation.go:198.3,198.39 1 2
github.com/Permify/permify/internal/validation/validation.go:202.2,205.45 2 3
github.com/Permify/permify/internal/validation/validation.go:205.45,207.47 1 3
github.com/Permify/permify/internal/validation/validation.go:207.47,210.4 1 1
github.com/Permify/permify/internal/validation/validation.go:213.3,213.35 1 2
github.com/Permify/permify/internal/validation/validation.go:217.2,221.46 2 2
github.com/Permify/permify/internal/validation/validation.go:221.46,223.48 1 3
github.com/Permify/permify/internal/validation/validation.go:223.48,226.4 1 1
github.com/Permify/permify/internal/validation/validation.go:229.3,229.36 1 2
github.com/Permify/permify/internal/validation/validation.go:233.2,233.12 1 1
github.com/Permify/permify/internal/validation/validation.go:237.69,239.24 1 2
github.com/Permify/permify/internal/validation/validation.go:239.24,241.35 1 3
github.com/Permify/permify/internal/validation/validation.go:241.35,244.4 1 1
github.com/Permify/permify/internal/validation/validation.go:247.2,247.12 1 1
github.com/Permify/permify/internal/schema/linked_schema.go:27.71,31.2 1 56
github.com/Permify/permify/internal/schema/linked_schema.go:72.66,74.2 1 1
github.com/Permify/permify/internal/schema/linked_schema.go:89.103,91.16 2 39
github.com/Permify/permify/internal/schema/linked_schema.go:91.16,93.3 1 11
github.com/Permify/permify/internal/schema/linked_schema.go:95.2,95.21 1 28
github.com/Permify/permify/internal/schema/linked_schema.go:113.129,115.31 2 118
github.com/Permify/permify/internal/schema/linked_schema.go:115.31,117.3 1 7
github.com/Permify/permify/internal/schema/linked_schema.go:118.2,121.9 3 111
github.com/Permify/permify/internal/schema/linked_schema.go:121.9,123.3 1 6
github.com/Permify/permify/internal/schema/linked_schema.go:125.2,125.43 1 105
github.com/Permify/permify/internal/schema/linked_schema.go:126.50,128.10 2 42
github.com/Permify/permify/internal/schema/linked_schema.go:128.10,130.4 1 0
github.com/Permify/permify/internal/schema/linked_schema.go:131.3,132.32 2 42
github.com/Permify/permify/internal/schema/linked_schema.go:132.32,134.4 1 26
github.com/Permify/permify/internal/schema/linked_schema.go:135.3,135.70 1 16
github.com/Permify/permify/internal/schema/linked_schema.go:136.49,138.10 2 4
github.com/Permify/permify/internal/schema/linked_schema.go:138.10,140.4 1 1
github.com/Permify/permify/internal/schema/linked_schema.go:141.3,149.9 1 3
github.com/Permify/permify/internal/schema/linked_schema.go:150.48,151.57 1 56
github.com/Permify/permify/internal/schema/linked_schema.go:152.10,153.31 1 3
github.com/Permify/permify/internal/schema/linked_schema.go:171.137,175.9 3 56
github.com/Permify/permify/internal/schema/linked_schema.go:175.9,177.3 1 0
github.com/Permify/permify/internal/schema/linked_schema.go:179.2,180.9 2 56
github.com/Permify/permify/internal/schema/linked_schema.go:180.9,182.3 1 0
github.com/Permify/permify/internal/schema/linked_schema.go:184.2,184.41 1 56
github.com/Permify/permify/internal/schema/linked_schema.go:184.41,192.3 1 35
github.com/Permify/permify/internal/schema/linked_schema.go:194.2,194.55 1 56
github.com/Permify/permify/internal/schema/linked_schema.go:194.55,195.30 1 61
github.com/Permify/permify/internal/schema/linked_schema.go:195.30,200.18 2 5
github.com/Permify/permify/internal/schema/linked_schema.go:200.18,202.5 1 0
github.com/Permify/permify/internal/schema/linked_schema.go:203.4,203.35 1 5
github.com/Permify/permify/internal/schema/linked_schema.go:207.2,207.17 1 56
github.com/Permify/permify/internal/schema/linked_schema.go:228.150,229.36 1 87
github.com/Permify/permify/internal/schema/linked_schema.go:230.33,236.14 5 30
github.com/Permify/permify/internal/schema/linked_schema.go:236.14,238.4 1 0
github.com/Permify/permify/internal/schema/linked_schema.go:240.3,241.14 2 30
github.com/Permify/permify/internal/schema/linked_schema.go:241.14,243.4 1 1
github.com/Permify/permify/internal/schema/linked_schema.go:246.3,248.57 2 29
github.com/Permify/permify/internal/schema/linked_schema.go:248.57,249.81 1 29
github.com/Permify/permify/internal/schema/linked_schema.go:249.81,255.5 1 1
github.com/Permify/permify/internal/schema/linked_schema.go:257.4,265.18 2 29
github.com/Permify/permify/internal/schema/linked_schema.go:265.18,267.5 1 4
github.com/Permify/permify/internal/schema/linked_schema.go:270.4,272.35 2 25
github.com/Permify/permify/internal/schema/linked_schema.go:272.35,274.89 1 23
github.com/Permify/permify/internal/schema/linked_schema.go:274.89,275.77 1 9
github.com/Permify/permify/internal/schema/linked_schema.go:275.77,289.15 5 2
github.com/Permify/permify/internal/schema/linked_schema.go:291.6,296.71 4 7
github.com/Permify/permify/internal/schema/linked_schema.go:296.71,299.21 3 7
github.com/Permify/permify/internal/schema/linked_schema.go:299.21,301.8 1 7
github.com/Permify/permify/internal/schema/linked_schema.go:304.6,304.28 1 7
github.com/Permify/permify/internal/schema/linked_schema.go:304.28,313.15 2 7
github.com/Permify/permify/internal/schema/linked_schema.go:317.5,317.54 1 14
github.com/Permify/permify/internal/schema/linked_schema.go:320.4,320.41 1 25
github.com/Permify/permify/internal/schema/linked_schema.go:322.3,322.18 1 25
github.com/Permify/permify/internal/schema/linked_schema.go:323.34,326.99 2 45
github.com/Permify/permify/internal/schema/linked_schema.go:326.99,331.4 1 9
github.com/Permify/permify/internal/schema/linked_schema.go:333.3,341.17 2 45
github.com/Permify/permify/internal/schema/linked_schema.go:341.17,343.4 1 0
github.com/Permify/permify/internal/schema/linked_schema.go:345.3,349.24 2 45
github.com/Permify/permify/internal/schema/linked_schema.go:350.36,359.24 3 3
github.com/Permify/permify/internal/schema/linked_schema.go:360.23,362.45 2 9
github.com/Permify/permify/internal/schema/linked_schema.go:362.45,364.27 2 9
github.com/Permify/permify/internal/schema/linked_schema.go:364.27,372.5 1 9
github.com/Permify/permify/internal/schema/linked_schema.go:374.3,374.24 1 9
github.com/Permify/permify/internal/schema/linked_schema.go:375.10,376.35 1 0
github.com/Permify/permify/internal/schema/linked_schema.go:395.171,397.46 2 46
github.com/Permify/permify/internal/schema/linked_schema.go:397.46,398.33 1 91
github.com/Permify/permify/internal/schema/linked_schema.go:399.28,401.18 2 20
github.com/Permify/permify/internal/schema/linked_schema.go:401.18,403.5 1 0
github.com/Permify/permify/internal/schema/linked_schema.go:404.25,406.18 2 71
github.com/Permify/permify/internal/schema/linked_schema.go:406.18,408.5 1 1
github.com/Permify/permify/internal/schema/linked_schema.go:409.11,410.50 1 0
github.com/Permify/permify/internal/schema/linked_schema.go:412.3,412.32 1 90
github.com/Permify/permify/internal/schema/linked_schema.go:414.2,414.17 1 45
github.com/Permify/permify/internal/schema/linked_schema.go:419.107,421.13 2 14
github.com/Permify/permify/internal/schema/linked_schema.go:421.13,423.3 1 1
github.com/Permify/permify/internal/schema/linked_schema.go:425.2,425.61 1 13
github.com/Permify/permify/internal/schema/linked_schema.go:425.61,426.57 1 16
github.com/Permify/permify/internal/schema/linked_schema.go:426.57,427.44 1 17
github.com/Permify/permify/internal/schema/linked_schema.go:427.44,429.5 1 9
github.com/Permify/permify/internal/schema/linked_schema.go:433.2,433.84 1 4
github.com/Permify/permify/internal/schema/linked_schema.go:437.130,440.16 2 14
github.com/Permify/permify/internal/schema/linked_schema.go:440.16,448.3 1 9
github.com/Permify/permify/internal/schema/linked_schema.go:451.2,459.21 4 5
github.com/Permify/permify/internal/schema/linked_schema.go:459.21,463.45 3 12
github.com/Permify/permify/internal/schema/linked_schema.go:463.45,465.4 1 2
github.com/Permify/permify/internal/schema/linked_schema.go:467.3,468.14 2 10
github.com/Permify/permify/internal/schema/linked_schema.go:468.14,469.12 1 1
github.com/Permify/permify/internal/schema/linked_schema.go:473.3,473.62 1 9
github.com/Permify/permify/internal/schema/linked_schema.go:473.62,474.58 1 7
github.com/Permify/permify/internal/schema/linked_schema.go:474.58,476.33 2 7
github.com/Permify/permify/internal/schema/linked_schema.go:476.33,491.6 5 7
github.com/Permify/permify/internal/schema/linked_schema.go:496.2,496.62 1 3
github.com/Permify/permify/internal/schema/linked_schema.go:501.120,502.77 1 8
github.com/Permify/permify/internal/schema/linked_schema.go:502.77,503.71 1 7
github.com/Permify/permify/internal/schema/linked_schema.go:503.71,505.63 1 6
github.com/Permify/permify/internal/schema/linked_schema.go:505.63,506.44 1 8
github.com/Permify/permify/internal/schema/linked_schema.go:506.44,508.6 1 4
github.com/Permify/permify/internal/schema/linked_schema.go:512.2,512.11 1 4
github.com/Permify/permify/internal/schema/linked_schema.go:517.101,519.13 2 3
github.com/Permify/permify/internal/schema/linked_schema.go:519.13,521.3 1 0
github.com/Permify/permify/internal/schema/linked_schema.go:523.2,524.13 2 3
github.com/Permify/permify/internal/schema/linked_schema.go:524.13,526.3 1 0
github.com/Permify/permify/internal/schema/linked_schema.go:528.2,532.18 4 3
github.com/Permify/permify/internal/schema/linked_schema.go:532.18,534.3 1 0
github.com/Permify/permify/internal/schema/linked_schema.go:536.2,537.12 2 3
github.com/Permify/permify/internal/schema/linked_schema.go:540.146,541.18 1 5
github.com/Permify/permify/internal/schema/linked_schema.go:541.18,543.3 1 0
github.com/Permify/permify/internal/schema/linked_schema.go:545.2,545.31 1 5
github.com/Permify/permify/internal/schema/linked_schema.go:545.31,546.54 1 1
github.com/Permify/permify/internal/schema/linked_schema.go:546.54,548.4 1 2
github.com/Permify/permify/internal/schema/linked_schema.go:549.3,549.9 1 1
github.com/Permify/permify/internal/schema/linked_schema.go:552.2,553.17 2 4
github.com/Permify/permify/internal/schema/linked_schema.go:553.17,555.3 1 0
github.com/Permify/permify/internal/schema/linked_schema.go:557.2,557.36 1 4
github.com/Permify/permify/internal/schema/linked_schema.go:558.33,561.39 3 3
github.com/Permify/permify/internal/schema/linked_schema.go:561.39,563.4 1 0
github.com/Permify/permify/internal/schema/linked_schema.go:564.3,564.29 1 3
github.com/Permify/permify/internal/schema/linked_schema.go:564.29,566.4 1 1
github.com/Permify/permify/internal/schema/linked_schema.go:567.3,567.34 1 2
github.com/Permify/permify/internal/schema/linked_schema.go:567.34,569.4 1 0
github.com/Permify/permify/internal/schema/linked_schema.go:570.3,571.14 2 2
github.com/Permify/permify/internal/schema/linked_schema.go:571.14,573.4 1 0
github.com/Permify/permify/internal/schema/linked_schema.go:574.3,575.14 2 2
github.com/Permify/permify/internal/schema/linked_schema.go:575.14,577.4 1 0
github.com/Permify/permify/internal/schema/linked_schema.go:579.3,579.54 1 2
github.com/Permify/permify/internal/schema/linked_schema.go:579.54,580.35 1 2
github.com/Permify/permify/internal/schema/linked_schema.go:580.35,584.5 3 1
github.com/Permify/permify/internal/schema/linked_schema.go:586.81,587.9 1 1
github.com/Permify/permify/internal/schema/schema.go:16.109,19.16 2 3
github.com/Permify/permify/internal/schema/schema.go:19.16,22.3 1 0
github.com/Permify/permify/internal/schema/schema.go:24.2,24.59 1 3
github.com/Permify/permify/internal/schema/schema.go:30.132,39.34 2 75
github.com/Permify/permify/internal/schema/schema.go:39.34,41.30 1 195
github.com/Permify/permify/internal/schema/schema.go:41.30,43.4 1 0
github.com/Permify/permify/internal/schema/schema.go:46.3,46.32 1 195
github.com/Permify/permify/internal/schema/schema.go:46.32,48.4 1 0
github.com/Permify/permify/internal/schema/schema.go:51.3,54.74 2 195
github.com/Permify/permify/internal/schema/schema.go:58.2,58.29 1 75
github.com/Permify/permify/internal/schema/schema.go:58.29,60.28 1 4
github.com/Permify/permify/internal/schema/schema.go:60.28,62.4 1 0
github.com/Permify/permify/internal/schema/schema.go:65.3,68.70 2 4
github.com/Permify/permify/internal/schema/schema.go:72.2,72.15 1 75
github.com/Permify/permify/internal/schema/schema.go:75.153,78.16 2 5
github.com/Permify/permify/internal/schema/schema.go:78.16,81.3 1 1
github.com/Permify/permify/internal/schema/schema.go:83.2,83.56 1 4
github.com/Permify/permify/internal/schema/schema.go:89.119,91.55 1 2
github.com/Permify/permify/internal/schema/schema.go:91.55,94.3 1 1
github.com/Permify/permify/internal/schema/schema.go:96.2,96.88 1 1
github.com/Permify/permify/internal/schema/schema.go:103.113,105.53 1 2
github.com/Permify/permify/internal/schema/schema.go:105.53,108.3 1 1
github.com/Permify/permify/internal/schema/schema.go:111.2,111.86 1 1
github.com/Permify/permify/internal/schema/schema.go:117.173,119.58 1 2
github.com/Permify/permify/internal/schema/schema.go:119.58,122.3 1 1
github.com/Permify/permify/internal/schema/schema.go:124.2,124.130 1 1
github.com/Permify/permify/internal/schema/schema.go:130.159,132.59 1 2
github.com/Permify/permify/internal/schema/schema.go:132.59,135.3 1 1
github.com/Permify/permify/internal/schema/schema.go:137.2,137.92 1 1
github.com/Permify/permify/internal/schema/schema.go:143.153,145.57 1 2
github.com/Permify/permify/internal/schema/schema.go:145.57,148.3 1 1
github.com/Permify/permify/internal/schema/schema.go:150.2,150.90 1 1
github.com/Permify/permify/internal/schema/schema.go:156.156,158.58 1 2
github.com/Permify/permify/internal/schema/schema.go:158.58,161.3 1 1
github.com/Permify/permify/internal/schema/schema.go:163.2,163.91 1 1
github.com/Permify/permify/internal/schema/schema.go:168.85,170.54 1 56
github.com/Permify/permify/internal/schema/schema.go:170.54,172.41 1 59
github.com/Permify/permify/internal/schema/schema.go:172.41,174.47 1 35
github.com/Permify/permify/internal/schema/schema.go:174.47,177.5 1 35
github.com/Permify/permify/internal/schema/schema.go:181.2,181.14 1 21
github.com/Permify/permify/internal/schema/walker.go:19.55,24.2 1 13
github.com/Permify/permify/internal/schema/walker.go:30.9,35.33 2 38
github.com/Permify/permify/internal/schema/walker.go:35.33,38.3 1 5
github.com/Permify/permify/internal/schema/walker.go:41.2,45.9 3 33
github.com/Permify/permify/internal/schema/walker.go:45.9,48.3 1 4
github.com/Permify/permify/internal/schema/walker.go:51.2,51.41 1 29
github.com/Permify/permify/internal/schema/walker.go:52.50,55.10 2 19
github.com/Permify/permify/internal/schema/walker.go:55.10,58.4 1 0
github.com/Permify/permify/internal/schema/walker.go:60.3,62.32 2 19
github.com/Permify/permify/internal/schema/walker.go:62.32,64.4 1 10
github.com/Permify/permify/internal/schema/walker.go:66.3,66.49 1 9
github.com/Permify/permify/internal/schema/walker.go:67.48,69.13 1 8
github.com/Permify/permify/internal/schema/walker.go:70.49,72.26 1 1
github.com/Permify/permify/internal/schema/walker.go:73.10,75.77 1 1
github.com/Permify/permify/internal/schema/walker.go:83.9,85.46 1 12
github.com/Permify/permify/internal/schema/walker.go:85.46,87.33 1 22
github.com/Permify/permify/internal/schema/walker.go:88.28,89.72 1 2
github.com/Permify/permify/internal/schema/walker.go:89.72,91.5 1 0
github.com/Permify/permify/internal/schema/walker.go:92.25,93.66 1 20
github.com/Permify/permify/internal/schema/walker.go:93.66,95.5 1 6
github.com/Permify/permify/internal/schema/walker.go:96.11,98.78 1 0
github.com/Permify/permify/internal/schema/walker.go:102.2,102.12 1 6
github.com/Permify/permify/internal/schema/walker.go:109.9,111.2 1 21
github.com/Permify/permify/internal/schema/walker.go:117.9,119.36 1 29
github.com/Permify/permify/internal/schema/walker.go:120.33,127.14 4 13
github.com/Permify/permify/internal/schema/walker.go:127.14,130.4 1 0
github.com/Permify/permify/internal/schema/walker.go:133.3,134.14 2 13
github.com/Permify/permify/internal/schema/walker.go:134.14,137.4 1 1
github.com/Permify/permify/internal/schema/walker.go:140.3,140.57 1 12
github.com/Permify/permify/internal/schema/walker.go:140.57,142.4 1 12
github.com/Permify/permify/internal/schema/walker.go:145.3,145.13 1 0
github.com/Permify/permify/internal/schema/walker.go:146.34,149.62 1 9
github.com/Permify/permify/internal/schema/walker.go:150.36,153.26 1 4
github.com/Permify/permify/internal/schema/walker.go:154.23,157.26 1 3
github.com/Permify/permify/internal/schema/walker.go:158.10,161.30 1 0
github.com/Permify/permify/pkg/attribute/attribute.go:22.59,25.45 2 18
github.com/Permify/permify/pkg/attribute/attribute.go:25.45,28.3 1 1
github.com/Permify/permify/pkg/attribute/attribute.go:31.2,32.45 2 17
github.com/Permify/permify/pkg/attribute/attribute.go:32.45,35.3 1 1
github.com/Permify/permify/pkg/attribute/attribute.go:38.2,39.48 2 16
github.com/Permify/permify/pkg/attribute/attribute.go:39.48,42.3 1 0
github.com/Permify/permify/pkg/attribute/attribute.go:45.2,46.45 2 16
github.com/Permify/permify/pkg/attribute/attribute.go:46.45,49.3 1 1
github.com/Permify/permify/pkg/attribute/attribute.go:52.2,55.14 2 15
github.com/Permify/permify/pkg/attribute/attribute.go:56.17,58.17 2 2
github.com/Permify/permify/pkg/attribute/attribute.go:58.17,60.4 1 1
github.com/Permify/permify/pkg/attribute/attribute.go:61.3,61.46 1 1
github.com/Permify/permify/pkg/attribute/attribute.go:62.19,65.29 3 2
github.com/Permify/permify/pkg/attribute/attribute.go:65.29,67.18 2 3
github.com/Permify/permify/pkg/attribute/attribute.go:67.18,69.5 1 1
github.com/Permify/permify/pkg/attribute/attribute.go:70.4,70.19 1 2
github.com/Permify/permify/pkg/attribute/attribute.go:72.3,72.46 1 1
github.com/Permify/permify/pkg/attribute/attribute.go:73.16,74.42 1 2
github.com/Permify/permify/pkg/attribute/attribute.go:75.18,77.45 2 1
github.com/Permify/permify/pkg/attribute/attribute.go:78.16,80.17 2 2
github.com/Permify/permify/pkg/attribute/attribute.go:80.17,82.4 1 1
github.com/Permify/permify/pkg/attribute/attribute.go:83.3,83.47 1 1
github.com/Permify/permify/pkg/attribute/attribute.go:84.18,87.29 3 2
github.com/Permify/permify/pkg/attribute/attribute.go:87.29,89.18 2 3
github.com/Permify/permify/pkg/attribute/attribute.go:89.18,91.5 1 1
github.com/Permify/permify/pkg/attribute/attribute.go:92.4,92.21 1 2
github.com/Permify/permify/pkg/attribute/attribute.go:94.3,94.45 1 1
github.com/Permify/permify/pkg/attribute/attribute.go:95.17,97.17 2 2
github.com/Permify/permify/pkg/attribute/attribute.go:97.17,99.4 1 1
github.com/Permify/permify/pkg/attribute/attribute.go:100.3,100.52 1 1
github.com/Permify/permify/pkg/attribute/attribute.go:101.19,104.29 3 2
github.com/Permify/permify/pkg/attribute/attribute.go:104.29,106.18 2 3
github.com/Permify/permify/pkg/attribute/attribute.go:106.18,108.5 1 1
github.com/Permify/permify/pkg/attribute/attribute.go:109.4,109.25 1 2
github.com/Permify/permify/pkg/attribute/attribute.go:111.3,111.46 1 1
github.com/Permify/permify/pkg/attribute/attribute.go:112.10,113.30 1 0
github.com/Permify/permify/pkg/attribute/attribute.go:117.2,118.16 2 9
github.com/Permify/permify/pkg/attribute/attribute.go:118.16,120.3 1 0
github.com/Permify/permify/pkg/attribute/attribute.go:123.2,130.8 1 9
github.com/Permify/permify/pkg/attribute/attribute.go:134.49,145.2 4 2
github.com/Permify/permify/pkg/attribute/attribute.go:148.74,157.2 3 2
github.com/Permify/permify/pkg/attribute/attribute.go:160.49,162.2 1 9
github.com/Permify/permify/pkg/attribute/attribute.go:165.120,167.2 1 3
github.com/Permify/permify/pkg/attribute/attribute.go:170.90,171.24 1 3
github.com/Permify/permify/pkg/attribute/attribute.go:171.24,173.33 2 2
github.com/Permify/permify/pkg/attribute/attribute.go:173.33,175.4 1 2
github.com/Permify/permify/pkg/attribute/attribute.go:176.3,176.73 1 2
github.com/Permify/permify/pkg/attribute/attribute.go:178.2,178.24 1 1
github.com/Permify/permify/pkg/attribute/attribute.go:181.41,182.13 1 11
github.com/Permify/permify/pkg/attribute/attribute.go:183.49,184.18 1 1
github.com/Permify/permify/pkg/attribute/attribute.go:185.50,186.19 1 2
github.com/Permify/permify/pkg/attribute/attribute.go:187.50,188.19 1 1
github.com/Permify/permify/pkg/attribute/attribute.go:189.49,190.18 1 2
github.com/Permify/permify/pkg/attribute/attribute.go:191.54,192.20 1 1
github.com/Permify/permify/pkg/attribute/attribute.go:193.55,194.21 1 1
github.com/Permify/permify/pkg/attribute/attribute.go:195.55,196.21 1 1
github.com/Permify/permify/pkg/attribute/attribute.go:197.54,198.20 1 1
github.com/Permify/permify/pkg/attribute/attribute.go:199.10,200.12 1 1
github.com/Permify/permify/pkg/attribute/attribute.go:205.41,209.21 2 10
github.com/Permify/permify/pkg/attribute/attribute.go:210.50,212.50 2 2
github.com/Permify/permify/pkg/attribute/attribute.go:212.50,214.4 1 0
github.com/Permify/permify/pkg/attribute/attribute.go:215.3,215.41 1 2
github.com/Permify/permify/pkg/attribute/attribute.go:216.55,218.50 2 1
github.com/Permify/permify/pkg/attribute/attribute.go:218.50,220.4 1 0
github.com/Permify/permify/pkg/attribute/attribute.go:221.3,222.39 2 1
github.com/Permify/permify/pkg/attribute/attribute.go:222.39,224.4 1 2
github.com/Permify/permify/pkg/attribute/attribute.go:225.3,225.32 1 1
github.com/Permify/permify/pkg/attribute/attribute.go:226.49,228.52 2 1
github.com/Permify/permify/pkg/attribute/attribute.go:228.52,230.4 1 0
github.com/Permify/permify/pkg/attribute/attribute.go:231.3,231.23 1 1
github.com/Permify/permify/pkg/attribute/attribute.go:232.54,234.52 2 1
github.com/Permify/permify/pkg/attribute/attribute.go:234.52,236.4 1 0
github.com/Permify/permify/pkg/attribute/attribute.go:237.3,237.47 1 1
github.com/Permify/permify/pkg/attribute/attribute.go:238.49,240.52 2 2
github.com/Permify/permify/pkg/attribute/attribute.go:240.52,242.4 1 0
github.com/Permify/permify/pkg/attribute/attribute.go:243.3,243.57 1 2
github.com/Permify/permify/pkg/attribute/attribute.go:244.54,246.52 2 1
github.com/Permify/permify/pkg/attribute/attribute.go:246.52,248.4 1 0
github.com/Permify/permify/pkg/attribute/attribute.go:249.3,250.41 2 1
github.com/Permify/permify/pkg/attribute/attribute.go:250.41,252.4 1 2
github.com/Permify/permify/pkg/attribute/attribute.go:253.3,253.32 1 1
github.com/Permify/permify/pkg/attribute/attribute.go:254.50,256.49 2 1
github.com/Permify/permify/pkg/attribute/attribute.go:256.49,258.4 1 0
github.com/Permify/permify/pkg/attribute/attribute.go:259.3,259.39 1 1
github.com/Permify/permify/pkg/attribute/attribute.go:260.55,262.49 2 1
github.com/Permify/permify/pkg/attribute/attribute.go:262.49,264.4 1 0
github.com/Permify/permify/pkg/attribute/attribute.go:265.3,266.38 2 1
github.com/Permify/permify/pkg/attribute/attribute.go:266.38,268.4 1 2
github.com/Permify/permify/pkg/attribute/attribute.go:269.3,269.32 1 1
github.com/Permify/permify/pkg/attribute/attribute.go:270.10,271.21 1 0
github.com/Permify/permify/pkg/attribute/attribute.go:274.2,274.12 1 10
github.com/Permify/permify/pkg/attribute/attribute.go:278.60,279.23 1 9
github.com/Permify/permify/pkg/attribute/attribute.go:280.49,281.19 1 1
github.com/Permify/permify/pkg/attribute/attribute.go:282.55,283.21 1 1
github.com/Permify/permify/pkg/attribute/attribute.go:284.48,285.18 1 1
github.com/Permify/permify/pkg/attribute/attribute.go:286.54,287.20 1 1
github.com/Permify/permify/pkg/attribute/attribute.go:288.48,289.18 1 1
github.com/Permify/permify/pkg/attribute/attribute.go:290.54,291.20 1 1
github.com/Permify/permify/pkg/attribute/attribute.go:292.49,293.19 1 1
github.com/Permify/permify/pkg/attribute/attribute.go:294.55,295.21 1 1
github.com/Permify/permify/pkg/attribute/attribute.go:296.10,297.21 1 1
github.com/Permify/permify/pkg/attribute/attribute.go:309.76,314.23 2 10
github.com/Permify/permify/pkg/attribute/attribute.go:315.49,316.32 1 1
github.com/Permify/permify/pkg/attribute/attribute.go:317.55,318.37 1 2
github.com/Permify/permify/pkg/attribute/attribute.go:319.48,320.31 1 1
github.com/Permify/permify/pkg/attribute/attribute.go:321.54,322.36 1 1
github.com/Permify/permify/pkg/attribute/attribute.go:323.48,324.31 1 1
github.com/Permify/permify/pkg/attribute/attribute.go:325.54,326.36 1 1
github.com/Permify/permify/pkg/attribute/attribute.go:327.49,328.32 1 1
github.com/Permify/permify/pkg/attribute/attribute.go:329.55,330.37 1 1
github.com/Permify/permify/pkg/attribute/attribute.go:331.10,333.73 1 1
github.com/Permify/permify/pkg/attribute/attribute.go:338.2,338.48 1 9
github.com/Permify/permify/pkg/attribute/attribute.go:338.48,340.3 1 1
github.com/Permify/permify/pkg/attribute/attribute.go:343.2,343.12 1 8
github.com/Permify/permify/pkg/balancer/balancer.go:51.45,53.34 2 6
github.com/Permify/permify/pkg/balancer/balancer.go:53.34,56.3 2 5
github.com/Permify/permify/pkg/balancer/balancer.go:58.2,58.46 1 6
github.com/Permify/permify/pkg/balancer/balancer.go:58.46,60.3 1 1
github.com/Permify/permify/pkg/balancer/balancer.go:63.2,66.4 1 5
github.com/Permify/permify/pkg/balancer/balancer.go:69.76,79.29 3 6
github.com/Permify/permify/pkg/balancer/balancer.go:79.29,81.83 2 5
github.com/Permify/permify/pkg/balancer/balancer.go:81.83,96.4 3 0
github.com/Permify/permify/pkg/balancer/balancer.go:100.2,100.25 1 6
github.com/Permify/permify/pkg/balancer/balancer.go:100.25,105.3 4 1
github.com/Permify/permify/pkg/balancer/balancer.go:108.2,109.49 2 5
github.com/Permify/permify/pkg/balancer/balancer.go:109.49,113.48 2 6
github.com/Permify/permify/pkg/balancer/balancer.go:113.48,115.18 2 6
github.com/Permify/permify/pkg/balancer/balancer.go:115.18,121.13 2 1
github.com/Permify/permify/pkg/balancer/balancer.go:124.4,132.6 5 5
github.com/Permify/permify/pkg/balancer/balancer.go:137.2,137.48 1 5
github.com/Permify/permify/pkg/balancer/balancer.go:137.48,140.39 3 7
github.com/Permify/permify/pkg/balancer/balancer.go:140.39,151.4 4 2
github.com/Permify/permify/pkg/balancer/balancer.go:155.2,158.43 2 5
github.com/Permify/permify/pkg/balancer/balancer.go:158.43,160.3 1 5
github.com/Permify/permify/pkg/balancer/balancer.go:163.2,163.41 1 5
github.com/Permify/permify/pkg/balancer/balancer.go:163.41,168.3 4 1
github.com/Permify/permify/pkg/balancer/balancer.go:171.2,171.46 1 4
github.com/Permify/permify/pkg/balancer/balancer.go:171.46,174.3 2 0
github.com/Permify/permify/pkg/balancer/balancer.go:174.8,176.16 2 4
github.com/Permify/permify/pkg/balancer/balancer.go:176.16,178.4 1 0
github.com/Permify/permify/pkg/balancer/balancer.go:179.3,185.4 2 4
github.com/Permify/permify/pkg/balancer/balancer.go:189.2,194.12 3 4
github.com/Permify/permify/pkg/balancer/balancer.go:197.89,205.9 4 12
github.com/Permify/permify/pkg/balancer/balancer.go:205.9,211.3 2 3
github.com/Permify/permify/pkg/balancer/balancer.go:213.2,213.103 1 9
github.com/Permify/permify/pkg/balancer/balancer.go:213.103,214.29 1 2
github.com/Permify/permify/pkg/balancer/balancer.go:214.29,219.4 2 1
github.com/Permify/permify/pkg/balancer/balancer.go:220.3,220.9 1 2
github.com/Permify/permify/pkg/balancer/balancer.go:223.2,224.11 2 7
github.com/Permify/permify/pkg/balancer/balancer.go:225.25,229.15 2 1
github.com/Permify/permify/pkg/balancer/balancer.go:230.29,234.30 2 1
github.com/Permify/permify/pkg/balancer/balancer.go:235.37,240.48 2 2
github.com/Permify/permify/pkg/balancer/balancer.go:243.2,247.88 3 7
github.com/Permify/permify/pkg/balancer/balancer.go:250.29,250.30 0 2
github.com/Permify/permify/pkg/balancer/balancer.go:255.31,258.41 1 5
github.com/Permify/permify/pkg/balancer/balancer.go:258.41,259.33 1 10
github.com/Permify/permify/pkg/balancer/balancer.go:259.33,261.4 1 5
github.com/Permify/permify/pkg/balancer/builder.go:37.54,44.27 2 7
github.com/Permify/permify/pkg/balancer/builder.go:44.27,46.3 1 2
github.com/Permify/permify/pkg/balancer/builder.go:47.2,47.30 1 7
github.com/Permify/permify/pkg/balancer/builder.go:47.30,49.3 1 3
github.com/Permify/permify/pkg/balancer/builder.go:50.2,50.19 1 7
github.com/Permify/permify/pkg/balancer/builder.go:50.19,52.3 1 2
github.com/Permify/permify/pkg/balancer/builder.go:53.2,53.23 1 7
github.com/Permify/permify/pkg/balancer/builder.go:53.23,55.3 1 3
github.com/Permify/permify/pkg/balancer/builder.go:58.2,66.16 3 7
github.com/Permify/permify/pkg/balancer/builder.go:66.16,68.3 1 0
github.com/Permify/permify/pkg/balancer/builder.go:70.2,70.30 1 7
github.com/Permify/permify/pkg/balancer/builder.go:74.47,76.2 1 32
github.com/Permify/permify/pkg/balancer/builder.go:85.43,85.60 1 18377
github.com/Permify/permify/pkg/balancer/builder.go:101.33,101.48 1 3
github.com/Permify/permify/pkg/balancer/builder.go:104.92,117.2 2 14
github.com/Permify/permify/pkg/balancer/builder.go:120.94,123.49 2 120
github.com/Permify/permify/pkg/balancer/builder.go:123.49,125.3 1 2
github.com/Permify/permify/pkg/balancer/builder.go:128.2,134.29 2 118
github.com/Permify/permify/pkg/balancer/builder.go:134.29,136.3 1 5
github.com/Permify/permify/pkg/balancer/builder.go:137.2,137.32 1 118
github.com/Permify/permify/pkg/balancer/builder.go:137.32,139.3 1 106
github.com/Permify/permify/pkg/balancer/builder.go:140.2,140.21 1 118
github.com/Permify/permify/pkg/balancer/builder.go:140.21,142.3 1 115
github.com/Permify/permify/pkg/balancer/builder.go:143.2,143.25 1 118
github.com/Permify/permify/pkg/balancer/builder.go:143.25,145.3 1 116
github.com/Permify/permify/pkg/balancer/builder.go:148.2,152.18 4 118
github.com/Permify/permify/pkg/balancer/picker.go:20.37,22.14 1 49
github.com/Permify/permify/pkg/balancer/picker.go:22.14,25.3 2 0
github.com/Permify/permify/pkg/balancer/picker.go:28.2,29.16 2 49
github.com/Permify/permify/pkg/balancer/picker.go:29.16,33.3 2 0
github.com/Permify/permify/pkg/balancer/picker.go:35.2,35.23 1 49
github.com/Permify/permify/pkg/balancer/picker.go:38.76,41.21 2 1066
github.com/Permify/permify/pkg/balancer/picker.go:41.21,43.3 1 1
github.com/Permify/permify/pkg/balancer/picker.go:44.2,45.9 2 1065
github.com/Permify/permify/pkg/balancer/picker.go:45.9,47.3 1 1
github.com/Permify/permify/pkg/balancer/picker.go:50.2,51.16 2 1064
github.com/Permify/permify/pkg/balancer/picker.go:51.16,53.3 1 7
github.com/Permify/permify/pkg/balancer/picker.go:54.2,54.23 1 1056
github.com/Permify/permify/pkg/balancer/picker.go:54.23,56.3 1 0
github.com/Permify/permify/pkg/balancer/picker.go:59.2,60.17 2 1056
github.com/Permify/permify/pkg/balancer/picker.go:60.17,62.3 1 49
github.com/Permify/permify/pkg/balancer/picker.go:65.2,66.9 2 1056
github.com/Permify/permify/pkg/balancer/picker.go:66.9,68.3 1 0
github.com/Permify/permify/pkg/balancer/picker.go:71.2,71.58 1 1056
github.com/Permify/permify/pkg/bundle/bundle.go:13.138,20.28 3 4
github.com/Permify/permify/pkg/bundle/bundle.go:20.28,23.17 2 3
github.com/Permify/permify/pkg/bundle/bundle.go:23.17,25.4 1 0
github.com/Permify/permify/pkg/bundle/bundle.go:28.3,32.17 3 3
github.com/Permify/permify/pkg/bundle/bundle.go:32.17,34.4 1 0
github.com/Permify/permify/pkg/bundle/bundle.go:37.3,38.17 2 3
github.com/Permify/permify/pkg/bundle/bundle.go:38.17,40.4 1 1
github.com/Permify/permify/pkg/bundle/bundle.go:43.3,43.13 1 2
github.com/Permify/permify/pkg/bundle/bundle.go:47.2,56.29 4 3
github.com/Permify/permify/pkg/bundle/bundle.go:56.29,59.17 2 1
github.com/Permify/permify/pkg/bundle/bundle.go:59.17,61.4 1 0
github.com/Permify/permify/pkg/bundle/bundle.go:64.3,68.17 3 1
github.com/Permify/permify/pkg/bundle/bundle.go:68.17,70.4 1 0
github.com/Permify/permify/pkg/bundle/bundle.go:73.3,74.17 2 1
github.com/Permify/permify/pkg/bundle/bundle.go:74.17,76.4 1 0
github.com/Permify/permify/pkg/bundle/bundle.go:79.3,79.13 1 1
github.com/Permify/permify/pkg/bundle/bundle.go:83.2,92.28 4 3
github.com/Permify/permify/pkg/bundle/bundle.go:92.28,95.17 2 2
github.com/Permify/permify/pkg/bundle/bundle.go:95.17,97.4 1 0
github.com/Permify/permify/pkg/bundle/bundle.go:100.3,104.17 3 2
github.com/Permify/permify/pkg/bundle/bundle.go:104.17,106.4 1 0
github.com/Permify/permify/pkg/bundle/bundle.go:109.3,110.17 2 2
github.com/Permify/permify/pkg/bundle/bundle.go:110.17,112.4 1 0
github.com/Permify/permify/pkg/bundle/bundle.go:115.3,115.13 1 2
github.com/Permify/permify/pkg/bundle/bundle.go:119.2,128.29 4 3
github.com/Permify/permify/pkg/bundle/bundle.go:128.29,131.17 2 2
github.com/Permify/permify/pkg/bundle/bundle.go:131.17,133.4 1 0
github.com/Permify/permify/pkg/bundle/bundle.go:136.3,140.17 3 2
github.com/Permify/permify/pkg/bundle/bundle.go:140.17,142.4 1 0
github.com/Permify/permify/pkg/bundle/bundle.go:145.3,146.17 2 2
github.com/Permify/permify/pkg/bundle/bundle.go:146.17,148.4 1 1
github.com/Permify/permify/pkg/bundle/bundle.go:151.3,151.13 1 1
github.com/Permify/permify/pkg/bundle/bundle.go:155.2,157.20 2 2
github.com/Permify/permify/pkg/cache/ristretto/options.go:7.31,8.28 1 3
github.com/Permify/permify/pkg/cache/ristretto/options.go:8.28,10.3 1 3
github.com/Permify/permify/pkg/cache/ristretto/options.go:14.39,15.28 1 1
github.com/Permify/permify/pkg/cache/ristretto/options.go:15.28,17.3 1 1
github.com/Permify/permify/pkg/cache/ristretto/ristretto.go:18.46,26.27 2 3
github.com/Permify/permify/pkg/cache/ristretto/ristretto.go:26.27,28.3 1 2
github.com/Permify/permify/pkg/cache/ristretto/ristretto.go:30.2,31.16 2 3
github.com/Permify/permify/pkg/cache/ristretto/ristretto.go:31.16,33.3 1 0
github.com/Permify/permify/pkg/cache/ristretto/ristretto.go:35.2,43.16 3 3
github.com/Permify/permify/pkg/cache/ristretto/ristretto.go:47.57,49.2 1 4
github.com/Permify/permify/pkg/cache/ristretto/ristretto.go:52.65,54.2 1 3
github.com/Permify/permify/pkg/cache/ristretto/ristretto.go:57.28,59.2 1 3
github.com/Permify/permify/pkg/cache/ristretto/ristretto.go:62.29,64.2 1 3
github.com/Permify/permify/pkg/consistent/consistent.go:94.37,96.26 1 9
github.com/Permify/permify/pkg/consistent/consistent.go:96.26,97.32 1 0
github.com/Permify/permify/pkg/consistent/consistent.go:101.2,101.32 1 9
github.com/Permify/permify/pkg/consistent/consistent.go:101.32,103.3 1 1
github.com/Permify/permify/pkg/consistent/consistent.go:104.2,104.35 1 9
github.com/Permify/permify/pkg/consistent/consistent.go:104.35,106.3 1 1
github.com/Permify/permify/pkg/consistent/consistent.go:107.2,107.22 1 9
github.com/Permify/permify/pkg/consistent/consistent.go:107.22,109.3 1 1
github.com/Permify/permify/pkg/consistent/consistent.go:110.2,110.29 1 9
github.com/Permify/permify/pkg/consistent/consistent.go:110.29,112.3 1 1
github.com/Permify/permify/pkg/consistent/consistent.go:115.2,124.10 3 9
github.com/Permify/permify/pkg/consistent/consistent.go:130.41,139.35 4 3
github.com/Permify/permify/pkg/consistent/consistent.go:139.35,141.3 1 2
github.com/Permify/permify/pkg/consistent/consistent.go:144.2,144.16 1 3
github.com/Permify/permify/pkg/consistent/consistent.go:149.47,156.2 3 2
github.com/Permify/permify/pkg/consistent/consistent.go:161.53,163.25 1 3254
github.com/Permify/permify/pkg/consistent/consistent.go:163.25,165.3 1 1
github.com/Permify/permify/pkg/consistent/consistent.go:169.2,172.27 2 3253
github.com/Permify/permify/pkg/consistent/consistent.go:182.3,188.6 3 3252
github.com/Permify/permify/pkg/consistent/consistent.go:188.6,193.35 2 12402
github.com/Permify/permify/pkg/consistent/consistent.go:193.35,194.158 1 0
github.com/Permify/permify/pkg/consistent/consistent.go:198.3,207.35 4 12402
github.com/Permify/permify/pkg/consistent/consistent.go:207.35,211.4 3 3252
github.com/Permify/permify/pkg/consistent/consistent.go:214.3,215.37 2 9150
github.com/Permify/permify/pkg/consistent/consistent.go:215.37,218.4 1 0
github.com/Permify/permify/pkg/consistent/consistent.go:224.45,233.78 4 12
github.com/Permify/permify/pkg/consistent/consistent.go:233.78,241.59 3 3252
github.com/Permify/permify/pkg/consistent/consistent.go:241.59,243.4 1 16170
github.com/Permify/permify/pkg/consistent/consistent.go:246.3,246.32 1 3252
github.com/Permify/permify/pkg/consistent/consistent.go:246.32,248.4 1 0
github.com/Permify/permify/pkg/consistent/consistent.go:251.3,251.88 1 3252
github.com/Permify/permify/pkg/consistent/consistent.go:255.2,256.23 2 12
github.com/Permify/permify/pkg/consistent/consistent.go:260.53,262.83 1 12
github.com/Permify/permify/pkg/consistent/consistent.go:262.83,272.3 4 240
github.com/Permify/permify/pkg/consistent/consistent.go:275.2,275.46 1 12
github.com/Permify/permify/pkg/consistent/consistent.go:275.46,277.3 1 1437
github.com/Permify/permify/pkg/consistent/consistent.go:280.2,280.38 1 12
github.com/Permify/permify/pkg/consistent/consistent.go:285.41,291.53 3 13
github.com/Permify/permify/pkg/consistent/consistent.go:291.53,293.3 1 1
github.com/Permify/permify/pkg/consistent/consistent.go:296.2,297.26 2 12
github.com/Permify/permify/pkg/consistent/consistent.go:301.60,302.40 1 20
github.com/Permify/permify/pkg/consistent/consistent.go:302.40,303.34 1 20
github.com/Permify/permify/pkg/consistent/consistent.go:303.34,306.9 2 20
github.com/Permify/permify/pkg/consistent/consistent.go:313.48,319.49 3 1
github.com/Permify/permify/pkg/consistent/consistent.go:319.49,321.3 1 0
github.com/Permify/permify/pkg/consistent/consistent.go:324.2,324.83 1 1
github.com/Permify/permify/pkg/consistent/consistent.go:324.83,334.3 4 20
github.com/Permify/permify/pkg/consistent/consistent.go:337.2,340.25 2 1
github.com/Permify/permify/pkg/consistent/consistent.go:340.25,343.3 2 1
github.com/Permify/permify/pkg/consistent/consistent.go:346.2,346.26 1 0
github.com/Permify/permify/pkg/consistent/consistent.go:351.63,358.46 4 1
github.com/Permify/permify/pkg/consistent/consistent.go:358.46,360.3 1 3
github.com/Permify/permify/pkg/consistent/consistent.go:362.2,362.25 1 1
github.com/Permify/permify/pkg/consistent/consistent.go:367.53,373.2 2 3
github.com/Permify/permify/pkg/consistent/consistent.go:377.64,384.2 3 1
github.com/Permify/permify/pkg/consistent/consistent.go:388.72,391.13 2 2
github.com/Permify/permify/pkg/consistent/consistent.go:391.13,394.3 1 0
github.com/Permify/permify/pkg/consistent/consistent.go:397.2,397.16 1 2
github.com/Permify/permify/pkg/consistent/consistent.go:402.51,408.2 2 1
github.com/Permify/permify/pkg/consistent/consistent.go:412.73,418.28 3 2
github.com/Permify/permify/pkg/consistent/consistent.go:418.28,420.3 1 1
github.com/Permify/permify/pkg/consistent/consistent.go:423.2,432.44 6 1
github.com/Permify/permify/pkg/consistent/consistent.go:432.44,437.44 2 3
github.com/Permify/permify/pkg/consistent/consistent.go:437.44,439.4 1 1
github.com/Permify/permify/pkg/consistent/consistent.go:442.3,443.30 2 3
github.com/Permify/permify/pkg/consistent/consistent.go:447.2,447.47 1 1
github.com/Permify/permify/pkg/consistent/consistent.go:447.47,449.3 1 3
github.com/Permify/permify/pkg/consistent/consistent.go:452.2,453.36 2 1
github.com/Permify/permify/pkg/consistent/consistent.go:453.36,454.33 1 1
github.com/Permify/permify/pkg/consistent/consistent.go:454.33,457.9 3 1
github.com/Permify/permify/pkg/consistent/consistent.go:462.2,462.22 1 1
github.com/Permify/permify/pkg/consistent/consistent.go:462.22,464.3 1 0
github.com/Permify/permify/pkg/consistent/consistent.go:467.2,468.34 2 1
github.com/Permify/permify/pkg/consistent/consistent.go:468.34,471.40 2 1
github.com/Permify/permify/pkg/consistent/consistent.go:471.40,473.4 1 0
[...]
github.com/Permify/permify/internal/storage/postgres/data_writer.go:353.3,354.17 2 1
github.com/Permify/permify/internal/storage/postgres/data_writer.go:354.17,356.4 1 0
github.com/Permify/permify/internal/storage/postgres/data_writer.go:359.2,360.35 2 1
github.com/Permify/permify/internal/storage/postgres/data_writer.go:360.35,362.17 2 9
github.com/Permify/permify/internal/storage/postgres/data_writer.go:362.17,364.18 2 0
github.com/Permify/permify/internal/storage/postgres/data_writer.go:364.18,366.5 1 0
github.com/Permify/permify/internal/storage/postgres/data_writer.go:367.4,367.19 1 0
github.com/Permify/permify/internal/storage/postgres/data_writer.go:371.2,372.16 2 1
github.com/Permify/permify/internal/storage/postgres/data_writer.go:372.16,374.3 1 0
github.com/Permify/permify/internal/storage/postgres/data_writer.go:376.2,376.38 1 1
github.com/Permify/permify/internal/storage/postgres/data_writer.go:376.38,378.3 1 0
github.com/Permify/permify/internal/storage/postgres/data_writer.go:380.2,380.60 1 1
github.com/Permify/permify/internal/storage/postgres/data_writer.go:390.15,392.35 2 1
github.com/Permify/permify/internal/storage/postgres/data_writer.go:392.35,394.17 2 1
github.com/Permify/permify/internal/storage/postgres/data_writer.go:394.17,396.4 1 0
github.com/Permify/permify/internal/storage/postgres/data_writer.go:399.2,399.39 1 1
github.com/Permify/permify/internal/storage/postgres/data_writer.go:399.39,402.17 3 1
github.com/Permify/permify/internal/storage/postgres/data_writer.go:402.17,404.4 1 0
github.com/Permify/permify/internal/storage/postgres/data_writer.go:406.3,407.17 2 1
github.com/Permify/permify/internal/storage/postgres/data_writer.go:407.17,409.4 1 0
github.com/Permify/permify/internal/storage/postgres/data_writer.go:412.2,412.36 1 1
github.com/Permify/permify/internal/storage/postgres/data_writer.go:412.36,415.17 3 1
github.com/Permify/permify/internal/storage/postgres/data_writer.go:415.17,417.4 1 0
github.com/Permify/permify/internal/storage/postgres/data_writer.go:420.2,420.40 1 1
github.com/Permify/permify/internal/storage/postgres/data_writer.go:420.40,423.17 3 1
github.com/Permify/permify/internal/storage/postgres/data_writer.go:423.17,425.4 1 0
github.com/Permify/permify/internal/storage/postgres/data_writer.go:428.2,428.12 1 1
github.com/Permify/permify/internal/storage/postgres/data_writer.go:432.144,434.22 2 17
github.com/Permify/permify/internal/storage/postgres/data_writer.go:434.22,437.34 3 46
github.com/Permify/permify/internal/storage/postgres/data_writer.go:437.34,439.4 1 0
github.com/Permify/permify/internal/storage/postgres/data_writer.go:440.3,443.4 1 46
github.com/Permify/permify/internal/storage/postgres/data_writer.go:445.2,445.12 1 17
github.com/Permify/permify/internal/storage/postgres/data_writer.go:449.130,450.42 1 1
github.com/Permify/permify/internal/storage/postgres/data_writer.go:450.42,456.17 2 1
github.com/Permify/permify/internal/storage/postgres/data_writer.go:456.17,458.4 1 0
github.com/Permify/permify/internal/storage/postgres/data_writer.go:459.3,459.30 1 1
github.com/Permify/permify/internal/storage/postgres/data_writer.go:461.2,461.12 1 1
github.com/Permify/permify/internal/storage/postgres/data_writer.go:465.98,468.22 3 1
github.com/Permify/permify/internal/storage/postgres/data_writer.go:468.22,471.34 3 1
github.com/Permify/permify/internal/storage/postgres/data_writer.go:471.34,473.4 1 0
github.com/Permify/permify/internal/storage/postgres/data_writer.go:474.3,482.51 2 1
github.com/Permify/permify/internal/storage/postgres/data_writer.go:484.2,484.22 1 1
github.com/Permify/permify/internal/storage/postgres/data_writer.go:488.149,490.22 2 16
github.com/Permify/permify/internal/storage/postgres/data_writer.go:490.22,493.17 3 42
github.com/Permify/permify/internal/storage/postgres/data_writer.go:493.17,495.4 1 0
github.com/Permify/permify/internal/storage/postgres/data_writer.go:496.3,500.4 2 42
github.com/Permify/permify/internal/storage/postgres/data_writer.go:502.2,502.12 1 16
github.com/Permify/permify/internal/storage/postgres/data_writer.go:506.127,507.42 1 17
github.com/Permify/permify/internal/storage/postgres/data_writer.go:507.42,513.17 2 43
github.com/Permify/permify/internal/storage/postgres/data_writer.go:513.17,515.4 1 0
github.com/Permify/permify/internal/storage/postgres/data_writer.go:516.3,516.30 1 43
github.com/Permify/permify/internal/storage/postgres/data_writer.go:518.2,518.12 1 17
github.com/Permify/permify/internal/storage/postgres/data_writer.go:522.103,525.22 3 17
github.com/Permify/permify/internal/storage/postgres/data_writer.go:525.22,533.3 3 43
github.com/Permify/permify/internal/storage/postgres/data_writer.go:534.2,534.22 1 17
github.com/Permify/permify/internal/storage/postgres/schema_reader.go:29.59,34.2 1 1
github.com/Permify/permify/internal/storage/postgres/schema_reader.go:37.122,47.16 8 1
github.com/Permify/permify/internal/storage/postgres/schema_reader.go:47.16,49.3 1 0
github.com/Permify/permify/internal/storage/postgres/schema_reader.go:51.2,54.16 4 1
github.com/Permify/permify/internal/storage/postgres/schema_reader.go:54.16,56.3 1 0
github.com/Permify/permify/internal/storage/postgres/schema_reader.go:57.2,60.18 3 1
github.com/Permify/permify/internal/storage/postgres/schema_reader.go:60.18,63.17 3 2
github.com/Permify/permify/internal/storage/postgres/schema_reader.go:63.17,65.4 1 0
github.com/Permify/permify/internal/storage/postgres/schema_reader.go:66.3,66.53 1 2
github.com/Permify/permify/internal/storage/postgres/schema_reader.go:68.2,68.34 1 1
github.com/Permify/permify/internal/storage/postgres/schema_reader.go:68.34,70.3 1 0
github.com/Permify/permify/internal/storage/postgres/schema_reader.go:72.2,74.16 3 1
github.com/Permify/permify/internal/storage/postgres/schema_reader.go:74.16,76.3 1 0
github.com/Permify/permify/internal/storage/postgres/schema_reader.go:78.2,78.17 1 1
github.com/Permify/permify/internal/storage/postgres/schema_reader.go:82.122,92.16 8 0
github.com/Permify/permify/internal/storage/postgres/schema_reader.go:92.16,94.3 1 0
github.com/Permify/permify/internal/storage/postgres/schema_reader.go:96.2,99.16 4 0
github.com/Permify/permify/internal/storage/postgres/schema_reader.go:99.16,101.3 1 0
github.com/Permify/permify/internal/storage/postgres/schema_reader.go:102.2,104.18 2 0
github.com/Permify/permify/internal/storage/postgres/schema_reader.go:104.18,107.17 3 0
github.com/Permify/permify/internal/storage/postgres/schema_reader.go:107.17,109.4 1 0
github.com/Permify/permify/internal/storage/postgres/schema_reader.go:110.3,110.53 1 0
github.com/Permify/permify/internal/storage/postgres/schema_reader.go:112.2,112.34 1 0
github.com/Permify/permify/internal/storage/postgres/schema_reader.go:112.34,114.3 1 0
github.com/Permify/permify/internal/storage/postgres/schema_reader.go:116.2,117.25 2 0
github.com/Permify/permify/internal/storage/postgres/schema_reader.go:121.155,131.16 8 0
github.com/Permify/permify/internal/storage/postgres/schema_reader.go:131.16,133.3 1 0
github.com/Permify/permify/internal/storage/postgres/schema_reader.go:135.2,138.84 4 0
github.com/Permify/permify/internal/storage/postgres/schema_reader.go:138.84,139.36 1 0
github.com/Permify/permify/internal/storage/postgres/schema_reader.go:139.36,141.4 1 0
github.com/Permify/permify/internal/storage/postgres/schema_reader.go:142.3,142.84 1 0
github.com/Permify/permify/internal/storage/postgres/schema_reader.go:145.2,147.16 3 0
github.com/Permify/permify/internal/storage/postgres/schema_reader.go:147.16,149.3 1 0
github.com/Permify/permify/internal/storage/postgres/schema_reader.go:151.2,153.37 3 0
github.com/Permify/permify/internal/storage/postgres/schema_reader.go:157.151,167.16 8 0
github.com/Permify/permify/internal/storage/postgres/schema_reader.go:167.16,169.3 1 0
github.com/Permify/permify/internal/storage/postgres/schema_reader.go:171.2,174.84 4 0
github.com/Permify/permify/internal/storage/postgres/schema_reader.go:174.84,175.36 1 0
github.com/Permify/permify/internal/storage/postgres/schema_reader.go:175.36,177.4 1 0
github.com/Permify/permify/internal/storage/postgres/schema_reader.go:178.3,178.84 1 0
github.com/Permify/permify/internal/storage/postgres/schema_reader.go:181.2,184.16 4 0
github.com/Permify/permify/internal/storage/postgres/schema_reader.go:184.16,186.3 1 0
github.com/Permify/permify/internal/storage/postgres/schema_reader.go:188.2,190.37 3 0
github.com/Permify/permify/internal/storage/postgres/schema_reader.go:194.102,203.16 7 0
github.com/Permify/permify/internal/storage/postgres/schema_reader.go:203.16,205.3 1 0
github.com/Permify/permify/internal/storage/postgres/schema_reader.go:206.2,209.16 4 0
github.com/Permify/permify/internal/storage/postgres/schema_reader.go:209.16,210.36 1 0
github.com/Permify/permify/internal/storage/postgres/schema_reader.go:210.36,212.4 1 0
github.com/Permify/permify/internal/storage/postgres/schema_reader.go:213.3,213.79 1 0
github.com/Permify/permify/internal/storage/postgres/schema_reader.go:216.2,217.21 2 0
github.com/Permify/permify/internal/storage/postgres/schema_reader.go:221.182,228.30 5 0
github.com/Permify/permify/internal/storage/postgres/schema_reader.go:228.30,231.17 3 0
github.com/Permify/permify/internal/storage/postgres/schema_reader.go:231.17,233.4 1 0
github.com/Permify/permify/internal/storage/postgres/schema_reader.go:234.3,234.87 1 0
github.com/Permify/permify/internal/storage/postgres/schema_reader.go:237.2,243.16 5 0
github.com/Permify/permify/internal/storage/postgres/schema_reader.go:243.16,245.3 1 0
github.com/Permify/permify/internal/storage/postgres/schema_reader.go:247.2,250.16 4 0
github.com/Permify/permify/internal/storage/postgres/schema_reader.go:250.16,252.3 1 0
github.com/Permify/permify/internal/storage/postgres/schema_reader.go:253.2,257.18 4 0
github.com/Permify/permify/internal/storage/postgres/schema_reader.go:257.18,260.17 3 0
github.com/Permify/permify/internal/storage/postgres/schema_reader.go:260.17,262.4 1 0
github.com/Permify/permify/internal/storage/postgres/schema_reader.go:263.3,264.17 2 0
github.com/Permify/permify/internal/storage/postgres/schema_reader.go:264.17,266.4 1 0
github.com/Permify/permify/internal/storage/postgres/schema_reader.go:267.3,269.33 3 0
github.com/Permify/permify/internal/storage/postgres/schema_reader.go:271.2,271.34 1 0
github.com/Permify/permify/internal/storage/postgres/schema_reader.go:271.34,273.3 1 0
github.com/Permify/permify/internal/storage/postgres/schema_reader.go:275.2,277.47 2 0
github.com/Permify/permify/internal/storage/postgres/schema_reader.go:277.47,279.3 1 0
github.com/Permify/permify/internal/storage/postgres/schema_reader.go:280.2,280.65 1 0
github.com/Permify/permify/internal/storage/postgres/schema_writer.go:24.59,29.2 1 3
github.com/Permify/permify/internal/storage/postgres/schema_writer.go:32.105,37.33 5 3
github.com/Permify/permify/internal/storage/postgres/schema_writer.go:37.33,39.3 1 5
github.com/Permify/permify/internal/storage/postgres/schema_writer.go:41.2,45.16 4 3
github.com/Permify/permify/internal/storage/postgres/schema_writer.go:45.16,47.3 1 0
github.com/Permify/permify/internal/storage/postgres/schema_writer.go:48.2,50.16 3 3
github.com/Permify/permify/internal/storage/postgres/schema_writer.go:50.16,52.3 1 0
github.com/Permify/permify/internal/storage/postgres/schema_writer.go:54.2,55.12 2 3
github.com/Permify/permify/internal/storage/postgres/tenant_reader.go:27.59,32.2 1 1
github.com/Permify/permify/internal/storage/postgres/tenant_reader.go:35.161,42.30 5 2
github.com/Permify/permify/internal/storage/postgres/tenant_reader.go:42.30,45.17 3 1
github.com/Permify/permify/internal/storage/postgres/tenant_reader.go:45.17,47.4 1 0
github.com/Permify/permify/internal/storage/postgres/tenant_reader.go:48.3,48.82 1 1
github.com/Permify/permify/internal/storage/postgres/tenant_reader.go:51.2,57.16 5 2
github.com/Permify/permify/internal/storage/postgres/tenant_reader.go:57.16,59.3 1 0
github.com/Permify/permify/internal/storage/postgres/tenant_reader.go:61.2,65.16 4 2
github.com/Permify/permify/internal/storage/postgres/tenant_reader.go:65.16,67.3 1 0
github.com/Permify/permify/internal/storage/postgres/tenant_reader.go:68.2,72.18 4 2
github.com/Permify/permify/internal/storage/postgres/tenant_reader.go:72.18,75.17 3 8
github.com/Permify/permify/internal/storage/postgres/tenant_reader.go:75.17,77.4 1 0
github.com/Permify/permify/internal/storage/postgres/tenant_reader.go:78.3,79.43 2 8
github.com/Permify/permify/internal/storage/postgres/tenant_reader.go:81.2,81.34 1 2
github.com/Permify/permify/internal/storage/postgres/tenant_reader.go:81.34,83.3 1 0
github.com/Permify/permify/internal/storage/postgres/tenant_reader.go:85.2,87.47 2 2
github.com/Permify/permify/internal/storage/postgres/tenant_reader.go:87.47,89.3 1 1
github.com/Permify/permify/internal/storage/postgres/tenant_reader.go:91.2,91.65 1 1
github.com/Permify/permify/internal/storage/postgres/tenant_writer.go:29.59,34.2 1 38
github.com/Permify/permify/internal/storage/postgres/tenant_writer.go:37.108,45.16 6 31
github.com/Permify/permify/internal/storage/postgres/tenant_writer.go:45.16,48.54 2 2
github.com/Permify/permify/internal/storage/postgres/tenant_writer.go:48.54,50.4 1 1
github.com/Permify/permify/internal/storage/postgres/tenant_writer.go:51.3,51.85 1 1
github.com/Permify/permify/internal/storage/postgres/tenant_writer.go:54.2,60.8 2 29
github.com/Permify/permify/internal/storage/postgres/tenant_writer.go:64.87,71.16 5 16
github.com/Permify/permify/internal/storage/postgres/tenant_writer.go:71.16,73.3 1 7
github.com/Permify/permify/internal/storage/postgres/tenant_writer.go:74.2,80.16 4 9
github.com/Permify/permify/internal/storage/postgres/tenant_writer.go:80.16,82.3 1 0
github.com/Permify/permify/internal/storage/postgres/tenant_writer.go:83.2,83.13 1 9
github.com/Permify/permify/internal/storage/postgres/tenant_writer.go:83.13,85.3 1 3
github.com/Permify/permify/internal/storage/postgres/tenant_writer.go:88.2,90.31 3 6
github.com/Permify/permify/internal/storage/postgres/tenant_writer.go:90.31,93.3 2 30
github.com/Permify/permify/internal/storage/postgres/tenant_writer.go:94.2,100.19 3 6
github.com/Permify/permify/internal/storage/postgres/tenant_writer.go:100.19,101.37 1 30
github.com/Permify/permify/internal/storage/postgres/tenant_writer.go:101.37,103.23 2 0
github.com/Permify/permify/internal/storage/postgres/tenant_writer.go:103.23,105.5 1 0
github.com/Permify/permify/internal/storage/postgres/tenant_writer.go:106.4,106.81 1 0
github.com/Permify/permify/internal/storage/postgres/tenant_writer.go:111.2,111.36 1 6
github.com/Permify/permify/internal/storage/postgres/tenant_writer.go:111.36,113.22 2 0
github.com/Permify/permify/internal/storage/postgres/tenant_writer.go:113.22,115.4 1 0
github.com/Permify/permify/internal/storage/postgres/tenant_writer.go:116.3,116.80 1 0
github.com/Permify/permify/internal/storage/postgres/tenant_writer.go:119.2,119.34 1 6
github.com/Permify/permify/internal/storage/postgres/tenant_writer.go:119.34,121.3 1 0
github.com/Permify/permify/internal/storage/postgres/tenant_writer.go:123.2,123.38 1 6
github.com/Permify/permify/internal/storage/postgres/tenant_writer.go:123.38,125.3 1 0
github.com/Permify/permify/internal/storage/postgres/tenant_writer.go:127.2,128.12 2 6
github.com/Permify/permify/internal/storage/postgres/watch.go:38.47,43.2 1 23
github.com/Permify/permify/internal/storage/postgres/watch.go:46.108,61.16 9 4
github.com/Permify/permify/internal/storage/postgres/watch.go:61.16,68.3 3 3
github.com/Permify/permify/internal/storage/postgres/watch.go:71.2,71.12 1 1
github.com/Permify/permify/internal/storage/postgres/watch.go:71.12,80.7 4 1
github.com/Permify/permify/internal/storage/postgres/watch.go:80.7,83.18 2 6
github.com/Permify/permify/internal/storage/postgres/watch.go:83.18,89.5 3 1
github.com/Permify/permify/internal/storage/postgres/watch.go:92.4,92.33 1 5
github.com/Permify/permify/internal/storage/postgres/watch.go:92.33,95.19 2 1
github.com/Permify/permify/internal/storage/postgres/watch.go:95.19,100.6 3 0
github.com/Permify/permify/internal/storage/postgres/watch.go:103.5,103.12 1 1
github.com/Permify/permify/internal/storage/postgres/watch.go:104.23,107.12 3 0
github.com/Permify/permify/internal/storage/postgres/watch.go:108.29,109.103 1 1
github.com/Permify/permify/internal/storage/postgres/watch.go:113.5,114.41 2 1
github.com/Permify/permify/internal/storage/postgres/watch.go:117.4,117.27 1 5
github.com/Permify/permify/internal/storage/postgres/watch.go:117.27,118.21 1 4
github.com/Permify/permify/internal/storage/postgres/watch.go:118.21,120.6 1 1
github.com/Permify/permify/internal/storage/postgres/watch.go:120.11,122.6 1 3
github.com/Permify/permify/internal/storage/postgres/watch.go:125.5,125.41 1 4
github.com/Permify/permify/internal/storage/postgres/watch.go:125.41,127.6 1 4
github.com/Permify/permify/internal/storage/postgres/watch.go:127.11,129.6 1 0
github.com/Permify/permify/internal/storage/postgres/watch.go:131.5,131.12 1 4
github.com/Permify/permify/internal/storage/postgres/watch.go:132.23,135.12 3 0
github.com/Permify/permify/internal/storage/postgres/watch.go:136.20,137.78 1 4
github.com/Permify/permify/internal/storage/postgres/watch.go:143.2,146.22 2 1
github.com/Permify/permify/internal/storage/postgres/watch.go:160.102,177.16 5 9
github.com/Permify/permify/internal/storage/postgres/watch.go:177.16,180.3 2 0
github.com/Permify/permify/internal/storage/postgres/watch.go:182.2,186.16 3 9
github.com/Permify/permify/internal/storage/postgres/watch.go:186.16,189.3 2 4
github.com/Permify/permify/internal/storage/postgres/watch.go:190.2,194.18 3 5
github.com/Permify/permify/internal/storage/postgres/watch.go:194.18,197.17 3 1
github.com/Permify/permify/internal/storage/postgres/watch.go:197.17,200.4 2 0
github.com/Permify/permify/internal/storage/postgres/watch.go:201.3,201.27 1 1
github.com/Permify/permify/internal/storage/postgres/watch.go:205.2,206.16 2 5
github.com/Permify/permify/internal/storage/postgres/watch.go:206.16,209.3 2 0
github.com/Permify/permify/internal/storage/postgres/watch.go:211.2,212.18 2 5
github.com/Permify/permify/internal/storage/postgres/watch.go:223.108,239.16 5 7
github.com/Permify/permify/internal/storage/postgres/watch.go:239.16,242.3 2 6
github.com/Permify/permify/internal/storage/postgres/watch.go:244.2,249.16 4 1
github.com/Permify/permify/internal/storage/postgres/watch.go:249.16,252.3 2 0
github.com/Permify/permify/internal/storage/postgres/watch.go:254.2,264.16 4 1
github.com/Permify/permify/internal/storage/postgres/watch.go:264.16,267.3 2 0
github.com/Permify/permify/internal/storage/postgres/watch.go:269.2,273.16 4 1
github.com/Permify/permify/internal/storage/postgres/watch.go:273.16,276.3 2 0
github.com/Permify/permify/internal/storage/postgres/watch.go:278.2,284.19 3 1
github.com/Permify/permify/internal/storage/postgres/watch.go:284.19,290.17 4 2
github.com/Permify/permify/internal/storage/postgres/watch.go:290.17,293.4 2 0
github.com/Permify/permify/internal/storage/postgres/watch.go:296.3,297.36 2 2
github.com/Permify/permify/internal/storage/postgres/watch.go:297.36,299.4 1 0
github.com/Permify/permify/internal/storage/postgres/watch.go:302.3,307.5 1 2
github.com/Permify/permify/internal/storage/postgres/watch.go:311.2,311.19 1 1
github.com/Permify/permify/internal/storage/postgres/watch.go:311.19,320.17 5 3
github.com/Permify/permify/internal/storage/postgres/watch.go:320.17,323.4 2 0
github.com/Permify/permify/internal/storage/postgres/watch.go:326.3,328.17 3 3
github.com/Permify/permify/internal/storage/postgres/watch.go:328.17,331.4 2 0
github.com/Permify/permify/internal/storage/postgres/watch.go:334.3,335.36 2 3
github.com/Permify/permify/internal/storage/postgres/watch.go:335.36,337.4 1 0
github.com/Permify/permify/internal/storage/postgres/watch.go:340.3,345.5 1 3
github.com/Permify/permify/internal/storage/postgres/watch.go:348.2,351.21 2 1
