mode: atomic
github.com/Permify/permify/internal/authn/preshared/authn.go:22.78,23.23 1 7
github.com/Permify/permify/internal/authn/preshared/authn.go:23.23,25.3 1 2
github.com/Permify/permify/internal/authn/preshared/authn.go:26.2,27.29 2 5
github.com/Permify/permify/internal/authn/preshared/authn.go:27.29,29.3 1 10
github.com/Permify/permify/internal/authn/preshared/authn.go:30.2,32.8 1 5
github.com/Permify/permify/internal/authn/preshared/authn.go:36.60,38.16 2 3
github.com/Permify/permify/internal/authn/preshared/authn.go:38.16,40.3 1 1
github.com/Permify/permify/internal/authn/preshared/authn.go:41.2,41.36 1 2
github.com/Permify/permify/internal/authn/preshared/authn.go:41.36,43.3 1 1
github.com/Permify/permify/internal/authn/preshared/authn.go:44.2,44.92 1 1
github.com/Permify/permify/internal/config/config.go:207.35,221.16 6 4
github.com/Permify/permify/internal/config/config.go:221.16,223.66 1 2
github.com/Permify/permify/internal/config/config.go:223.66,226.4 1 1
github.com/Permify/permify/internal/config/config.go:231.2,231.44 1 3
github.com/Permify/permify/internal/config/config.go:231.44,234.3 1 0
github.com/Permify/permify/internal/config/config.go:237.2,237.17 1 3
github.com/Permify/permify/internal/config/config.go:243.53,250.16 4 2
github.com/Permify/permify/internal/config/config.go:250.16,252.3 1 0
github.com/Permify/permify/internal/config/config.go:255.2,257.16 2 2
github.com/Permify/permify/internal/config/config.go:257.16,259.66 1 1
github.com/Permify/permify/internal/config/config.go:259.66,262.4 1 1
github.com/Permify/permify/internal/config/config.go:263.3,263.61 1 0
github.com/Permify/permify/internal/config/config.go:263.61,266.4 1 0
github.com/Permify/permify/internal/config/config.go:271.2,271.44 1 1
github.com/Permify/permify/internal/config/config.go:271.44,274.3 1 0
github.com/Permify/permify/internal/config/config.go:277.2,277.17 1 1
github.com/Permify/permify/internal/config/config.go:281.30,382.2 1 6
github.com/Permify/permify/internal/config/config.go:384.32,386.20 2 4
github.com/Permify/permify/internal/config/config.go:386.20,388.3 1 1
github.com/Permify/permify/internal/config/config.go:389.2,389.12 1 3
github.com/Permify/permify/internal/engines/cache/check.go:37.16,44.2 1 17
github.com/Permify/permify/internal/engines/cache/check.go:47.149,51.16 3 95
github.com/Permify/permify/internal/engines/cache/check.go:51.16,58.3 1 0
github.com/Permify/permify/internal/engines/cache/check.go:60.2,66.11 3 95
github.com/Permify/permify/internal/engines/cache/check.go:66.11,75.3 2 23
github.com/Permify/permify/internal/engines/cache/check.go:78.2,80.16 2 72
github.com/Permify/permify/internal/engines/cache/check.go:80.16,87.3 1 9
github.com/Permify/permify/internal/engines/cache/check.go:91.2,96.18 2 63
github.com/Permify/permify/internal/engines/cache/check.go:102.135,103.16 1 102
github.com/Permify/permify/internal/engines/cache/check.go:103.16,106.3 1 0
github.com/Permify/permify/internal/engines/cache/check.go:109.2,113.16 3 102
github.com/Permify/permify/internal/engines/cache/check.go:113.16,116.3 1 0
github.com/Permify/permify/internal/engines/cache/check.go:119.2,125.11 3 102
github.com/Permify/permify/internal/engines/cache/check.go:125.11,133.3 1 28
github.com/Permify/permify/internal/engines/cache/check.go:136.2,136.19 1 74
github.com/Permify/permify/internal/engines/cache/check.go:142.139,144.32 1 69
github.com/Permify/permify/internal/engines/cache/check.go:144.32,146.3 1 1
github.com/Permify/permify/internal/engines/cache/check.go:149.2,154.16 3 68
github.com/Permify/permify/internal/engines/cache/check.go:154.16,156.3 1 0
github.com/Permify/permify/internal/engines/cache/check.go:159.2,163.52 2 68
github.com/Permify/permify/internal/schema/linked_schema.go:27.71,31.2 1 51
github.com/Permify/permify/internal/schema/linked_schema.go:72.66,74.2 1 1
github.com/Permify/permify/internal/schema/linked_schema.go:89.103,91.16 2 38
github.com/Permify/permify/internal/schema/linked_schema.go:91.16,93.3 1 11
github.com/Permify/permify/internal/schema/linked_schema.go:95.2,95.21 1 27
github.com/Permify/permify/internal/schema/linked_schema.go:113.129,115.31 2 115
github.com/Permify/permify/internal/schema/linked_schema.go:115.31,117.3 1 7
github.com/Permify/permify/internal/schema/linked_schema.go:118.2,121.9 3 108
github.com/Permify/permify/internal/schema/linked_schema.go:121.9,123.3 1 6
github.com/Permify/permify/internal/schema/linked_schema.go:125.2,125.43 1 102
github.com/Permify/permify/internal/schema/linked_schema.go:126.50,128.10 2 39
github.com/Permify/permify/internal/schema/linked_schema.go:128.10,130.4 1 0
github.com/Permify/permify/internal/schema/linked_schema.go:131.3,132.32 2 39
github.com/Permify/permify/internal/schema/linked_schema.go:132.32,134.4 1 26
github.com/Permify/permify/internal/schema/linked_schema.go:135.3,135.70 1 13
github.com/Permify/permify/internal/schema/linked_schema.go:136.49,138.10 2 4
github.com/Permify/permify/internal/schema/linked_schema.go:138.10,140.4 1 1
github.com/Permify/permify/internal/schema/linked_schema.go:141.3,149.9 1 3
github.com/Permify/permify/internal/schema/linked_schema.go:150.48,151.57 1 56
github.com/Permify/permify/internal/schema/linked_schema.go:152.10,153.31 1 3
github.com/Permify/permify/internal/schema/linked_schema.go:171.137,175.9 3 56
github.com/Permify/permify/internal/schema/linked_schema.go:175.9,177.3 1 0
github.com/Permify/permify/internal/schema/linked_schema.go:179.2,180.9 2 56
github.com/Permify/permify/internal/schema/linked_schema.go:180.9,182.3 1 0
github.com/Permify/permify/internal/schema/linked_schema.go:184.2,184.41 1 56
github.com/Permify/permify/internal/schema/linked_schema.go:184.41,192.3 1 35
github.com/Permify/permify/internal/schema/linked_schema.go:194.2,194.55 1 56
github.com/Permify/permify/internal/schema/linked_schema.go:194.55,195.30 1 61
github.com/Permify/permify/internal/schema/linked_schema.go:195.30,200.18 2 5
github.com/Permify/permify/internal/schema/linked_schema.go:200.18,202.5 1 0
github.com/Permify/permify/internal/schema/linked_schema.go:203.4,203.35 1 5
github.com/Permify/permify/internal/schema/linked_schema.go:207.2,207.17 1 56
github.com/Permify/permify/internal/schema/linked_schema.go:228.150,229.36 1 84
github.com/Permify/permify/internal/schema/linked_schema.go:230.33,236.14 5 28
github.com/Permify/permify/internal/schema/linked_schema.go:236.14,238.4 1 0
github.com/Permify/permify/internal/schema/linked_schema.go:240.3,241.14 2 28
github.com/Permify/permify/internal/schema/linked_schema.go:241.14,243.4 1 1
github.com/Permify/permify/internal/schema/linked_schema.go:246.3,248.57 2 27
github.com/Permify/permify/internal/schema/linked_schema.go:248.57,249.81 1 27
github.com/Permify/permify/internal/schema/linked_schema.go:249.81,255.5 1 1
github.com/Permify/permify/internal/schema/linked_schema.go:257.4,265.18 2 27
github.com/Permify/permify/internal/schema/linked_schema.go:265.18,267.5 1 4
github.com/Permify/permify/internal/schema/linked_schema.go:270.4,272.35 2 23
github.com/Permify/permify/internal/schema/linked_schema.go:272.35,273.102 1 21
github.com/Permify/permify/internal/schema/linked_schema.go:273.102,279.71 4 6
github.com/Permify/permify/internal/schema/linked_schema.go:279.71,282.21 3 6
github.com/Permify/permify/internal/schema/linked_schema.go:282.21,284.8 1 6
github.com/Permify/permify/internal/schema/linked_schema.go:287.6,287.28 1 6
github.com/Permify/permify/internal/schema/linked_schema.go:287.28,296.7 1 6
github.com/Permify/permify/internal/schema/linked_schema.go:296.12,299.7 1 0
github.com/Permify/permify/internal/schema/linked_schema.go:300.11,303.6 1 15
github.com/Permify/permify/internal/schema/linked_schema.go:306.4,306.41 1 23
github.com/Permify/permify/internal/schema/linked_schema.go:308.3,308.18 1 23
github.com/Permify/permify/internal/schema/linked_schema.go:309.34,312.99 2 45
github.com/Permify/permify/internal/schema/linked_schema.go:312.99,317.4 1 9
github.com/Permify/permify/internal/schema/linked_schema.go:319.3,327.17 2 45
github.com/Permify/permify/internal/schema/linked_schema.go:327.17,329.4 1 0
github.com/Permify/permify/internal/schema/linked_schema.go:331.3,335.24 2 45
github.com/Permify/permify/internal/schema/linked_schema.go:336.36,345.24 3 2
github.com/Permify/permify/internal/schema/linked_schema.go:346.23,348.45 2 9
github.com/Permify/permify/internal/schema/linked_schema.go:348.45,350.27 2 9
github.com/Permify/permify/internal/schema/linked_schema.go:350.27,358.5 1 9
github.com/Permify/permify/internal/schema/linked_schema.go:360.3,360.24 1 9
github.com/Permify/permify/internal/schema/linked_schema.go:361.10,362.35 1 0
github.com/Permify/permify/internal/schema/linked_schema.go:381.171,383.46 2 46
github.com/Permify/permify/internal/schema/linked_schema.go:383.46,384.33 1 91
github.com/Permify/permify/internal/schema/linked_schema.go:385.28,387.18 2 20
github.com/Permify/permify/internal/schema/linked_schema.go:387.18,389.5 1 0
github.com/Permify/permify/internal/schema/linked_schema.go:390.25,392.18 2 71
github.com/Permify/permify/internal/schema/linked_schema.go:392.18,394.5 1 1
github.com/Permify/permify/internal/schema/linked_schema.go:395.11,396.50 1 0
github.com/Permify/permify/internal/schema/linked_schema.go:398.3,398.32 1 90
github.com/Permify/permify/internal/schema/linked_schema.go:400.2,400.17 1 45
github.com/Permify/permify/internal/schema/linked_schema.go:405.107,407.13 2 13
github.com/Permify/permify/internal/schema/linked_schema.go:407.13,409.3 1 1
github.com/Permify/permify/internal/schema/linked_schema.go:411.2,411.61 1 12
github.com/Permify/permify/internal/schema/linked_schema.go:411.61,412.57 1 13
github.com/Permify/permify/internal/schema/linked_schema.go:412.57,413.44 1 14
github.com/Permify/permify/internal/schema/linked_schema.go:413.44,415.5 1 8
github.com/Permify/permify/internal/schema/linked_schema.go:419.2,419.84 1 4
github.com/Permify/permify/internal/schema/linked_schema.go:423.130,426.16 2 13
github.com/Permify/permify/internal/schema/linked_schema.go:426.16,434.3 1 8
github.com/Permify/permify/internal/schema/linked_schema.go:437.2,445.21 4 5
github.com/Permify/permify/internal/schema/linked_schema.go:445.21,449.45 3 12
github.com/Permify/permify/internal/schema/linked_schema.go:449.45,451.4 1 2
github.com/Permify/permify/internal/schema/linked_schema.go:453.3,454.14 2 10
github.com/Permify/permify/internal/schema/linked_schema.go:454.14,455.12 1 1
github.com/Permify/permify/internal/schema/linked_schema.go:459.3,459.62 1 9
github.com/Permify/permify/internal/schema/linked_schema.go:459.62,460.58 1 7
github.com/Permify/permify/internal/schema/linked_schema.go:460.58,462.33 2 7
github.com/Permify/permify/internal/schema/linked_schema.go:462.33,477.6 5 7
github.com/Permify/permify/internal/schema/linked_schema.go:482.2,482.62 1 3
github.com/Permify/permify/internal/schema/linked_schema.go:487.120,488.77 1 6
github.com/Permify/permify/internal/schema/linked_schema.go:488.77,489.71 1 5
github.com/Permify/permify/internal/schema/linked_schema.go:489.71,491.63 1 4
github.com/Permify/permify/internal/schema/linked_schema.go:491.63,492.44 1 6
github.com/Permify/permify/internal/schema/linked_schema.go:492.44,494.6 1 3
github.com/Permify/permify/internal/schema/linked_schema.go:498.2,498.11 1 3
github.com/Permify/permify/internal/schema/schema.go:16.109,19.16 2 3
github.com/Permify/permify/internal/schema/schema.go:19.16,22.3 1 0
github.com/Permify/permify/internal/schema/schema.go:24.2,24.59 1 3
github.com/Permify/permify/internal/schema/schema.go:30.132,39.34 2 70
github.com/Permify/permify/internal/schema/schema.go:39.34,41.30 1 181
github.com/Permify/permify/internal/schema/schema.go:41.30,43.4 1 0
github.com/Permify/permify/internal/schema/schema.go:46.3,46.32 1 181
github.com/Permify/permify/internal/schema/schema.go:46.32,48.4 1 0
github.com/Permify/permify/internal/schema/schema.go:51.3,54.74 2 181
github.com/Permify/permify/internal/schema/schema.go:58.2,58.29 1 70
github.com/Permify/permify/internal/schema/schema.go:58.29,60.28 1 4
github.com/Permify/permify/internal/schema/schema.go:60.28,62.4 1 0
github.com/Permify/permify/internal/schema/schema.go:65.3,68.70 2 4
github.com/Permify/permify/internal/schema/schema.go:72.2,72.15 1 70
github.com/Permify/permify/internal/schema/schema.go:75.153,78.16 2 5
github.com/Permify/permify/internal/schema/schema.go:78.16,81.3 1 1
github.com/Permify/permify/internal/schema/schema.go:83.2,83.56 1 4
github.com/Permify/permify/internal/schema/schema.go:89.119,91.55 1 2
github.com/Permify/permify/internal/schema/schema.go:91.55,94.3 1 1
github.com/Permify/permify/internal/schema/schema.go:96.2,96.88 1 1
github.com/Permify/permify/internal/schema/schema.go:103.113,105.53 1 2
github.com/Permify/permify/internal/schema/schema.go:105.53,108.3 1 1
github.com/Permify/permify/internal/schema/schema.go:111.2,111.86 1 1
github.com/Permify/permify/internal/schema/schema.go:117.173,119.58 1 2
github.com/Permify/permify/internal/schema/schema.go:119.58,122.3 1 1
github.com/Permify/permify/internal/schema/schema.go:124.2,124.130 1 1
github.com/Permify/permify/internal/schema/schema.go:130.159,132.59 1 2
github.com/Permify/permify/internal/schema/schema.go:132.59,135.3 1 1
github.com/Permify/permify/internal/schema/schema.go:137.2,137.92 1 1
github.com/Permify/permify/internal/schema/schema.go:143.153,145.57 1 2
github.com/Permify/permify/internal/schema/schema.go:145.57,148.3 1 1
github.com/Permify/permify/internal/schema/schema.go:150.2,150.90 1 1
github.com/Permify/permify/internal/schema/schema.go:156.156,158.58 1 2
github.com/Permify/permify/internal/schema/schema.go:158.58,161.3 1 1
github.com/Permify/permify/internal/schema/schema.go:163.2,163.91 1 1
github.com/Permify/permify/internal/schema/schema.go:168.85,170.54 1 56
github.com/Permify/permify/internal/schema/schema.go:170.54,172.41 1 59
github.com/Permify/permify/internal/schema/schema.go:172.41,174.47 1 35
github.com/Permify/permify/internal/schema/schema.go:174.47,177.5 1 35
github.com/Permify/permify/internal/schema/schema.go:181.2,181.14 1 21
github.com/Permify/permify/internal/schema/walker.go:19.55,24.2 1 13
github.com/Permify/permify/internal/schema/walker.go:30.9,35.33 2 38
github.com/Permify/permify/internal/schema/walker.go:35.33,38.3 1 5
github.com/Permify/permify/internal/schema/walker.go:41.2,45.9 3 33
github.com/Permify/permify/internal/schema/walker.go:45.9,48.3 1 4
github.com/Permify/permify/internal/schema/walker.go:51.2,51.41 1 29
github.com/Permify/permify/internal/schema/walker.go:52.50,55.10 2 19
github.com/Permify/permify/internal/schema/walker.go:55.10,58.4 1 0
github.com/Permify/permify/internal/schema/walker.go:60.3,62.32 2 19
github.com/Permify/permify/internal/schema/walker.go:62.32,64.4 1 10
github.com/Permify/permify/internal/schema/walker.go:66.3,66.49 1 9
github.com/Permify/permify/internal/schema/walker.go:67.48,69.13 1 8
github.com/Permify/permify/internal/schema/walker.go:70.49,72.26 1 1
github.com/Permify/permify/internal/schema/walker.go:73.10,75.77 1 1
github.com/Permify/permify/internal/schema/walker.go:83.9,85.46 1 12
github.com/Permify/permify/internal/schema/walker.go:85.46,87.33 1 22
github.com/Permify/permify/internal/schema/walker.go:88.28,89.72 1 2
github.com/Permify/permify/internal/schema/walker.go:89.72,91.5 1 0
github.com/Permify/permify/internal/schema/walker.go:92.25,93.66 1 20
github.com/Permify/permify/internal/schema/walker.go:93.66,95.5 1 6
github.com/Permify/permify/internal/schema/walker.go:96.11,98.78 1 0
github.com/Permify/permify/internal/schema/walker.go:102.2,102.12 1 6
github.com/Permify/permify/internal/schema/walker.go:109.9,111.2 1 21
github.com/Permify/permify/internal/schema/walker.go:117.9,119.36 1 29
github.com/Permify/permify/internal/schema/walker.go:120.33,127.14 4 13
github.com/Permify/permify/internal/schema/walker.go:127.14,130.4 1 0
github.com/Permify/permify/internal/schema/walker.go:133.3,134.14 2 13
github.com/Permify/permify/internal/schema/walker.go:134.14,137.4 1 1
github.com/Permify/permify/internal/schema/walker.go:140.3,140.57 1 12
github.com/Permify/permify/internal/schema/walker.go:140.57,142.4 1 12
github.com/Permify/permify/internal/schema/walker.go:145.3,145.13 1 0
github.com/Permify/permify/internal/schema/walker.go:146.34,149.62 1 9
github.com/Permify/permify/internal/schema/walker.go:150.36,153.26 1 4
github.com/Permify/permify/internal/schema/walker.go:154.23,157.26 1 3
github.com/Permify/permify/internal/schema/walker.go:158.10,161.30 1 0
github.com/Permify/permify/internal/storage/context/attributes.go:18.83,22.2 1 4
github.com/Permify/permify/internal/storage/context/attributes.go:27.108,29.23 2 1
github.com/Permify/permify/internal/storage/context/attributes.go:29.23,31.3 1 1
github.com/Permify/permify/internal/storage/context/attributes.go:32.2,32.17 1 0
github.com/Permify/permify/internal/storage/context/attributes.go:37.153,39.47 1 3
github.com/Permify/permify/internal/storage/context/attributes.go:39.47,40.28 1 16
github.com/Permify/permify/internal/storage/context/attributes.go:41.20,42.84 1 12
github.com/Permify/permify/internal/storage/context/attributes.go:43.11,44.16 1 4
github.com/Permify/permify/internal/storage/context/attributes.go:48.2,49.31 2 3
github.com/Permify/permify/internal/storage/context/attributes.go:49.31,51.17 2 1
github.com/Permify/permify/internal/storage/context/attributes.go:51.17,53.4 1 0
github.com/Permify/permify/internal/storage/context/attributes.go:54.3,54.43 1 1
github.com/Permify/permify/internal/storage/context/attributes.go:57.2,58.56 2 3
github.com/Permify/permify/internal/storage/context/attributes.go:62.119,66.41 2 4
github.com/Permify/permify/internal/storage/context/attributes.go:66.41,68.72 1 15
github.com/Permify/permify/internal/storage/context/attributes.go:68.72,69.12 1 2
github.com/Permify/permify/internal/storage/context/attributes.go:73.3,74.62 1 13
github.com/Permify/permify/internal/storage/context/attributes.go:74.62,76.4 1 6
github.com/Permify/permify/internal/storage/context/attributes.go:79.2,79.17 1 4
github.com/Permify/permify/internal/storage/context/attributes.go:83.78,84.15 1 6
github.com/Permify/permify/internal/storage/context/attributes.go:85.19,86.44 1 6
github.com/Permify/permify/internal/storage/context/attributes.go:87.10,89.14 1 0
github.com/Permify/permify/internal/storage/context/attributes.go:94.98,98.2 3 13
github.com/Permify/permify/internal/storage/context/attributes.go:101.78,103.2 1 6
github.com/Permify/permify/internal/storage/context/tuples.go:18.67,22.2 1 7
github.com/Permify/permify/internal/storage/context/tuples.go:27.144,29.43 1 7
github.com/Permify/permify/internal/storage/context/tuples.go:29.43,30.28 1 39
github.com/Permify/permify/internal/storage/context/tuples.go:31.20,32.76 1 8
github.com/Permify/permify/internal/storage/context/tuples.go:33.21,34.78 1 9
github.com/Permify/permify/internal/storage/context/tuples.go:35.11,36.16 1 22
github.com/Permify/permify/internal/storage/context/tuples.go:40.2,41.31 2 7
github.com/Permify/permify/internal/storage/context/tuples.go:41.31,43.17 2 2
github.com/Permify/permify/internal/storage/context/tuples.go:43.17,45.4 1 0
github.com/Permify/permify/internal/storage/context/tuples.go:46.3,46.43 1 2
github.com/Permify/permify/internal/storage/context/tuples.go:50.2,53.52 2 7
github.com/Permify/permify/internal/storage/context/tuples.go:57.103,61.31 2 7
github.com/Permify/permify/internal/storage/context/tuples.go:61.31,63.62 1 41
github.com/Permify/permify/internal/storage/context/tuples.go:63.62,64.12 1 3
github.com/Permify/permify/internal/storage/context/tuples.go:68.3,70.51 1 38
github.com/Permify/permify/internal/storage/context/tuples.go:70.51,72.4 1 18
github.com/Permify/permify/internal/storage/context/tuples.go:75.2,75.17 1 7
github.com/Permify/permify/internal/storage/context/tuples.go:79.69,80.15 1 14
github.com/Permify/permify/internal/storage/context/tuples.go:81.19,82.43 1 7
github.com/Permify/permify/internal/storage/context/tuples.go:83.20,84.44 1 7
github.com/Permify/permify/internal/storage/context/tuples.go:85.10,87.14 1 0
github.com/Permify/permify/internal/storage/context/tuples.go:92.84,96.2 1 38
github.com/Permify/permify/internal/storage/context/tuples.go:99.65,102.2 1 20
github.com/Permify/permify/internal/storage/context/tuples.go:105.77,110.2 1 20
github.com/Permify/permify/internal/engines/bulk.go:56.51,61.2 1 3
github.com/Permify/permify/internal/engines/bulk.go:130.169,132.16 1 156
github.com/Permify/permify/internal/engines/bulk.go:132.16,134.3 1 1
github.com/Permify/permify/internal/engines/bulk.go:135.2,135.20 1 155
github.com/Permify/permify/internal/engines/bulk.go:135.20,137.3 1 2
github.com/Permify/permify/internal/engines/bulk.go:138.2,138.21 1 153
github.com/Permify/permify/internal/engines/bulk.go:138.21,140.3 1 1
github.com/Permify/permify/internal/engines/bulk.go:143.2,143.34 1 152
github.com/Permify/permify/internal/engines/bulk.go:143.34,145.3 1 1
github.com/Permify/permify/internal/engines/bulk.go:146.2,146.28 1 152
github.com/Permify/permify/internal/engines/bulk.go:146.28,148.3 1 1
github.com/Permify/permify/internal/engines/bulk.go:151.2,169.16 4 152
github.com/Permify/permify/internal/engines/bulk.go:176.42,180.6 2 152
github.com/Permify/permify/internal/engines/bulk.go:180.6,181.10 1 1298
github.com/Permify/permify/internal/engines/bulk.go:182.36,183.11 1 1283
github.com/Permify/permify/internal/engines/bulk.go:183.11,186.5 1 137
github.com/Permify/permify/internal/engines/bulk.go:187.4,187.22 1 1146
github.com/Permify/permify/internal/engines/bulk.go:188.24,190.10 1 5
github.com/Permify/permify/internal/engines/bulk.go:198.59,202.2 3 1146
github.com/Permify/permify/internal/engines/bulk.go:208.49,211.2 2 138
github.com/Permify/permify/internal/engines/bulk.go:217.65,228.2 6 675
github.com/Permify/permify/internal/engines/bulk.go:235.68,236.16 1 677
github.com/Permify/permify/internal/engines/bulk.go:237.29,238.44 1 676
github.com/Permify/permify/internal/engines/bulk.go:238.44,240.4 1 130916
github.com/Permify/permify/internal/engines/bulk.go:241.30,242.44 1 1
github.com/Permify/permify/internal/engines/bulk.go:242.44,244.4 1 3
github.com/Permify/permify/internal/engines/bulk.go:261.59,262.15 1 139
github.com/Permify/permify/internal/engines/bulk.go:262.15,264.3 1 1
github.com/Permify/permify/internal/engines/bulk.go:266.2,270.24 3 138
github.com/Permify/permify/internal/engines/bulk.go:270.24,272.3 1 9
github.com/Permify/permify/internal/engines/bulk.go:275.2,291.31 6 129
github.com/Permify/permify/internal/engines/bulk.go:291.31,293.71 1 1146
github.com/Permify/permify/internal/engines/bulk.go:293.71,294.9 1 0
github.com/Permify/permify/internal/engines/bulk.go:297.3,301.21 3 1146
github.com/Permify/permify/internal/engines/bulk.go:301.21,303.4 1 1146
github.com/Permify/permify/internal/engines/bulk.go:307.2,307.33 1 129
github.com/Permify/permify/internal/engines/bulk.go:307.33,308.26 1 0
github.com/Permify/permify/internal/engines/bulk.go:308.26,310.4 1 0
github.com/Permify/permify/internal/engines/bulk.go:311.3,311.54 1 0
github.com/Permify/permify/internal/engines/bulk.go:314.2,314.12 1 129
github.com/Permify/permify/internal/engines/bulk.go:332.126,334.34 1 1146
github.com/Permify/permify/internal/engines/bulk.go:334.34,336.3 1 0
github.com/Permify/permify/internal/engines/bulk.go:339.2,339.44 1 1146
github.com/Permify/permify/internal/engines/bulk.go:339.44,340.26 1 0
github.com/Permify/permify/internal/engines/bulk.go:340.26,342.4 1 0
github.com/Permify/permify/internal/engines/bulk.go:343.3,343.60 1 0
github.com/Permify/permify/internal/engines/bulk.go:345.2,349.16 3 1146
github.com/Permify/permify/internal/engines/bulk.go:349.16,350.26 1 0
github.com/Permify/permify/internal/engines/bulk.go:350.26,352.4 1 0
github.com/Permify/permify/internal/engines/bulk.go:353.3,353.61 1 0
github.com/Permify/permify/internal/engines/bulk.go:357.2,357.40 1 1146
github.com/Permify/permify/internal/engines/bulk.go:371.112,373.61 1 1148
github.com/Permify/permify/internal/engines/bulk.go:373.61,375.3 1 1
github.com/Permify/permify/internal/engines/bulk.go:378.2,379.16 2 1147
github.com/Permify/permify/internal/engines/bulk.go:379.16,381.3 1 1
github.com/Permify/permify/internal/engines/bulk.go:383.2,383.31 1 1146
github.com/Permify/permify/internal/engines/bulk.go:397.80,405.72 4 1146
github.com/Permify/permify/internal/engines/bulk.go:405.72,407.65 2 1616
github.com/Permify/permify/internal/engines/bulk.go:407.65,408.9 1 896
github.com/Permify/permify/internal/engines/bulk.go:412.3,412.61 1 720
github.com/Permify/permify/internal/engines/bulk.go:412.61,414.84 1 675
github.com/Permify/permify/internal/engines/bulk.go:414.84,416.5 1 138
github.com/Permify/permify/internal/engines/bulk.go:419.4,420.58 2 537
github.com/Permify/permify/internal/engines/bulk.go:424.3,424.37 1 582
github.com/Permify/permify/internal/engines/bulk.go:427.2,427.12 1 1008
github.com/Permify/permify/internal/engines/bulk.go:436.53,440.28 2 537
github.com/Permify/permify/internal/engines/bulk.go:440.28,442.3 1 0
github.com/Permify/permify/internal/engines/bulk.go:444.2,448.16 3 537
github.com/Permify/permify/internal/engines/bulk.go:449.29,451.30 2 537
github.com/Permify/permify/internal/engines/bulk.go:451.30,453.4 1 434
github.com/Permify/permify/internal/engines/bulk.go:454.30,456.30 2 0
github.com/Permify/permify/internal/engines/bulk.go:456.30,458.4 1 0
github.com/Permify/permify/internal/engines/bulk.go:462.2,462.21 1 537
github.com/Permify/permify/internal/engines/bulk.go:471.38,474.2 2 138
github.com/Permify/permify/internal/engines/bulk.go:496.142,501.2 1 139
github.com/Permify/permify/internal/engines/bulk.go:513.155,514.9 1 1147
github.com/Permify/permify/internal/engines/bulk.go:525.4,525.4 0 1146
github.com/Permify/permify/internal/engines/bulk.go:526.34,526.34 0 1
github.com/Permify/permify/internal/engines/bulk.go:551.145,556.2 1 1
github.com/Permify/permify/internal/engines/bulk.go:568.158,569.9 1 1
github.com/Permify/permify/internal/engines/bulk.go:580.4,580.4 0 0
github.com/Permify/permify/internal/engines/bulk.go:581.34,581.34 0 1
github.com/Permify/permify/internal/engines/bulk.go:595.37,597.2 1 6
github.com/Permify/permify/internal/engines/bulk.go:609.65,611.2 1 3
github.com/Permify/permify/internal/engines/check.go:38.103,47.27 2 63
github.com/Permify/permify/internal/engines/check.go:47.27,49.3 1 1
github.com/Permify/permify/internal/engines/check.go:51.2,51.15 1 63
github.com/Permify/permify/internal/engines/check.go:55.61,57.2 1 63
github.com/Permify/permify/internal/engines/check.go:63.145,69.16 4 4059
github.com/Permify/permify/internal/engines/check.go:69.16,71.3 1 0
github.com/Permify/permify/internal/engines/check.go:74.2,76.16 3 4059
github.com/Permify/permify/internal/engines/check.go:76.16,78.3 1 447
github.com/Permify/permify/internal/engines/check.go:80.2,83.8 1 3612
github.com/Permify/permify/internal/engines/check.go:101.87,102.74 1 2779
github.com/Permify/permify/internal/engines/check.go:102.74,104.3 1 2727
github.com/Permify/permify/internal/engines/check.go:112.17,114.103 1 4059
github.com/Permify/permify/internal/engines/check.go:114.103,115.75 1 1
github.com/Permify/permify/internal/engines/check.go:115.75,117.4 1 1
github.com/Permify/permify/internal/engines/check.go:121.2,127.13 3 4058
github.com/Permify/permify/internal/engines/check.go:128.50,131.17 2 1472
github.com/Permify/permify/internal/engines/check.go:131.17,134.4 1 0
github.com/Permify/permify/internal/engines/check.go:136.3,140.32 2 1472
github.com/Permify/permify/internal/engines/check.go:140.32,142.4 1 1133
github.com/Permify/permify/internal/engines/check.go:142.9,144.4 1 339
github.com/Permify/permify/internal/engines/check.go:145.49,147.44 1 15
github.com/Permify/permify/internal/engines/check.go:148.48,150.43 1 2432
github.com/Permify/permify/internal/engines/check.go:151.10,152.39 1 139
github.com/Permify/permify/internal/engines/check.go:156.2,156.15 1 4058
github.com/Permify/permify/internal/engines/check.go:156.15,158.3 1 0
github.com/Permify/permify/internal/engines/check.go:161.2,161.74 1 4058
github.com/Permify/permify/internal/engines/check.go:161.74,163.3 1 4058
github.com/Permify/permify/internal/engines/check.go:168.137,170.39 1 1281
github.com/Permify/permify/internal/engines/check.go:173.44,174.74 1 983
github.com/Permify/permify/internal/engines/check.go:177.51,178.81 1 289
github.com/Permify/permify/internal/engines/check.go:181.48,182.78 1 9
github.com/Permify/permify/internal/engines/check.go:184.10,185.88 1 0
github.com/Permify/permify/internal/engines/check.go:191.107,193.37 1 2753
github.com/Permify/permify/internal/engines/check.go:196.33,197.64 1 575
github.com/Permify/permify/internal/engines/check.go:200.34,201.66 1 2021
github.com/Permify/permify/internal/engines/check.go:204.36,205.70 1 15
github.com/Permify/permify/internal/engines/check.go:208.23,209.44 1 142
github.com/Permify/permify/internal/engines/check.go:211.10,212.88 1 0
github.com/Permify/permify/internal/engines/check.go:224.17,228.33 2 1281
github.com/Permify/permify/internal/engines/check.go:228.33,230.33 1 2562
github.com/Permify/permify/internal/engines/check.go:232.28,233.88 1 148
github.com/Permify/permify/internal/engines/check.go:235.25,236.77 1 2414
github.com/Permify/permify/internal/engines/check.go:238.11,239.89 1 0
github.com/Permify/permify/internal/engines/check.go:245.2,245.74 1 1281
github.com/Permify/permify/internal/engines/check.go:245.74,247.3 1 1279
github.com/Permify/permify/internal/engines/check.go:252.100,254.85 1 2432
github.com/Permify/permify/internal/engines/check.go:254.85,270.17 4 2324
github.com/Permify/permify/internal/engines/check.go:270.17,273.4 1 0
github.com/Permify/permify/internal/engines/check.go:277.3,280.17 3 2324
github.com/Permify/permify/internal/engines/check.go:280.17,282.4 1 0
github.com/Permify/permify/internal/engines/check.go:286.3,291.20 3 2324
github.com/Permify/permify/internal/engines/check.go:291.20,294.11 2 1812
github.com/Permify/permify/internal/engines/check.go:294.11,295.10 1 2
github.com/Permify/permify/internal/engines/check.go:297.4,300.61 2 1810
github.com/Permify/permify/internal/engines/check.go:300.61,302.5 1 1299
github.com/Permify/permify/internal/engines/check.go:304.4,304.82 1 511
github.com/Permify/permify/internal/engines/check.go:304.82,316.5 1 73
github.com/Permify/permify/internal/engines/check.go:320.3,320.30 1 1025
github.com/Permify/permify/internal/engines/check.go:320.30,322.4 1 54
github.com/Permify/permify/internal/engines/check.go:325.3,325.46 1 971
github.com/Permify/permify/internal/engines/check.go:334.17,336.74 1 575
github.com/Permify/permify/internal/engines/check.go:336.74,351.17 3 568
github.com/Permify/permify/internal/engines/check.go:351.17,354.4 1 0
github.com/Permify/permify/internal/engines/check.go:358.3,359.17 2 568
github.com/Permify/permify/internal/engines/check.go:359.17,362.4 1 0
github.com/Permify/permify/internal/engines/check.go:366.3,371.20 3 568
github.com/Permify/permify/internal/engines/check.go:371.20,374.11 2 528
github.com/Permify/permify/internal/engines/check.go:374.11,375.10 1 0
github.com/Permify/permify/internal/engines/check.go:377.4,391.26 2 528
github.com/Permify/permify/internal/engines/check.go:396.3,396.66 1 568
github.com/Permify/permify/internal/engines/check.go:406.17,419.2 1 2549
github.com/Permify/permify/internal/engines/check.go:426.17,441.2 1 15
github.com/Permify/permify/internal/engines/check.go:447.17,449.74 1 15
github.com/Permify/permify/internal/engines/check.go:449.74,470.17 5 15
github.com/Permify/permify/internal/engines/check.go:470.17,472.4 1 0
github.com/Permify/permify/internal/engines/check.go:474.3,474.17 1 15
github.com/Permify/permify/internal/engines/check.go:474.17,478.18 2 14
github.com/Permify/permify/internal/engines/check.go:478.18,480.5 1 0
github.com/Permify/permify/internal/engines/check.go:485.3,485.17 1 15
github.com/Permify/permify/internal/engines/check.go:485.17,487.4 1 0
github.com/Permify/permify/internal/engines/check.go:490.3,491.58 2 15
github.com/Permify/permify/internal/engines/check.go:491.58,494.4 1 0
github.com/Permify/permify/internal/engines/check.go:497.3,497.15 1 15
github.com/Permify/permify/internal/engines/check.go:497.15,499.4 1 11
github.com/Permify/permify/internal/engines/check.go:502.3,502.46 1 4
github.com/Permify/permify/internal/engines/check.go:512.17,523.2 1 142
github.com/Permify/permify/internal/engines/check.go:529.17,530.74 1 139
github.com/Permify/permify/internal/engines/check.go:530.74,539.17 5 128
github.com/Permify/permify/internal/engines/check.go:539.17,541.4 1 0
github.com/Permify/permify/internal/engines/check.go:544.3,554.46 3 128
github.com/Permify/permify/internal/engines/check.go:554.46,555.40 1 233
github.com/Permify/permify/internal/engines/check.go:556.42,561.46 4 233
github.com/Permify/permify/internal/engines/check.go:562.12,564.100 1 0
github.com/Permify/permify/internal/engines/check.go:569.3,569.26 1 128
github.com/Permify/permify/internal/engines/check.go:569.26,579.18 3 128
github.com/Permify/permify/internal/engines/check.go:579.18,581.5 1 0
github.com/Permify/permify/internal/engines/check.go:583.4,584.18 2 128
github.com/Permify/permify/internal/engines/check.go:584.18,586.5 1 0
github.com/Permify/permify/internal/engines/check.go:589.4,590.21 2 128
github.com/Permify/permify/internal/engines/check.go:590.21,592.12 2 212
github.com/Permify/permify/internal/engines/check.go:592.12,593.11 1 0
github.com/Permify/permify/internal/engines/check.go:595.5,595.87 1 212
github.com/Permify/permify/internal/engines/check.go:600.3,601.17 2 128
github.com/Permify/permify/internal/engines/check.go:601.17,603.4 1 0
github.com/Permify/permify/internal/engines/check.go:606.3,608.17 3 128
github.com/Permify/permify/internal/engines/check.go:608.17,610.4 1 0
github.com/Permify/permify/internal/engines/check.go:613.3,614.17 2 128
github.com/Permify/permify/internal/engines/check.go:614.17,616.4 1 0
github.com/Permify/permify/internal/engines/check.go:619.3,620.10 2 128
github.com/Permify/permify/internal/engines/check.go:620.10,622.4 1 0
github.com/Permify/permify/internal/engines/check.go:625.3,625.13 1 128
github.com/Permify/permify/internal/engines/check.go:625.13,627.4 1 124
github.com/Permify/permify/internal/engines/check.go:629.3,629.46 1 4
github.com/Permify/permify/internal/engines/check.go:635.115,640.25 2 5661
github.com/Permify/permify/internal/engines/check.go:640.25,645.3 1 52
github.com/Permify/permify/internal/engines/check.go:648.2,656.15 4 5609
github.com/Permify/permify/internal/engines/check.go:656.15,660.3 3 5609
github.com/Permify/permify/internal/engines/check.go:663.2,663.27 1 5609
github.com/Permify/permify/internal/engines/check.go:663.27,664.10 1 6109
github.com/Permify/permify/internal/engines/check.go:666.28,670.20 2 5456
github.com/Permify/permify/internal/engines/check.go:670.20,672.5 1 0
github.com/Permify/permify/internal/engines/check.go:674.4,674.64 1 5456
github.com/Permify/permify/internal/engines/check.go:674.64,676.5 1 3894
github.com/Permify/permify/internal/engines/check.go:678.21,679.93 1 653
github.com/Permify/permify/internal/engines/check.go:684.2,684.38 1 1062
github.com/Permify/permify/internal/engines/check.go:689.122,694.25 2 289
github.com/Permify/permify/internal/engines/check.go:694.25,696.3 1 0
github.com/Permify/permify/internal/engines/check.go:699.2,707.15 4 289
github.com/Permify/permify/internal/engines/check.go:707.15,711.3 3 289
github.com/Permify/permify/internal/engines/check.go:714.2,714.27 1 289
github.com/Permify/permify/internal/engines/check.go:714.27,715.10 1 457
github.com/Permify/permify/internal/engines/check.go:717.28,721.20 2 450
github.com/Permify/permify/internal/engines/check.go:721.20,723.5 1 0
github.com/Permify/permify/internal/engines/check.go:725.4,725.63 1 450
github.com/Permify/permify/internal/engines/check.go:725.63,727.5 1 133
github.com/Permify/permify/internal/engines/check.go:729.21,730.93 1 7
github.com/Permify/permify/internal/engines/check.go:735.2,735.39 1 149
github.com/Permify/permify/internal/engines/check.go:739.119,744.25 2 9
github.com/Permify/permify/internal/engines/check.go:744.25,746.3 1 0
github.com/Permify/permify/internal/engines/check.go:749.2,758.12 6 9
github.com/Permify/permify/internal/engines/check.go:758.12,765.3 3 9
github.com/Permify/permify/internal/engines/check.go:768.2,771.15 2 9
github.com/Permify/permify/internal/engines/check.go:771.15,777.3 5 9
github.com/Permify/permify/internal/engines/check.go:780.2,780.9 1 9
github.com/Permify/permify/internal/engines/check.go:781.34,784.22 2 8
github.com/Permify/permify/internal/engines/check.go:784.22,786.4 1 0
github.com/Permify/permify/internal/engines/check.go:788.3,788.65 1 8
github.com/Permify/permify/internal/engines/check.go:788.65,790.4 1 4
github.com/Permify/permify/internal/engines/check.go:792.20,793.92 1 1
github.com/Permify/permify/internal/engines/check.go:797.2,797.31 1 4
github.com/Permify/permify/internal/engines/check.go:797.31,798.10 1 4
github.com/Permify/permify/internal/engines/check.go:799.28,802.20 2 4
github.com/Permify/permify/internal/engines/check.go:802.20,804.5 1 0
github.com/Permify/permify/internal/engines/check.go:806.4,806.64 1 4
github.com/Permify/permify/internal/engines/check.go:806.64,808.5 1 2
github.com/Permify/permify/internal/engines/check.go:810.21,811.93 1 0
github.com/Permify/permify/internal/engines/check.go:816.2,816.39 1 2
github.com/Permify/permify/internal/engines/check.go:820.116,826.37 3 5907
github.com/Permify/permify/internal/engines/check.go:826.37,835.3 4 7032
github.com/Permify/permify/internal/engines/check.go:838.2,839.12 2 5907
github.com/Permify/permify/internal/engines/check.go:839.12,842.33 1 5907
github.com/Permify/permify/internal/engines/check.go:842.33,844.11 2 7188
github.com/Permify/permify/internal/engines/check.go:846.26,848.20 2 7032
github.com/Permify/permify/internal/engines/check.go:850.22,851.14 1 156
github.com/Permify/permify/internal/engines/check.go:854.3,854.12 1 5907
github.com/Permify/permify/internal/engines/check.go:858.2,858.16 1 5907
github.com/Permify/permify/internal/engines/check.go:858.16,861.3 2 5907
github.com/Permify/permify/internal/engines/check.go:871.41,872.74 1 0
github.com/Permify/permify/internal/engines/check.go:872.74,874.3 1 0
github.com/Permify/permify/internal/engines/check.go:882.87,887.2 1 7028
github.com/Permify/permify/internal/engines/check.go:894.88,899.2 1 5480
github.com/Permify/permify/internal/engines/check.go:905.68,909.2 1 12560
github.com/Permify/permify/internal/engines/entity_filter.go:25.95,30.2 1 136
github.com/Permify/permify/internal/engines/entity_filter.go:38.15,40.145 1 2368
github.com/Permify/permify/internal/engines/entity_filter.go:40.145,46.34 2 1084
github.com/Permify/permify/internal/engines/entity_filter.go:46.34,48.4 1 30
github.com/Permify/permify/internal/engines/entity_filter.go:51.3,55.70 1 1054
github.com/Permify/permify/internal/engines/entity_filter.go:59.2,68.22 3 2338
github.com/Permify/permify/internal/engines/entity_filter.go:68.22,70.3 1 1046
github.com/Permify/permify/internal/engines/entity_filter.go:73.2,80.37 4 1292
github.com/Permify/permify/internal/engines/entity_filter.go:80.37,82.40 1 1664
github.com/Permify/permify/internal/engines/entity_filter.go:83.38,85.18 2 368
github.com/Permify/permify/internal/engines/entity_filter.go:85.18,87.5 1 0
github.com/Permify/permify/internal/engines/entity_filter.go:88.45,96.18 2 1007
github.com/Permify/permify/internal/engines/entity_filter.go:96.18,98.5 1 0
github.com/Permify/permify/internal/engines/entity_filter.go:99.39,101.18 2 65
github.com/Permify/permify/internal/engines/entity_filter.go:101.18,103.5 1 0
github.com/Permify/permify/internal/engines/entity_filter.go:104.44,106.18 2 133
github.com/Permify/permify/internal/engines/entity_filter.go:106.18,108.5 1 0
github.com/Permify/permify/internal/engines/entity_filter.go:109.39,111.18 2 91
github.com/Permify/permify/internal/engines/entity_filter.go:111.18,113.5 1 0
github.com/Permify/permify/internal/engines/entity_filter.go:114.11,115.53 1 0
github.com/Permify/permify/internal/engines/entity_filter.go:119.2,119.17 1 1292
github.com/Permify/permify/internal/engines/entity_filter.go:129.9,131.90 1 65
github.com/Permify/permify/internal/engines/entity_filter.go:131.90,133.3 1 41
github.com/Permify/permify/internal/engines/entity_filter.go:136.2,138.12 3 24
github.com/Permify/permify/internal/engines/entity_filter.go:138.12,140.3 1 0
github.com/Permify/permify/internal/engines/entity_filter.go:143.2,154.16 4 24
github.com/Permify/permify/internal/engines/entity_filter.go:154.16,156.3 1 0
github.com/Permify/permify/internal/engines/entity_filter.go:158.2,159.16 2 24
github.com/Permify/permify/internal/engines/entity_filter.go:159.16,161.3 1 0
github.com/Permify/permify/internal/engines/entity_filter.go:163.2,166.19 2 24
github.com/Permify/permify/internal/engines/entity_filter.go:166.19,168.10 2 107
github.com/Permify/permify/internal/engines/entity_filter.go:168.10,169.9 1 0
github.com/Permify/permify/internal/engines/entity_filter.go:172.3,177.35 2 107
github.com/Permify/permify/internal/engines/entity_filter.go:177.35,178.12 1 66
github.com/Permify/permify/internal/engines/entity_filter.go:181.3,185.70 1 41
github.com/Permify/permify/internal/engines/entity_filter.go:188.2,188.12 1 24
github.com/Permify/permify/internal/engines/entity_filter.go:199.9,208.12 3 368
github.com/Permify/permify/internal/engines/entity_filter.go:208.12,210.3 1 7
github.com/Permify/permify/internal/engines/entity_filter.go:214.2,236.74 3 368
github.com/Permify/permify/internal/engines/entity_filter.go:236.74,238.3 1 171
github.com/Permify/permify/internal/engines/entity_filter.go:238.8,240.3 1 197
github.com/Permify/permify/internal/engines/entity_filter.go:244.2,245.16 2 368
github.com/Permify/permify/internal/engines/entity_filter.go:245.16,247.3 1 0
github.com/Permify/permify/internal/engines/entity_filter.go:251.2,252.16 2 368
github.com/Permify/permify/internal/engines/entity_filter.go:252.16,254.3 1 0
github.com/Permify/permify/internal/engines/entity_filter.go:258.2,260.19 2 368
github.com/Permify/permify/internal/engines/entity_filter.go:260.19,263.10 2 1102
github.com/Permify/permify/internal/engines/entity_filter.go:263.10,264.9 1 0
github.com/Permify/permify/internal/engines/entity_filter.go:266.3,266.21 1 1102
github.com/Permify/permify/internal/engines/entity_filter.go:266.21,274.4 1 1102
github.com/Permify/permify/internal/engines/entity_filter.go:276.2,276.12 1 368
github.com/Permify/permify/internal/engines/entity_filter.go:293.9,302.12 3 133
github.com/Permify/permify/internal/engines/entity_filter.go:302.12,304.3 1 0
github.com/Permify/permify/internal/engines/entity_filter.go:308.2,330.74 3 133
github.com/Permify/permify/internal/engines/entity_filter.go:330.74,332.3 1 100
github.com/Permify/permify/internal/engines/entity_filter.go:332.8,334.3 1 33
github.com/Permify/permify/internal/engines/entity_filter.go:338.2,339.16 2 133
github.com/Permify/permify/internal/engines/entity_filter.go:339.16,341.3 1 0
github.com/Permify/permify/internal/engines/entity_filter.go:345.2,346.16 2 133
github.com/Permify/permify/internal/engines/entity_filter.go:346.16,348.3 1 0
github.com/Permify/permify/internal/engines/entity_filter.go:352.2,354.19 2 133
github.com/Permify/permify/internal/engines/entity_filter.go:354.19,357.10 2 199
github.com/Permify/permify/internal/engines/entity_filter.go:357.10,358.9 1 0
github.com/Permify/permify/internal/engines/entity_filter.go:360.3,360.21 1 199
github.com/Permify/permify/internal/engines/entity_filter.go:360.21,368.4 1 199
github.com/Permify/permify/internal/engines/entity_filter.go:370.2,370.12 1 133
github.com/Permify/permify/internal/engines/entity_filter.go:381.9,382.59 1 2308
github.com/Permify/permify/internal/engines/entity_filter.go:382.59,384.3 1 76
github.com/Permify/permify/internal/engines/entity_filter.go:386.2,397.16 4 2232
github.com/Permify/permify/internal/engines/entity_filter.go:397.16,399.3 1 0
github.com/Permify/permify/internal/engines/entity_filter.go:401.2,401.22 1 2232
github.com/Permify/permify/internal/engines/entity_filter.go:401.22,402.128 1 0
github.com/Permify/permify/internal/engines/entity_filter.go:402.128,403.47 1 0
github.com/Permify/permify/internal/engines/entity_filter.go:403.47,405.5 1 0
github.com/Permify/permify/internal/engines/entity_filter.go:406.4,411.14 2 0
github.com/Permify/permify/internal/engines/entity_filter.go:413.3,413.13 1 0
github.com/Permify/permify/internal/engines/entity_filter.go:416.2,416.20 1 2232
github.com/Permify/permify/internal/engines/entity_filter.go:416.20,430.3 1 2232
github.com/Permify/permify/internal/engines/entity_filter.go:431.2,431.12 1 2232
github.com/Permify/permify/internal/engines/entity_filter.go:447.9,448.90 1 91
github.com/Permify/permify/internal/engines/entity_filter.go:448.90,450.3 1 46
github.com/Permify/permify/internal/engines/entity_filter.go:453.2,455.12 3 45
github.com/Permify/permify/internal/engines/entity_filter.go:455.12,457.3 1 0
github.com/Permify/permify/internal/engines/entity_filter.go:459.2,469.16 4 45
github.com/Permify/permify/internal/engines/entity_filter.go:469.16,471.3 1 0
github.com/Permify/permify/internal/engines/entity_filter.go:473.2,474.16 2 45
github.com/Permify/permify/internal/engines/entity_filter.go:474.16,476.3 1 0
github.com/Permify/permify/internal/engines/entity_filter.go:478.2,486.19 5 45
github.com/Permify/permify/internal/engines/entity_filter.go:486.19,488.10 2 94
github.com/Permify/permify/internal/engines/entity_filter.go:488.10,489.9 1 0
github.com/Permify/permify/internal/engines/entity_filter.go:491.3,491.79 1 94
github.com/Permify/permify/internal/engines/entity_filter.go:494.2,494.34 1 45
github.com/Permify/permify/internal/engines/entity_filter.go:494.34,496.3 1 0
github.com/Permify/permify/internal/engines/entity_filter.go:499.2,500.21 2 45
github.com/Permify/permify/internal/engines/entity_filter.go:500.21,502.3 1 0
github.com/Permify/permify/internal/engines/entity_filter.go:505.2,508.39 3 45
github.com/Permify/permify/internal/engines/entity_filter.go:508.39,513.13 3 45
github.com/Permify/permify/internal/engines/entity_filter.go:513.13,514.59 1 45
github.com/Permify/permify/internal/engines/entity_filter.go:514.59,516.5 1 0
github.com/Permify/permify/internal/engines/entity_filter.go:520.3,537.17 5 45
github.com/Permify/permify/internal/engines/entity_filter.go:537.17,539.4 1 0
github.com/Permify/permify/internal/engines/entity_filter.go:541.3,542.17 2 45
github.com/Permify/permify/internal/engines/entity_filter.go:542.17,544.4 1 0
github.com/Permify/permify/internal/engines/entity_filter.go:546.3,550.28 3 45
github.com/Permify/permify/internal/engines/entity_filter.go:550.28,552.11 2 114
github.com/Permify/permify/internal/engines/entity_filter.go:552.11,553.10 1 0
github.com/Permify/permify/internal/engines/entity_filter.go:555.4,555.54 1 114
github.com/Permify/permify/internal/engines/entity_filter.go:558.3,559.30 2 45
github.com/Permify/permify/internal/engines/entity_filter.go:559.30,561.4 1 114
github.com/Permify/permify/internal/engines/entity_filter.go:563.3,563.27 1 45
github.com/Permify/permify/internal/engines/entity_filter.go:563.27,565.4 1 0
github.com/Permify/permify/internal/engines/entity_filter.go:568.3,569.23 2 45
github.com/Permify/permify/internal/engines/entity_filter.go:573.2,573.32 1 45
github.com/Permify/permify/internal/engines/entity_filter.go:573.32,575.35 2 114
github.com/Permify/permify/internal/engines/entity_filter.go:575.35,576.12 1 63
github.com/Permify/permify/internal/engines/entity_filter.go:579.3,583.70 1 51
github.com/Permify/permify/internal/engines/entity_filter.go:586.2,586.12 1 45
github.com/Permify/permify/internal/engines/expand.go:30.84,35.2 1 7
github.com/Permify/permify/internal/engines/expand.go:46.149,48.21 2 12
github.com/Permify/permify/internal/engines/expand.go:48.21,50.3 1 4
github.com/Permify/permify/internal/engines/expand.go:51.2,51.32 1 8
github.com/Permify/permify/internal/engines/expand.go:72.111,77.16 3 45
github.com/Permify/permify/internal/engines/expand.go:77.16,80.3 1 4
github.com/Permify/permify/internal/engines/expand.go:82.2,87.13 3 41
github.com/Permify/permify/internal/engines/expand.go:88.50,91.17 2 13
github.com/Permify/permify/internal/engines/expand.go:91.17,94.4 1 0
github.com/Permify/permify/internal/engines/expand.go:97.3,99.32 2 13
github.com/Permify/permify/internal/engines/expand.go:99.32,101.4 1 8
github.com/Permify/permify/internal/engines/expand.go:101.9,104.4 1 5
github.com/Permify/permify/internal/engines/expand.go:105.49,107.45 1 1
github.com/Permify/permify/internal/engines/expand.go:108.48,110.44 1 26
github.com/Permify/permify/internal/engines/expand.go:111.10,113.40 1 1
github.com/Permify/permify/internal/engines/expand.go:116.2,116.15 1 41
github.com/Permify/permify/internal/engines/expand.go:116.15,119.3 1 0
github.com/Permify/permify/internal/engines/expand.go:122.2,122.28 1 41
github.com/Permify/permify/internal/engines/expand.go:127.141,130.39 1 11
github.com/Permify/permify/internal/engines/expand.go:132.44,133.75 1 7
github.com/Permify/permify/internal/engines/expand.go:136.51,137.82 1 0
github.com/Permify/permify/internal/engines/expand.go:140.48,141.79 1 4
github.com/Permify/permify/internal/engines/expand.go:144.10,145.89 1 0
github.com/Permify/permify/internal/engines/expand.go:154.18,157.37 1 24
github.com/Permify/permify/internal/engines/expand.go:159.33,160.65 1 10
github.com/Permify/permify/internal/engines/expand.go:163.34,164.67 1 12
github.com/Permify/permify/internal/engines/expand.go:167.36,168.71 1 1
github.com/Permify/permify/internal/engines/expand.go:171.23,172.45 1 1
github.com/Permify/permify/internal/engines/expand.go:175.10,176.89 1 0
github.com/Permify/permify/internal/engines/expand.go:188.18,193.33 2 11
github.com/Permify/permify/internal/engines/expand.go:193.33,195.33 1 22
github.com/Permify/permify/internal/engines/expand.go:197.28,198.89 1 3
github.com/Permify/permify/internal/engines/expand.go:201.25,202.78 1 19
github.com/Permify/permify/internal/engines/expand.go:205.11,206.90 1 0
github.com/Permify/permify/internal/engines/expand.go:211.2,211.69 1 11
github.com/Permify/permify/internal/engines/expand.go:211.69,213.3 1 11
github.com/Permify/permify/internal/engines/expand.go:223.104,224.69 1 26
github.com/Permify/permify/internal/engines/expand.go:224.69,239.17 3 26
github.com/Permify/permify/internal/engines/expand.go:239.17,243.4 2 0
github.com/Permify/permify/internal/engines/expand.go:247.3,249.17 3 26
github.com/Permify/permify/internal/engines/expand.go:249.17,252.4 2 0
github.com/Permify/permify/internal/engines/expand.go:256.3,262.20 4 26
github.com/Permify/permify/internal/engines/expand.go:262.20,265.11 2 40
github.com/Permify/permify/internal/engines/expand.go:265.11,266.10 1 0
github.com/Permify/permify/internal/engines/expand.go:268.4,270.81 2 40
github.com/Permify/permify/internal/engines/expand.go:270.81,272.5 1 33
github.com/Permify/permify/internal/engines/expand.go:272.10,274.5 1 7
github.com/Permify/permify/internal/engines/expand.go:278.3,278.46 1 26
github.com/Permify/permify/internal/engines/expand.go:278.46,298.4 2 19
github.com/Permify/permify/internal/engines/expand.go:301.3,307.20 3 7
github.com/Permify/permify/internal/engines/expand.go:307.20,310.106 2 7
github.com/Permify/permify/internal/engines/expand.go:310.106,321.5 1 7
github.com/Permify/permify/internal/engines/expand.go:325.3,328.24 2 7
github.com/Permify/permify/internal/engines/expand.go:328.24,331.4 2 0
github.com/Permify/permify/internal/engines/expand.go:334.3,352.23 3 7
github.com/Permify/permify/internal/engines/expand.go:373.18,374.69 1 10
github.com/Permify/permify/internal/engines/expand.go:374.69,387.17 3 10
github.com/Permify/permify/internal/engines/expand.go:387.17,390.4 2 0
github.com/Permify/permify/internal/engines/expand.go:394.3,395.17 2 10
github.com/Permify/permify/internal/engines/expand.go:395.17,398.4 2 0
github.com/Permify/permify/internal/engines/expand.go:402.3,405.20 3 10
github.com/Permify/permify/internal/engines/expand.go:405.20,408.11 2 12
github.com/Permify/permify/internal/engines/expand.go:408.11,409.10 1 0
github.com/Permify/permify/internal/engines/expand.go:411.4,422.26 2 12
github.com/Permify/permify/internal/engines/expand.go:425.3,431.4 1 10
github.com/Permify/permify/internal/engines/expand.go:451.18,452.69 1 24
github.com/Permify/permify/internal/engines/expand.go:452.69,463.3 1 24
github.com/Permify/permify/internal/engines/expand.go:470.18,471.69 1 1
github.com/Permify/permify/internal/engines/expand.go:471.69,488.17 5 1
github.com/Permify/permify/internal/engines/expand.go:488.17,491.4 2 0
github.com/Permify/permify/internal/engines/expand.go:494.3,494.17 1 1
github.com/Permify/permify/internal/engines/expand.go:494.17,496.18 2 1
github.com/Permify/permify/internal/engines/expand.go:496.18,499.5 2 0
github.com/Permify/permify/internal/engines/expand.go:503.3,503.17 1 1
github.com/Permify/permify/internal/engines/expand.go:503.17,512.18 3 0
github.com/Permify/permify/internal/engines/expand.go:512.18,515.5 2 0
github.com/Permify/permify/internal/engines/expand.go:519.3,534.4 1 1
github.com/Permify/permify/internal/engines/expand.go:544.18,545.69 1 1
github.com/Permify/permify/internal/engines/expand.go:545.69,557.3 1 1
github.com/Permify/permify/internal/engines/expand.go:564.18,565.69 1 1
github.com/Permify/permify/internal/engines/expand.go:565.69,572.17 4 1
github.com/Permify/permify/internal/engines/expand.go:572.17,576.4 2 0
github.com/Permify/permify/internal/engines/expand.go:579.3,585.46 3 1
github.com/Permify/permify/internal/engines/expand.go:585.46,586.40 1 1
github.com/Permify/permify/internal/engines/expand.go:587.42,592.19 3 1
github.com/Permify/permify/internal/engines/expand.go:592.19,595.6 2 0
github.com/Permify/permify/internal/engines/expand.go:598.5,601.46 2 1
github.com/Permify/permify/internal/engines/expand.go:602.12,605.11 2 0
github.com/Permify/permify/internal/engines/expand.go:610.3,610.26 1 1
github.com/Permify/permify/internal/engines/expand.go:610.26,622.18 3 1
github.com/Permify/permify/internal/engines/expand.go:622.18,625.5 2 0
github.com/Permify/permify/internal/engines/expand.go:628.4,629.18 2 1
github.com/Permify/permify/internal/engines/expand.go:629.18,632.5 2 0
github.com/Permify/permify/internal/engines/expand.go:635.4,638.21 2 1
github.com/Permify/permify/internal/engines/expand.go:638.21,641.12 2 1
github.com/Permify/permify/internal/engines/expand.go:641.12,642.11 1 0
github.com/Permify/permify/internal/engines/expand.go:645.5,645.53 1 1
github.com/Permify/permify/internal/engines/expand.go:650.3,667.4 1 1
github.com/Permify/permify/internal/engines/expand.go:676.18,677.69 1 1
github.com/Permify/permify/internal/engines/expand.go:677.69,691.3 1 1
github.com/Permify/permify/internal/engines/expand.go:704.18,711.25 2 30
github.com/Permify/permify/internal/engines/expand.go:711.25,727.3 1 2
github.com/Permify/permify/internal/engines/expand.go:730.2,732.15 2 28
github.com/Permify/permify/internal/engines/expand.go:732.15,734.3 1 28
github.com/Permify/permify/internal/engines/expand.go:737.2,740.31 2 28
github.com/Permify/permify/internal/engines/expand.go:740.31,744.3 3 41
github.com/Permify/permify/internal/engines/expand.go:747.2,747.33 1 28
github.com/Permify/permify/internal/engines/expand.go:747.33,748.10 1 41
github.com/Permify/permify/internal/engines/expand.go:749.25,751.23 1 41
github.com/Permify/permify/internal/engines/expand.go:751.23,753.5 1 0
github.com/Permify/permify/internal/engines/expand.go:755.4,755.56 1 41
github.com/Permify/permify/internal/engines/expand.go:756.21,758.87 1 0
github.com/Permify/permify/internal/engines/expand.go:765.2,779.3 1 28
github.com/Permify/permify/internal/engines/expand.go:793.72,797.9 3 41
github.com/Permify/permify/internal/engines/expand.go:798.23,799.24 1 41
github.com/Permify/permify/internal/engines/expand.go:799.24,801.4 1 41
github.com/Permify/permify/internal/engines/expand.go:802.3,802.40 1 0
github.com/Permify/permify/internal/engines/expand.go:803.20,804.86 1 0
github.com/Permify/permify/internal/engines/expand.go:825.18,827.2 1 24
github.com/Permify/permify/internal/engines/expand.go:847.18,849.2 1 1
github.com/Permify/permify/internal/engines/expand.go:870.18,872.2 1 4
github.com/Permify/permify/internal/engines/expand.go:882.43,883.69 1 1
github.com/Permify/permify/internal/engines/expand.go:883.69,885.3 1 1
github.com/Permify/permify/internal/engines/expand.go:895.51,902.2 1 2
github.com/Permify/permify/internal/engines/lookup.go:36.17,46.27 2 45
github.com/Permify/permify/internal/engines/lookup.go:46.27,48.3 1 0
github.com/Permify/permify/internal/engines/lookup.go:50.2,50.15 1 45
github.com/Permify/permify/internal/engines/lookup.go:55.167,62.15 5 138
github.com/Permify/permify/internal/engines/lookup.go:62.15,64.3 1 116
github.com/Permify/permify/internal/engines/lookup.go:68.2,68.43 1 138
github.com/Permify/permify/internal/engines/lookup.go:68.43,73.3 4 537
github.com/Permify/permify/internal/engines/lookup.go:76.2,83.16 3 138
github.com/Permify/permify/internal/engines/lookup.go:83.16,85.3 1 1
github.com/Permify/permify/internal/engines/lookup.go:86.2,94.16 5 137
github.com/Permify/permify/internal/engines/lookup.go:94.16,96.3 1 1
github.com/Permify/permify/internal/engines/lookup.go:99.2,118.16 3 136
github.com/Permify/permify/internal/engines/lookup.go:118.16,120.3 1 0
github.com/Permify/permify/internal/engines/lookup.go:123.2,124.16 2 136
github.com/Permify/permify/internal/engines/lookup.go:124.16,126.3 1 0
github.com/Permify/permify/internal/engines/lookup.go:129.2,132.8 1 136
github.com/Permify/permify/internal/engines/lookup.go:137.175,139.15 2 2
github.com/Permify/permify/internal/engines/lookup.go:139.15,141.3 1 2
github.com/Permify/permify/internal/engines/lookup.go:145.2,145.43 1 2
github.com/Permify/permify/internal/engines/lookup.go:145.43,151.17 2 0
github.com/Permify/permify/internal/engines/lookup.go:151.17,153.4 1 0
github.com/Permify/permify/internal/engines/lookup.go:157.2,164.16 3 2
github.com/Permify/permify/internal/engines/lookup.go:164.16,166.3 1 1
github.com/Permify/permify/internal/engines/lookup.go:167.2,175.16 5 1
github.com/Permify/permify/internal/engines/lookup.go:175.16,177.3 1 1
github.com/Permify/permify/internal/engines/lookup.go:179.2,197.16 3 0
github.com/Permify/permify/internal/engines/lookup.go:197.16,199.3 1 0
github.com/Permify/permify/internal/engines/lookup.go:201.2,202.16 2 0
github.com/Permify/permify/internal/engines/lookup.go:202.16,204.3 1 0
github.com/Permify/permify/internal/engines/lookup.go:206.2,206.12 1 0
github.com/Permify/permify/internal/engines/lookup.go:211.170,213.15 2 34
github.com/Permify/permify/internal/engines/lookup.go:213.15,215.3 1 14
github.com/Permify/permify/internal/engines/lookup.go:217.2,222.16 4 34
github.com/Permify/permify/internal/engines/lookup.go:222.16,224.3 1 1
github.com/Permify/permify/internal/engines/lookup.go:227.2,230.25 2 33
github.com/Permify/permify/internal/engines/lookup.go:230.25,231.16 1 62
github.com/Permify/permify/internal/engines/lookup.go:231.16,234.9 2 8
github.com/Permify/permify/internal/engines/lookup.go:235.9,235.44 1 54
github.com/Permify/permify/internal/engines/lookup.go:235.44,238.9 2 9
github.com/Permify/permify/internal/engines/lookup.go:243.2,243.53 1 33
github.com/Permify/permify/internal/engines/lookup.go:243.53,252.17 2 17
github.com/Permify/permify/internal/engines/lookup.go:252.17,254.4 1 0
github.com/Permify/permify/internal/engines/lookup.go:255.3,261.9 2 17
github.com/Permify/permify/internal/engines/lookup.go:265.2,274.20 4 16
github.com/Permify/permify/internal/engines/lookup.go:274.20,276.3 1 4
github.com/Permify/permify/internal/engines/lookup.go:276.8,278.3 1 12
github.com/Permify/permify/internal/engines/lookup.go:281.2,284.8 1 16
github.com/Permify/permify/internal/engines/lookup.go:289.125,295.52 2 139
github.com/Permify/permify/internal/engines/lookup.go:295.52,298.3 1 110
github.com/Permify/permify/internal/engines/lookup.go:301.2,302.16 2 29
github.com/Permify/permify/internal/engines/lookup.go:302.16,305.3 1 3
github.com/Permify/permify/internal/engines/lookup.go:308.2,311.17 2 26
github.com/Permify/permify/internal/engines/subject_filter.go:33.133,40.27 2 34
github.com/Permify/permify/internal/engines/subject_filter.go:40.27,42.3 1 34
github.com/Permify/permify/internal/engines/subject_filter.go:44.2,44.15 1 34
github.com/Permify/permify/internal/engines/subject_filter.go:61.142,66.16 3 147
github.com/Permify/permify/internal/engines/subject_filter.go:66.16,69.3 1 1
github.com/Permify/permify/internal/engines/subject_filter.go:71.2,76.16 3 146
github.com/Permify/permify/internal/engines/subject_filter.go:76.16,79.3 1 0
github.com/Permify/permify/internal/engines/subject_filter.go:82.2,82.17 1 146
github.com/Permify/permify/internal/engines/subject_filter.go:92.25,98.13 3 146
github.com/Permify/permify/internal/engines/subject_filter.go:99.50,102.17 2 57
github.com/Permify/permify/internal/engines/subject_filter.go:102.17,105.4 1 0
github.com/Permify/permify/internal/engines/subject_filter.go:106.3,110.32 2 57
github.com/Permify/permify/internal/engines/subject_filter.go:110.32,112.4 1 49
github.com/Permify/permify/internal/engines/subject_filter.go:112.9,114.4 1 8
github.com/Permify/permify/internal/engines/subject_filter.go:115.49,116.52 1 25
github.com/Permify/permify/internal/engines/subject_filter.go:117.48,118.51 1 60
github.com/Permify/permify/internal/engines/subject_filter.go:119.10,120.47 1 4
github.com/Permify/permify/internal/engines/subject_filter.go:124.2,124.15 1 146
github.com/Permify/permify/internal/engines/subject_filter.go:124.15,126.3 1 0
github.com/Permify/permify/internal/engines/subject_filter.go:129.2,129.53 1 146
github.com/Permify/permify/internal/engines/subject_filter.go:129.53,131.3 1 146
github.com/Permify/permify/internal/engines/subject_filter.go:140.25,142.39 1 54
github.com/Permify/permify/internal/engines/subject_filter.go:145.44,147.82 1 24
github.com/Permify/permify/internal/engines/subject_filter.go:151.51,154.89 1 15
github.com/Permify/permify/internal/engines/subject_filter.go:157.48,160.86 1 15
github.com/Permify/permify/internal/engines/subject_filter.go:161.10,162.96 1 0
github.com/Permify/permify/internal/engines/subject_filter.go:171.25,173.37 1 111
github.com/Permify/permify/internal/engines/subject_filter.go:175.33,176.72 1 45
github.com/Permify/permify/internal/engines/subject_filter.go:179.34,180.74 1 37
github.com/Permify/permify/internal/engines/subject_filter.go:182.36,184.78 1 25
github.com/Permify/permify/internal/engines/subject_filter.go:185.23,187.52 1 4
github.com/Permify/permify/internal/engines/subject_filter.go:189.10,190.96 1 0
github.com/Permify/permify/internal/engines/subject_filter.go:199.25,202.53 1 25
github.com/Permify/permify/internal/engines/subject_filter.go:202.53,227.3 1 25
github.com/Permify/permify/internal/engines/subject_filter.go:232.25,234.64 1 25
github.com/Permify/permify/internal/engines/subject_filter.go:234.64,252.17 4 25
github.com/Permify/permify/internal/engines/subject_filter.go:252.17,254.4 1 0
github.com/Permify/permify/internal/engines/subject_filter.go:256.3,256.17 1 25
github.com/Permify/permify/internal/engines/subject_filter.go:256.17,260.18 2 25
github.com/Permify/permify/internal/engines/subject_filter.go:260.18,262.5 1 0
github.com/Permify/permify/internal/engines/subject_filter.go:267.3,267.17 1 25
github.com/Permify/permify/internal/engines/subject_filter.go:267.17,269.4 1 0
github.com/Permify/permify/internal/engines/subject_filter.go:272.3,273.58 2 25
github.com/Permify/permify/internal/engines/subject_filter.go:273.58,276.4 1 0
github.com/Permify/permify/internal/engines/subject_filter.go:279.3,279.15 1 25
github.com/Permify/permify/internal/engines/subject_filter.go:279.15,281.4 1 25
github.com/Permify/permify/internal/engines/subject_filter.go:284.3,284.35 1 0
github.com/Permify/permify/internal/engines/subject_filter.go:291.25,293.53 1 4
github.com/Permify/permify/internal/engines/subject_filter.go:293.53,303.3 1 4
github.com/Permify/permify/internal/engines/subject_filter.go:310.25,311.61 1 4
github.com/Permify/permify/internal/engines/subject_filter.go:311.61,315.17 3 4
github.com/Permify/permify/internal/engines/subject_filter.go:315.17,317.4 1 0
github.com/Permify/permify/internal/engines/subject_filter.go:320.3,330.46 3 4
github.com/Permify/permify/internal/engines/subject_filter.go:330.46,331.40 1 4
github.com/Permify/permify/internal/engines/subject_filter.go:332.42,337.46 4 4
github.com/Permify/permify/internal/engines/subject_filter.go:338.12,340.89 1 0
github.com/Permify/permify/internal/engines/subject_filter.go:345.3,345.26 1 4
github.com/Permify/permify/internal/engines/subject_filter.go:345.26,355.18 3 4
github.com/Permify/permify/internal/engines/subject_filter.go:355.18,357.5 1 0
github.com/Permify/permify/internal/engines/subject_filter.go:359.4,360.18 2 4
github.com/Permify/permify/internal/engines/subject_filter.go:360.18,362.5 1 0
github.com/Permify/permify/internal/engines/subject_filter.go:365.4,366.21 2 4
github.com/Permify/permify/internal/engines/subject_filter.go:366.21,368.12 2 4
github.com/Permify/permify/internal/engines/subject_filter.go:368.12,369.11 1 0
github.com/Permify/permify/internal/engines/subject_filter.go:371.5,371.87 1 4
github.com/Permify/permify/internal/engines/subject_filter.go:376.3,377.17 2 4
github.com/Permify/permify/internal/engines/subject_filter.go:377.17,379.4 1 0
github.com/Permify/permify/internal/engines/subject_filter.go:382.3,384.17 3 4
github.com/Permify/permify/internal/engines/subject_filter.go:384.17,386.4 1 0
github.com/Permify/permify/internal/engines/subject_filter.go:389.3,390.17 2 4
github.com/Permify/permify/internal/engines/subject_filter.go:390.17,392.4 1 0
github.com/Permify/permify/internal/engines/subject_filter.go:395.3,396.10 2 4
github.com/Permify/permify/internal/engines/subject_filter.go:396.10,398.4 1 0
github.com/Permify/permify/internal/engines/subject_filter.go:401.3,401.13 1 4
github.com/Permify/permify/internal/engines/subject_filter.go:401.13,403.4 1 4
github.com/Permify/permify/internal/engines/subject_filter.go:405.3,405.35 1 0
github.com/Permify/permify/internal/engines/subject_filter.go:413.25,417.64 1 60
github.com/Permify/permify/internal/engines/subject_filter.go:417.64,431.17 4 60
github.com/Permify/permify/internal/engines/subject_filter.go:431.17,433.4 1 0
github.com/Permify/permify/internal/engines/subject_filter.go:437.3,439.17 3 60
github.com/Permify/permify/internal/engines/subject_filter.go:439.17,441.4 1 0
github.com/Permify/permify/internal/engines/subject_filter.go:445.3,451.20 4 60
github.com/Permify/permify/internal/engines/subject_filter.go:451.20,455.11 2 87
github.com/Permify/permify/internal/engines/subject_filter.go:455.11,456.10 1 0
github.com/Permify/permify/internal/engines/subject_filter.go:458.4,467.8 2 87
github.com/Permify/permify/internal/engines/subject_filter.go:467.8,469.13 2 78
github.com/Permify/permify/internal/engines/subject_filter.go:472.4,472.82 1 9
github.com/Permify/permify/internal/engines/subject_filter.go:472.82,474.5 1 3
github.com/Permify/permify/internal/engines/subject_filter.go:478.3,481.48 2 60
github.com/Permify/permify/internal/engines/subject_filter.go:481.48,483.4 1 78
github.com/Permify/permify/internal/engines/subject_filter.go:486.3,487.20 2 60
github.com/Permify/permify/internal/engines/subject_filter.go:487.20,502.18 3 3
github.com/Permify/permify/internal/engines/subject_filter.go:502.18,504.5 1 0
github.com/Permify/permify/internal/engines/subject_filter.go:507.4,507.28 1 3
github.com/Permify/permify/internal/engines/subject_filter.go:511.3,511.17 1 60
github.com/Permify/permify/internal/engines/subject_filter.go:522.25,526.33 2 54
github.com/Permify/permify/internal/engines/subject_filter.go:526.33,528.33 1 108
github.com/Permify/permify/internal/engines/subject_filter.go:529.28,531.96 1 5
github.com/Permify/permify/internal/engines/subject_filter.go:532.25,534.85 1 103
github.com/Permify/permify/internal/engines/subject_filter.go:535.11,537.59 1 0
github.com/Permify/permify/internal/engines/subject_filter.go:542.2,542.53 1 54
github.com/Permify/permify/internal/engines/subject_filter.go:542.53,544.3 1 54
github.com/Permify/permify/internal/engines/subject_filter.go:552.25,555.53 1 81
github.com/Permify/permify/internal/engines/subject_filter.go:555.53,580.3 1 81
github.com/Permify/permify/internal/engines/subject_filter.go:588.25,592.53 1 45
github.com/Permify/permify/internal/engines/subject_filter.go:592.53,607.17 3 45
github.com/Permify/permify/internal/engines/subject_filter.go:607.17,610.4 1 0
github.com/Permify/permify/internal/engines/subject_filter.go:614.3,616.17 3 45
github.com/Permify/permify/internal/engines/subject_filter.go:616.17,619.4 1 0
github.com/Permify/permify/internal/engines/subject_filter.go:623.3,627.20 3 45
github.com/Permify/permify/internal/engines/subject_filter.go:627.20,631.11 2 44
github.com/Permify/permify/internal/engines/subject_filter.go:631.11,632.10 1 0
github.com/Permify/permify/internal/engines/subject_filter.go:634.4,647.26 2 44
github.com/Permify/permify/internal/engines/subject_filter.go:651.3,651.82 1 45
github.com/Permify/permify/internal/engines/subject_filter.go:657.110,659.25 1 215
github.com/Permify/permify/internal/engines/subject_filter.go:659.25,661.3 1 7
github.com/Permify/permify/internal/engines/subject_filter.go:664.2,673.15 4 208
github.com/Permify/permify/internal/engines/subject_filter.go:673.15,677.3 3 208
github.com/Permify/permify/internal/engines/subject_filter.go:679.2,684.38 4 208
github.com/Permify/permify/internal/engines/subject_filter.go:684.38,685.10 1 238
github.com/Permify/permify/internal/engines/subject_filter.go:686.28,688.20 1 238
github.com/Permify/permify/internal/engines/subject_filter.go:688.20,690.5 1 0
github.com/Permify/permify/internal/engines/subject_filter.go:692.4,692.32 1 238
github.com/Permify/permify/internal/engines/subject_filter.go:692.32,695.31 2 37
github.com/Permify/permify/internal/engines/subject_filter.go:695.31,696.56 1 37
github.com/Permify/permify/internal/engines/subject_filter.go:696.56,698.7 1 0
github.com/Permify/permify/internal/engines/subject_filter.go:700.5,700.13 1 37
github.com/Permify/permify/internal/engines/subject_filter.go:703.4,703.30 1 201
github.com/Permify/permify/internal/engines/subject_filter.go:703.30,704.58 1 286
github.com/Permify/permify/internal/engines/subject_filter.go:704.58,706.6 1 277
github.com/Permify/permify/internal/engines/subject_filter.go:706.11,706.35 1 9
github.com/Permify/permify/internal/engines/subject_filter.go:706.35,708.43 1 0
github.com/Permify/permify/internal/engines/subject_filter.go:708.43,710.7 1 0
github.com/Permify/permify/internal/engines/subject_filter.go:713.21,714.89 1 0
github.com/Permify/permify/internal/engines/subject_filter.go:719.2,719.25 1 208
github.com/Permify/permify/internal/engines/subject_filter.go:719.25,722.27 2 37
github.com/Permify/permify/internal/engines/subject_filter.go:722.27,725.4 2 0
github.com/Permify/permify/internal/engines/subject_filter.go:726.3,726.23 1 37
github.com/Permify/permify/internal/engines/subject_filter.go:730.2,730.17 1 171
github.com/Permify/permify/internal/engines/subject_filter.go:735.117,737.25 1 15
github.com/Permify/permify/internal/engines/subject_filter.go:737.25,739.3 1 0
github.com/Permify/permify/internal/engines/subject_filter.go:742.2,751.15 4 15
github.com/Permify/permify/internal/engines/subject_filter.go:751.15,755.3 3 15
github.com/Permify/permify/internal/engines/subject_filter.go:757.2,763.38 5 15
github.com/Permify/permify/internal/engines/subject_filter.go:763.38,764.10 1 30
github.com/Permify/permify/internal/engines/subject_filter.go:765.28,767.20 1 30
github.com/Permify/permify/internal/engines/subject_filter.go:767.20,769.5 1 0
github.com/Permify/permify/internal/engines/subject_filter.go:771.4,771.32 1 30
github.com/Permify/permify/internal/engines/subject_filter.go:771.32,773.31 2 12
github.com/Permify/permify/internal/engines/subject_filter.go:773.31,774.56 1 12
github.com/Permify/permify/internal/engines/subject_filter.go:774.56,776.7 1 0
github.com/Permify/permify/internal/engines/subject_filter.go:778.5,778.13 1 12
github.com/Permify/permify/internal/engines/subject_filter.go:781.4,781.20 1 18
github.com/Permify/permify/internal/engines/subject_filter.go:781.20,784.5 2 15
github.com/Permify/permify/internal/engines/subject_filter.go:784.10,787.5 1 3
github.com/Permify/permify/internal/engines/subject_filter.go:788.21,789.89 1 0
github.com/Permify/permify/internal/engines/subject_filter.go:794.2,794.25 1 15
github.com/Permify/permify/internal/engines/subject_filter.go:794.25,795.26 1 12
github.com/Permify/permify/internal/engines/subject_filter.go:795.26,797.4 1 0
github.com/Permify/permify/internal/engines/subject_filter.go:800.3,801.32 2 12
github.com/Permify/permify/internal/engines/subject_filter.go:801.32,802.41 1 21
github.com/Permify/permify/internal/engines/subject_filter.go:802.41,804.5 1 21
github.com/Permify/permify/internal/engines/subject_filter.go:806.3,806.32 1 12
github.com/Permify/permify/internal/engines/subject_filter.go:810.2,810.23 1 3
github.com/Permify/permify/internal/engines/subject_filter.go:816.114,818.25 1 15
github.com/Permify/permify/internal/engines/subject_filter.go:818.25,820.3 1 0
github.com/Permify/permify/internal/engines/subject_filter.go:823.2,832.12 6 15
github.com/Permify/permify/internal/engines/subject_filter.go:832.12,841.3 3 15
github.com/Permify/permify/internal/engines/subject_filter.go:844.2,847.15 2 15
github.com/Permify/permify/internal/engines/subject_filter.go:847.15,853.3 5 15
github.com/Permify/permify/internal/engines/subject_filter.go:855.2,859.9 3 15
github.com/Permify/permify/internal/engines/subject_filter.go:860.34,862.22 1 15
github.com/Permify/permify/internal/engines/subject_filter.go:862.22,864.4 1 0
github.com/Permify/permify/internal/engines/subject_filter.go:866.3,866.22 1 15
github.com/Permify/permify/internal/engines/subject_filter.go:869.20,870.88 1 0
github.com/Permify/permify/internal/engines/subject_filter.go:873.2,877.40 3 15
github.com/Permify/permify/internal/engines/subject_filter.go:877.40,878.10 1 15
github.com/Permify/permify/internal/engines/subject_filter.go:879.28,881.20 1 15
github.com/Permify/permify/internal/engines/subject_filter.go:881.20,883.5 1 0
github.com/Permify/permify/internal/engines/subject_filter.go:885.4,885.32 1 15
github.com/Permify/permify/internal/engines/subject_filter.go:885.32,888.10 2 0
github.com/Permify/permify/internal/engines/subject_filter.go:891.4,891.36 1 15
github.com/Permify/permify/internal/engines/subject_filter.go:892.21,893.89 1 0
github.com/Permify/permify/internal/engines/subject_filter.go:898.2,898.30 1 15
github.com/Permify/permify/internal/engines/subject_filter.go:898.30,901.3 1 0
github.com/Permify/permify/internal/engines/subject_filter.go:904.2,904.31 1 15
github.com/Permify/permify/internal/engines/subject_filter.go:904.31,906.21 1 14
github.com/Permify/permify/internal/engines/subject_filter.go:906.21,910.4 2 9
github.com/Permify/permify/internal/engines/subject_filter.go:912.3,912.28 1 5
github.com/Permify/permify/internal/engines/subject_filter.go:916.2,916.29 1 1
github.com/Permify/permify/internal/engines/subject_filter.go:916.29,918.34 1 3
github.com/Permify/permify/internal/engines/subject_filter.go:918.34,920.4 1 2
github.com/Permify/permify/internal/engines/subject_filter.go:924.2,924.17 1 1
github.com/Permify/permify/internal/engines/subject_filter.go:930.141,939.53 3 238
github.com/Permify/permify/internal/engines/subject_filter.go:939.53,948.3 4 283
github.com/Permify/permify/internal/engines/subject_filter.go:951.2,952.12 2 238
github.com/Permify/permify/internal/engines/subject_filter.go:952.12,954.33 1 238
github.com/Permify/permify/internal/engines/subject_filter.go:954.33,956.11 2 283
github.com/Permify/permify/internal/engines/subject_filter.go:958.26,960.28 2 283
github.com/Permify/permify/internal/engines/subject_filter.go:962.22,963.14 1 0
github.com/Permify/permify/internal/engines/subject_filter.go:967.3,967.12 1 238
github.com/Permify/permify/internal/engines/subject_filter.go:971.2,971.16 1 238
github.com/Permify/permify/internal/engines/subject_filter.go:971.16,974.3 2 238
github.com/Permify/permify/internal/engines/subject_filter.go:980.57,981.53 1 0
github.com/Permify/permify/internal/engines/subject_filter.go:981.53,985.3 1 0
github.com/Permify/permify/internal/engines/subject_filter.go:991.36,993.2 1 8
github.com/Permify/permify/internal/engines/subject_filter.go:997.40,1002.22 3 3
github.com/Permify/permify/internal/engines/subject_filter.go:1002.22,1004.3 1 7
github.com/Permify/permify/internal/engines/subject_filter.go:1007.2,1007.22 1 3
github.com/Permify/permify/internal/engines/subject_filter.go:1007.22,1008.13 1 8
github.com/Permify/permify/internal/engines/subject_filter.go:1008.13,1010.4 1 7
github.com/Permify/permify/internal/engines/subject_filter.go:1013.2,1013.15 1 3
github.com/Permify/permify/internal/engines/subject_filter.go:1017.42,1018.25 1 298
github.com/Permify/permify/internal/engines/subject_filter.go:1018.25,1019.16 1 403
github.com/Permify/permify/internal/engines/subject_filter.go:1019.16,1021.4 1 63
github.com/Permify/permify/internal/engines/subject_filter.go:1023.2,1023.14 1 235
github.com/Permify/permify/internal/engines/subject_permission.go:23.132,32.27 2 4
github.com/Permify/permify/internal/engines/subject_permission.go:32.27,34.3 1 0
github.com/Permify/permify/internal/engines/subject_permission.go:36.2,36.15 1 4
github.com/Permify/permify/internal/engines/subject_permission.go:41.180,50.16 3 7
github.com/Permify/permify/internal/engines/subject_permission.go:50.16,53.3 1 0
github.com/Permify/permify/internal/engines/subject_permission.go:56.2,66.48 3 7
github.com/Permify/permify/internal/engines/subject_permission.go:66.48,68.3 1 3
github.com/Permify/permify/internal/engines/subject_permission.go:71.2,72.43 2 7
github.com/Permify/permify/internal/engines/subject_permission.go:72.43,73.34 1 43
github.com/Permify/permify/internal/engines/subject_permission.go:73.34,75.4 1 33
github.com/Permify/permify/internal/engines/subject_permission.go:78.2,78.20 1 7
github.com/Permify/permify/internal/engines/subject_permission.go:78.20,80.3 1 1
github.com/Permify/permify/internal/engines/subject_permission.go:84.2,91.25 4 6
github.com/Permify/permify/internal/engines/subject_permission.go:91.25,94.30 2 33
github.com/Permify/permify/internal/engines/subject_permission.go:94.30,113.18 3 33
github.com/Permify/permify/internal/engines/subject_permission.go:113.18,116.5 2 0
github.com/Permify/permify/internal/engines/subject_permission.go:119.4,119.96 1 33
github.com/Permify/permify/internal/engines/subject_permission.go:124.2,124.15 1 6
github.com/Permify/permify/internal/engines/subject_permission.go:124.15,127.3 2 6
github.com/Permify/permify/internal/engines/subject_permission.go:131.2,131.33 1 6
github.com/Permify/permify/internal/engines/subject_permission.go:131.33,132.10 1 33
github.com/Permify/permify/internal/engines/subject_permission.go:134.36,137.27 1 33
github.com/Permify/permify/internal/engines/subject_permission.go:137.27,139.5 1 0
github.com/Permify/permify/internal/engines/subject_permission.go:142.4,144.18 3 33
github.com/Permify/permify/internal/engines/subject_permission.go:147.21,148.78 1 0
[...]
github.com/Permify/permify/internal/storage/postgres/utils/pagination.go:37.16,39.3 1 0
github.com/Permify/permify/internal/storage/postgres/utils/pagination.go:40.2,42.8 1 1
github.com/Permify/permify/internal/storage/postgres/utils/pagination.go:46.49,48.2 1 1
github.com/Permify/permify/pkg/database/postgres/mock.go:14.49,17.2 2 1
github.com/Permify/permify/pkg/database/postgres/mock.go:19.40,22.2 2 2
github.com/Permify/permify/pkg/database/postgres/mock.go:24.69,27.2 2 2
github.com/Permify/permify/pkg/database/postgres/options.go:12.42,14.2 1 7
github.com/Permify/permify/pkg/database/postgres/options.go:17.38,18.27 1 8
github.com/Permify/permify/pkg/database/postgres/options.go:18.27,20.3 1 8
github.com/Permify/permify/pkg/database/postgres/options.go:26.39,27.27 1 6
github.com/Permify/permify/pkg/database/postgres/options.go:27.27,29.3 1 6
github.com/Permify/permify/pkg/database/postgres/options.go:34.35,35.27 1 1
github.com/Permify/permify/pkg/database/postgres/options.go:35.27,37.3 1 1
github.com/Permify/permify/pkg/database/postgres/options.go:44.39,45.27 1 1
github.com/Permify/permify/pkg/database/postgres/options.go:45.27,47.3 1 1
github.com/Permify/permify/pkg/database/postgres/options.go:51.52,52.27 1 5
github.com/Permify/permify/pkg/database/postgres/options.go:52.27,54.3 1 5
github.com/Permify/permify/pkg/database/postgres/options.go:58.52,59.27 1 5
github.com/Permify/permify/pkg/database/postgres/options.go:59.27,61.3 1 5
github.com/Permify/permify/pkg/database/postgres/options.go:65.48,66.27 1 1
github.com/Permify/permify/pkg/database/postgres/options.go:66.27,68.3 1 1
github.com/Permify/permify/pkg/database/postgres/options.go:72.58,73.27 1 1
github.com/Permify/permify/pkg/database/postgres/options.go:73.27,75.3 1 1
github.com/Permify/permify/pkg/database/postgres/options.go:79.45,80.27 1 1
github.com/Permify/permify/pkg/database/postgres/options.go:80.27,82.3 1 1
github.com/Permify/permify/pkg/database/postgres/options.go:85.36,86.27 1 1
github.com/Permify/permify/pkg/database/postgres/options.go:86.27,88.3 1 1
github.com/Permify/permify/pkg/database/postgres/options.go:91.36,92.27 1 1
github.com/Permify/permify/pkg/database/postgres/options.go:92.27,94.3 1 1
github.com/Permify/permify/pkg/database/postgres/options.go:97.31,98.27 1 1
github.com/Permify/permify/pkg/database/postgres/options.go:98.27,100.3 1 1
github.com/Permify/permify/pkg/database/postgres/pguint64.go:21.47,22.29 1 8
github.com/Permify/permify/pkg/database/postgres/pguint64.go:23.13,24.16 1 4
github.com/Permify/permify/pkg/database/postgres/pguint64.go:24.16,26.4 1 2
github.com/Permify/permify/pkg/database/postgres/pguint64.go:27.3,27.61 1 2
github.com/Permify/permify/pkg/database/postgres/pguint64.go:28.13,29.16 1 0
github.com/Permify/permify/pkg/database/postgres/pguint64.go:29.16,31.4 1 0
github.com/Permify/permify/pkg/database/postgres/pguint64.go:32.3,32.61 1 0
github.com/Permify/permify/pkg/database/postgres/pguint64.go:33.14,34.61 1 0
github.com/Permify/permify/pkg/database/postgres/pguint64.go:35.14,36.53 1 2
github.com/Permify/permify/pkg/database/postgres/pguint64.go:37.10,38.60 1 2
github.com/Permify/permify/pkg/database/postgres/pguint64.go:41.2,41.12 1 4
github.com/Permify/permify/pkg/database/postgres/pguint64.go:45.37,46.18 1 5
github.com/Permify/permify/pkg/database/postgres/pguint64.go:47.22,48.16 1 2
github.com/Permify/permify/pkg/database/postgres/pguint64.go:49.19,50.13 1 2
github.com/Permify/permify/pkg/database/postgres/pguint64.go:51.10,52.18 1 1
github.com/Permify/permify/pkg/database/postgres/pguint64.go:57.52,58.25 1 10
github.com/Permify/permify/pkg/database/postgres/pguint64.go:59.15,60.33 1 4
github.com/Permify/permify/pkg/database/postgres/pguint64.go:60.33,62.4 1 2
github.com/Permify/permify/pkg/database/postgres/pguint64.go:62.9,64.4 1 2
github.com/Permify/permify/pkg/database/postgres/pguint64.go:65.16,66.33 1 4
github.com/Permify/permify/pkg/database/postgres/pguint64.go:66.33,69.4 2 2
github.com/Permify/permify/pkg/database/postgres/pguint64.go:69.9,71.4 1 2
github.com/Permify/permify/pkg/database/postgres/pguint64.go:74.2,74.12 1 8
github.com/Permify/permify/pkg/database/postgres/pguint64.go:78.70,79.16 1 7
github.com/Permify/permify/pkg/database/postgres/pguint64.go:79.16,82.3 2 2
github.com/Permify/permify/pkg/database/postgres/pguint64.go:84.2,85.16 2 5
github.com/Permify/permify/pkg/database/postgres/pguint64.go:85.16,87.3 1 1
github.com/Permify/permify/pkg/database/postgres/pguint64.go:89.2,90.12 2 4
github.com/Permify/permify/pkg/database/postgres/pguint64.go:94.72,95.16 1 4
github.com/Permify/permify/pkg/database/postgres/pguint64.go:95.16,98.3 2 2
github.com/Permify/permify/pkg/database/postgres/pguint64.go:100.2,100.19 1 2
github.com/Permify/permify/pkg/database/postgres/pguint64.go:100.19,102.3 1 2
github.com/Permify/permify/pkg/database/postgres/pguint64.go:104.2,106.12 3 0
github.com/Permify/permify/pkg/database/postgres/pguint64.go:110.79,111.18 1 5
github.com/Permify/permify/pkg/database/postgres/pguint64.go:112.19,113.18 1 2
github.com/Permify/permify/pkg/database/postgres/pguint64.go:114.24,115.64 1 1
github.com/Permify/permify/pkg/database/postgres/pguint64.go:118.2,118.60 1 2
github.com/Permify/permify/pkg/database/postgres/pguint64.go:122.81,123.18 1 6
github.com/Permify/permify/pkg/database/postgres/pguint64.go:124.19,125.18 1 2
github.com/Permify/permify/pkg/database/postgres/pguint64.go:126.24,127.64 1 2
github.com/Permify/permify/pkg/database/postgres/pguint64.go:130.2,130.44 1 2
github.com/Permify/permify/pkg/database/postgres/pguint64.go:134.48,135.16 1 9
github.com/Permify/permify/pkg/database/postgres/pguint64.go:135.16,138.3 2 2
github.com/Permify/permify/pkg/database/postgres/pguint64.go:140.2,140.27 1 7
github.com/Permify/permify/pkg/database/postgres/pguint64.go:141.14,143.13 2 0
github.com/Permify/permify/pkg/database/postgres/pguint64.go:144.13,146.13 2 2
github.com/Permify/permify/pkg/database/postgres/pguint64.go:147.14,149.13 2 2
github.com/Permify/permify/pkg/database/postgres/pguint64.go:150.14,151.40 1 2
github.com/Permify/permify/pkg/database/postgres/pguint64.go:152.14,155.36 3 0
github.com/Permify/permify/pkg/database/postgres/pguint64.go:158.2,158.42 1 1
github.com/Permify/permify/pkg/database/postgres/pguint64.go:162.49,163.18 1 5
github.com/Permify/permify/pkg/database/postgres/pguint64.go:164.22,165.28 1 2
github.com/Permify/permify/pkg/database/postgres/pguint64.go:166.19,167.18 1 2
github.com/Permify/permify/pkg/database/postgres/pguint64.go:168.10,169.64 1 1
github.com/Permify/permify/pkg/database/postgres/postgres.go:55.57,57.2 1 7
github.com/Permify/permify/pkg/database/postgres/postgres.go:60.90,62.2 1 3
github.com/Permify/permify/pkg/database/postgres/postgres.go:65.76,80.27 2 10
github.com/Permify/permify/pkg/database/postgres/postgres.go:80.27,82.3 1 20
github.com/Permify/permify/pkg/database/postgres/postgres.go:84.2,87.16 3 10
github.com/Permify/permify/pkg/database/postgres/postgres.go:87.16,89.3 1 2
github.com/Permify/permify/pkg/database/postgres/postgres.go:91.2,92.16 2 8
github.com/Permify/permify/pkg/database/postgres/postgres.go:92.16,94.3 1 1
github.com/Permify/permify/pkg/database/postgres/postgres.go:97.2,107.48 6 7
github.com/Permify/permify/pkg/database/postgres/postgres.go:107.48,109.3 1 5
github.com/Permify/permify/pkg/database/postgres/postgres.go:110.2,110.18 1 7
github.com/Permify/permify/pkg/database/postgres/postgres.go:110.18,113.3 2 5
github.com/Permify/permify/pkg/database/postgres/postgres.go:117.2,117.31 1 7
github.com/Permify/permify/pkg/database/postgres/postgres.go:117.31,120.3 2 7
github.com/Permify/permify/pkg/database/postgres/postgres.go:125.2,125.27 1 7
github.com/Permify/permify/pkg/database/postgres/postgres.go:125.27,128.3 2 5
github.com/Permify/permify/pkg/database/postgres/postgres.go:131.2,139.40 5 7
github.com/Permify/permify/pkg/database/postgres/postgres.go:139.40,142.3 2 0
github.com/Permify/permify/pkg/database/postgres/postgres.go:142.8,146.3 2 7
github.com/Permify/permify/pkg/database/postgres/postgres.go:149.2,149.30 1 7
github.com/Permify/permify/pkg/database/postgres/postgres.go:149.30,152.3 2 0
github.com/Permify/permify/pkg/database/postgres/postgres.go:155.2,155.27 1 7
github.com/Permify/permify/pkg/database/postgres/postgres.go:155.27,158.3 2 0
github.com/Permify/permify/pkg/database/postgres/postgres.go:160.2,170.16 4 7
github.com/Permify/permify/pkg/database/postgres/postgres.go:170.16,172.3 1 2
github.com/Permify/permify/pkg/database/postgres/postgres.go:174.2,174.16 1 5
github.com/Permify/permify/pkg/database/postgres/postgres.go:177.45,179.2 1 1
github.com/Permify/permify/pkg/database/postgres/postgres.go:181.40,183.2 1 1
github.com/Permify/permify/pkg/database/postgres/postgres.go:185.45,187.2 1 1
github.com/Permify/permify/pkg/database/postgres/postgres.go:190.43,192.2 1 1
github.com/Permify/permify/pkg/database/postgres/postgres.go:195.34,199.2 3 6
github.com/Permify/permify/pkg/database/postgres/postgres.go:202.63,205.45 3 2
github.com/Permify/permify/pkg/database/postgres/postgres.go:205.45,207.3 1 0
github.com/Permify/permify/pkg/database/postgres/postgres.go:208.2,208.18 1 1
github.com/Permify/permify/pkg/database/postgres/postgres.go:219.54,224.34 2 14
github.com/Permify/permify/pkg/database/postgres/postgres.go:224.34,225.76 1 70
github.com/Permify/permify/pkg/database/postgres/postgres.go:225.76,229.4 3 0
github.com/Permify/permify/pkg/database/postgres/postgres.go:233.2,234.72 2 14
github.com/Permify/permify/pkg/database/postgres/postgres.go:243.47,252.41 4 14
github.com/Permify/permify/pkg/database/postgres/postgres.go:252.41,253.56 1 42
github.com/Permify/permify/pkg/database/postgres/postgres.go:253.56,254.24 1 0
github.com/Permify/permify/pkg/database/postgres/postgres.go:254.24,258.5 3 0
github.com/Permify/permify/pkg/database/postgres/postgres.go:259.4,261.9 3 0
github.com/Permify/permify/pkg/database/postgres/postgres.go:266.2,267.34 2 14
github.com/Permify/permify/pkg/database/postgres/postgres.go:267.34,269.3 1 14
github.com/Permify/permify/pkg/database/postgres/postgres.go:273.111,280.16 4 7
github.com/Permify/permify/pkg/database/postgres/postgres.go:280.16,282.3 1 0
github.com/Permify/permify/pkg/database/postgres/postgres.go:285.2,286.16 2 7
github.com/Permify/permify/pkg/database/postgres/postgres.go:286.16,289.3 2 0
github.com/Permify/permify/pkg/database/postgres/postgres.go:292.2,296.35 3 7
github.com/Permify/permify/pkg/database/postgres/postgres.go:296.35,300.49 3 27
github.com/Permify/permify/pkg/database/postgres/postgres.go:300.49,302.4 1 22
github.com/Permify/permify/pkg/database/postgres/postgres.go:303.3,303.48 1 5
github.com/Permify/permify/pkg/database/postgres/postgres.go:303.48,305.4 1 0
github.com/Permify/permify/pkg/database/postgres/postgres.go:306.3,306.13 1 5
github.com/Permify/permify/pkg/database/postgres/postgres.go:309.2,309.16 1 7
github.com/Permify/permify/pkg/database/postgres/postgres.go:309.16,313.3 3 2
github.com/Permify/permify/pkg/database/postgres/postgres.go:315.2,315.33 1 5
github.com/Permify/permify/pkg/database/postgres/repair.go:26.42,34.2 1 1
github.com/Permify/permify/pkg/database/postgres/repair.go:45.93,46.19 1 4
github.com/Permify/permify/pkg/database/postgres/repair.go:46.19,48.3 1 0
github.com/Permify/permify/pkg/database/postgres/repair.go:51.2,51.27 1 4
github.com/Permify/permify/pkg/database/postgres/repair.go:51.27,54.3 2 0
github.com/Permify/permify/pkg/database/postgres/repair.go:56.2,66.16 4 4
github.com/Permify/permify/pkg/database/postgres/repair.go:66.16,68.3 1 0
github.com/Permify/permify/pkg/database/postgres/repair.go:70.2,70.20 1 4
github.com/Permify/permify/pkg/database/postgres/repair.go:70.20,72.3 1 4
github.com/Permify/permify/pkg/database/postgres/repair.go:75.2,76.16 2 4
github.com/Permify/permify/pkg/database/postgres/repair.go:76.16,79.3 2 2
github.com/Permify/permify/pkg/database/postgres/repair.go:81.2,81.20 1 2
github.com/Permify/permify/pkg/database/postgres/repair.go:81.20,83.3 1 2
github.com/Permify/permify/pkg/database/postgres/repair.go:86.2,86.35 1 2
github.com/Permify/permify/pkg/database/postgres/repair.go:86.35,89.20 2 2
github.com/Permify/permify/pkg/database/postgres/repair.go:89.20,94.4 2 1
github.com/Permify/permify/pkg/database/postgres/repair.go:94.9,95.80 1 1
github.com/Permify/permify/pkg/database/postgres/repair.go:95.80,97.5 1 0
github.com/Permify/permify/pkg/database/postgres/repair.go:97.10,99.5 1 1
github.com/Permify/permify/pkg/database/postgres/repair.go:101.8,103.3 1 0
github.com/Permify/permify/pkg/database/postgres/repair.go:105.2,109.20 2 2
github.com/Permify/permify/pkg/database/postgres/repair.go:113.78,116.65 3 10
github.com/Permify/permify/pkg/database/postgres/repair.go:116.65,118.3 1 0
github.com/Permify/permify/pkg/database/postgres/repair.go:119.2,119.23 1 10
github.com/Permify/permify/pkg/database/postgres/repair.go:123.77,126.65 3 7
github.com/Permify/permify/pkg/database/postgres/repair.go:126.65,128.3 1 3
github.com/Permify/permify/pkg/database/postgres/repair.go:129.2,129.23 1 4
github.com/Permify/permify/pkg/database/postgres/repair.go:133.112,134.23 1 1
github.com/Permify/permify/pkg/database/postgres/repair.go:134.23,136.3 1 0
github.com/Permify/permify/pkg/database/postgres/repair.go:137.2,140.20 3 1
github.com/Permify/permify/pkg/database/postgres/repair.go:140.20,142.3 1 0
github.com/Permify/permify/pkg/database/postgres/repair.go:144.2,145.16 2 1
github.com/Permify/permify/pkg/database/postgres/repair.go:145.16,147.3 1 0
github.com/Permify/permify/pkg/database/postgres/repair.go:148.2,151.20 3 1
github.com/Permify/permify/pkg/database/postgres/repair.go:151.20,152.35 1 13
github.com/Permify/permify/pkg/database/postgres/repair.go:152.35,154.4 1 0
github.com/Permify/permify/pkg/database/postgres/repair.go:155.3,157.37 2 13
github.com/Permify/permify/pkg/database/postgres/repair.go:157.37,158.36 1 1270
github.com/Permify/permify/pkg/database/postgres/repair.go:158.36,160.5 1 0
github.com/Permify/permify/pkg/database/postgres/repair.go:161.4,162.18 2 1270
github.com/Permify/permify/pkg/database/postgres/repair.go:162.18,164.5 1 0
github.com/Permify/permify/pkg/database/postgres/repair.go:165.4,165.73 1 1270
github.com/Permify/permify/pkg/database/postgres/repair.go:165.73,168.5 2 0
github.com/Permify/permify/pkg/database/postgres/repair.go:170.4,170.43 1 1270
github.com/Permify/permify/pkg/database/postgres/repair.go:170.43,172.5 1 0
github.com/Permify/permify/pkg/database/postgres/repair.go:175.3,176.21 2 13
github.com/Permify/permify/pkg/database/postgres/repair.go:176.21,180.4 1 13
github.com/Permify/permify/pkg/database/postgres/repair.go:182.2,183.12 2 1
github.com/Permify/permify/pkg/database/postgres/xid8.go:13.43,15.2 1 4
github.com/Permify/permify/pkg/database/postgres/xid8.go:18.33,20.2 1 2
github.com/Permify/permify/pkg/database/postgres/xid8.go:23.48,25.2 1 5
github.com/Permify/permify/pkg/database/postgres/xid8.go:28.66,30.2 1 2
github.com/Permify/permify/pkg/database/postgres/xid8.go:33.68,35.2 1 2
github.com/Permify/permify/pkg/database/postgres/xid8.go:38.75,40.2 1 2
github.com/Permify/permify/pkg/database/postgres/xid8.go:43.77,45.2 1 3
github.com/Permify/permify/pkg/database/postgres/xid8.go:48.44,50.2 1 4
github.com/Permify/permify/pkg/database/postgres/xid8.go:53.45,55.2 1 2
github.com/Permify/permify/internal/storage/postgres/gc/gc.go:31.49,40.27 2 36
github.com/Permify/permify/internal/storage/postgres/gc/gc.go:40.27,42.3 1 52
github.com/Permify/permify/internal/storage/postgres/gc/gc.go:44.2,44.11 1 36
github.com/Permify/permify/internal/storage/postgres/gc/gc.go:48.48,52.6 3 1
github.com/Permify/permify/internal/storage/postgres/gc/gc.go:52.6,53.10 1 1
github.com/Permify/permify/internal/storage/postgres/gc/gc.go:54.19,55.35 1 0
github.com/Permify/permify/internal/storage/postgres/gc/gc.go:55.35,57.13 2 0
github.com/Permify/permify/internal/storage/postgres/gc/gc.go:58.10,60.5 1 0
github.com/Permify/permify/internal/storage/postgres/gc/gc.go:61.21,62.20 1 1
github.com/Permify/permify/internal/storage/postgres/gc/gc.go:68.27,75.16 5 13
github.com/Permify/permify/internal/storage/postgres/gc/gc.go:75.16,78.3 2 2
github.com/Permify/permify/internal/storage/postgres/gc/gc.go:81.2,85.16 3 11
github.com/Permify/permify/internal/storage/postgres/gc/gc.go:85.16,88.3 2 0
github.com/Permify/permify/internal/storage/postgres/gc/gc.go:91.2,91.35 1 11
github.com/Permify/permify/internal/storage/postgres/gc/gc.go:91.35,92.68 1 24
github.com/Permify/permify/internal/storage/postgres/gc/gc.go:92.68,95.12 2 0
github.com/Permify/permify/internal/storage/postgres/gc/gc.go:99.2,99.12 1 11
github.com/Permify/permify/internal/storage/postgres/gc/gc.go:103.68,110.16 3 11
github.com/Permify/permify/internal/storage/postgres/gc/gc.go:110.16,112.3 1 0
github.com/Permify/permify/internal/storage/postgres/gc/gc.go:114.2,115.16 2 11
github.com/Permify/permify/internal/storage/postgres/gc/gc.go:115.16,117.3 1 0
github.com/Permify/permify/internal/storage/postgres/gc/gc.go:118.2,121.18 3 11
github.com/Permify/permify/internal/storage/postgres/gc/gc.go:121.18,123.46 2 24
github.com/Permify/permify/internal/storage/postgres/gc/gc.go:123.46,125.4 1 0
github.com/Permify/permify/internal/storage/postgres/gc/gc.go:126.3,126.38 1 24
github.com/Permify/permify/internal/storage/postgres/gc/gc.go:129.2,129.34 1 11
github.com/Permify/permify/internal/storage/postgres/gc/gc.go:129.34,131.3 1 0
github.com/Permify/permify/internal/storage/postgres/gc/gc.go:133.2,133.21 1 11
github.com/Permify/permify/internal/storage/postgres/gc/gc.go:137.94,140.16 2 24
github.com/Permify/permify/internal/storage/postgres/gc/gc.go:140.16,143.3 2 0
github.com/Permify/permify/internal/storage/postgres/gc/gc.go:145.2,145.28 1 24
github.com/Permify/permify/internal/storage/postgres/gc/gc.go:145.28,148.3 1 18
github.com/Permify/permify/internal/storage/postgres/gc/gc.go:151.2,151.114 1 6
github.com/Permify/permify/internal/storage/postgres/gc/gc.go:151.114,154.3 2 0
github.com/Permify/permify/internal/storage/postgres/gc/gc.go:155.2,155.110 1 6
github.com/Permify/permify/internal/storage/postgres/gc/gc.go:155.110,158.3 2 0
github.com/Permify/permify/internal/storage/postgres/gc/gc.go:159.2,159.89 1 6
github.com/Permify/permify/internal/storage/postgres/gc/gc.go:159.89,162.3 2 0
github.com/Permify/permify/internal/storage/postgres/gc/gc.go:164.2,165.12 2 6
github.com/Permify/permify/internal/storage/postgres/gc/gc.go:169.117,179.17 3 24
github.com/Permify/permify/internal/storage/postgres/gc/gc.go:179.17,181.3 1 0
github.com/Permify/permify/internal/storage/postgres/gc/gc.go:183.2,186.16 4 24
github.com/Permify/permify/internal/storage/postgres/gc/gc.go:186.16,187.36 1 18
github.com/Permify/permify/internal/storage/postgres/gc/gc.go:187.36,189.4 1 18
github.com/Permify/permify/internal/storage/postgres/gc/gc.go:190.3,190.16 1 0
github.com/Permify/permify/internal/storage/postgres/gc/gc.go:193.2,193.31 1 6
github.com/Permify/permify/internal/storage/postgres/gc/gc.go:197.115,200.16 3 12
github.com/Permify/permify/internal/storage/postgres/gc/gc.go:200.16,202.3 1 0
github.com/Permify/permify/internal/storage/postgres/gc/gc.go:204.2,205.12 2 12
github.com/Permify/permify/internal/storage/postgres/gc/gc.go:209.113,224.16 6 6
github.com/Permify/permify/internal/storage/postgres/gc/gc.go:224.16,226.3 1 0
github.com/Permify/permify/internal/storage/postgres/gc/gc.go:229.2,230.12 2 6
github.com/Permify/permify/internal/storage/postgres/gc/options.go:11.39,12.22 1 16
github.com/Permify/permify/internal/storage/postgres/gc/options.go:12.22,14.3 1 17
github.com/Permify/permify/internal/storage/postgres/gc/options.go:18.37,19.22 1 27
github.com/Permify/permify/internal/storage/postgres/gc/options.go:19.22,21.3 1 27
github.com/Permify/permify/internal/storage/postgres/gc/options.go:25.38,26.22 1 11
github.com/Permify/permify/internal/storage/postgres/gc/options.go:26.22,28.3 1 11
